Script started on Thu 23 Aug 2007 12:30:53 PM EDT
syosi@YOSI:~/SWAP/test/sparql$ python dawg_tr[Kester.py -o dawg_results.n3 
1 syntax-basic-01	syntax-basic-01.rq	None	http://www.w3.org/2001/sw/DataAccess/tests/data-r2/syntax-sparql1/syntax-basic-01.rq	Positive
			result	pass
2 syntax-basic-02	syntax-basic-02.rq	None	http://www.w3.org/2001/sw/DataAccess/tests/data-r2/syntax-sparql1/syntax-basic-02.rq	Positive
			result	pass
3 syntax-basic-03	syntax-basic-03.rq	None	http://www.w3.org/2001/sw/DataAccess/tests/data-r2/syntax-sparql1/syntax-basic-03.rq	Positive
			result	pass
4 syntax-basic-04	syntax-basic-04.rq	None	http://www.w3.org/2001/sw/DataAccess/tests/data-r2/syntax-sparql1/syntax-basic-04.rq	Positive
			result	pass
5 syntax-basic-05	syntax-basic-05.rq	None	http://www.w3.org/2001/sw/DataAccess/tests/data-r2/syntax-sparql1/syntax-basic-05.rq	Positive
			result	pass
6 syntax-basic-06	syntax-basic-06.rq	None	http://www.w3.org/2001/sw/DataAccess/tests/data-r2/syntax-sparql1/syntax-basic-06.rq	Positive
			result	pass
7 syntax-qname-01	syntax-qname-01.rq	None	http://www.w3.org/2001/sw/DataAccess/tests/data-r2/syntax-sparql1/syntax-qname-01.rq	Positive
			result	pass
8 syntax-qname-02	syntax-qname-02.rq	None	http://www.w3.org/2001/sw/DataAccess/tests/data-r2/syntax-sparql1/syntax-qname-02.rq	Positive
			result	pass
9 syntax-qname-03	syntax-qname-03.rq	None	http://www.w3.org/2001/sw/DataAccess/tests/data-r2/syntax-sparql1/syntax-qname-03.rq	Positive
			result	pass
10 syntax-qname-04	syntax-qname-04.rq	None	http://www.w3.org/2001/sw/DataAccess/tests/data-r2/syntax-sparql1/syntax-qname-04.rq	Positive
			result	pass
11 syntax-qname-05	syntax-qname-05.rq	None	http://www.w3.org/2001/sw/DataAccess/tests/data-r2/syntax-sparql1/syntax-qname-05.rq	Positive
			result	pass
12 syntax-qname-06	syntax-qname-06.rq	None	http://www.w3.org/2001/sw/DataAccess/tests/data-r2/syntax-sparql1/syntax-qname-06.rq	Positive
			result	pass
13 syntax-qname-07	syntax-qname-07.rq	None	http://www.w3.org/2001/sw/DataAccess/tests/data-r2/syntax-sparql1/syntax-qname-07.rq	Positive
			result	pass
14 syntax-qname-08	syntax-qname-08.rq	None	http://www.w3.org/2001/sw/DataAccess/tests/data-r2/syntax-sparql1/syntax-qname-08.rq	Positive
			result	pass
15 syntax-lit-01	syntax-lit-01.rq	None	http://www.w3.org/2001/sw/DataAccess/tests/data-r2/syntax-sparql1/syntax-lit-01.rq	Positive
			result	pass
16 syntax-lit-02	syntax-lit-02.rq	None	http://www.w3.org/2001/sw/DataAccess/tests/data-r2/syntax-sparql1/syntax-lit-02.rq	Positive
			result	pass
17 syntax-lit-03	syntax-lit-03.rq	None	http://www.w3.org/2001/sw/DataAccess/tests/data-r2/syntax-sparql1/syntax-lit-03.rq	Positive
			result	pass
18 syntax-lit-04	syntax-lit-04.rq	None	http://www.w3.org/2001/sw/DataAccess/tests/data-r2/syntax-sparql1/syntax-lit-04.rq	Positive
			result	pass
19 syntax-lit-05	syntax-lit-05.rq	None	http://www.w3.org/2001/sw/DataAccess/tests/data-r2/syntax-sparql1/syntax-lit-05.rq	Positive
			result	pass
20 syntax-lit-06	syntax-lit-06.rq	None	http://www.w3.org/2001/sw/DataAccess/tests/data-r2/syntax-sparql1/syntax-lit-06.rq	Positive
			result	pass
21 syntax-lit-07	syntax-lit-07.rq	None	http://www.w3.org/2001/sw/DataAccess/tests/data-r2/syntax-sparql1/syntax-lit-07.rq	Positive
			result	pass
22 syntax-lit-08	syntax-lit-08.rq	None	http://www.w3.org/2001/sw/DataAccess/tests/data-r2/syntax-sparql1/syntax-lit-08.rq	Positive
			result	pass
23 syntax-lit-09	syntax-lit-09.rq	None	http://www.w3.org/2001/sw/DataAccess/tests/data-r2/syntax-sparql1/syntax-lit-09.rq	Positive
			result	pass
24 syntax-lit-10	syntax-lit-10.rq	None	http://www.w3.org/2001/sw/DataAccess/tests/data-r2/syntax-sparql1/syntax-lit-10.rq	Positive
			result	pass
25 syntax-lit-11	syntax-lit-11.rq	None	http://www.w3.org/2001/sw/DataAccess/tests/data-r2/syntax-sparql1/syntax-lit-11.rq	Positive
			result	pass
26 syntax-lit-12	syntax-lit-12.rq	None	http://www.w3.org/2001/sw/DataAccess/tests/data-r2/syntax-sparql1/syntax-lit-12.rq	Positive
			result	pass
27 syntax-lit-13	syntax-lit-13.rq	None	http://www.w3.org/2001/sw/DataAccess/tests/data-r2/syntax-sparql1/syntax-lit-13.rq	Positive
			result	pass
28 syntax-lit-14	syntax-lit-14.rq	None	http://www.w3.org/2001/sw/DataAccess/tests/data-r2/syntax-sparql1/syntax-lit-14.rq	Positive
			result	pass
29 syntax-lit-15	syntax-lit-15.rq	None	http://www.w3.org/2001/sw/DataAccess/tests/data-r2/syntax-sparql1/syntax-lit-15.rq	Positive
			result	pass
30 syntax-lit-16	syntax-lit-16.rq	None	http://www.w3.org/2001/sw/DataAccess/tests/data-r2/syntax-sparql1/syntax-lit-16.rq	Positive
			result	pass
31 syntax-lit-17	syntax-lit-17.rq	None	http://www.w3.org/2001/sw/DataAccess/tests/data-r2/syntax-sparql1/syntax-lit-17.rq	Positive
			result	pass
32 syntax-lit-18	syntax-lit-18.rq	None	http://www.w3.org/2001/sw/DataAccess/tests/data-r2/syntax-sparql1/syntax-lit-18.rq	Positive
			result	pass
33 syntax-lit-19	syntax-lit-19.rq	None	http://www.w3.org/2001/sw/DataAccess/tests/data-r2/syntax-sparql1/syntax-lit-19.rq	Positive
			result	pass
34 syntax-lit-20	syntax-lit-20.rq	None	http://www.w3.org/2001/sw/DataAccess/tests/data-r2/syntax-sparql1/syntax-lit-20.rq	Positive
			result	pass
35 syntax-struct-01	syntax-struct-01.rq	None	http://www.w3.org/2001/sw/DataAccess/tests/data-r2/syntax-sparql1/syntax-struct-01.rq	Positive
			result	pass
36 syntax-struct-02	syntax-struct-02.rq	None	http://www.w3.org/2001/sw/DataAccess/tests/data-r2/syntax-sparql1/syntax-struct-02.rq	Positive
			result	pass
37 syntax-struct-03	syntax-struct-03.rq	None	http://www.w3.org/2001/sw/DataAccess/tests/data-r2/syntax-sparql1/syntax-struct-03.rq	Positive
			result	pass
38 syntax-struct-05	syntax-struct-05.rq	None	http://www.w3.org/2001/sw/DataAccess/tests/data-r2/syntax-sparql1/syntax-struct-05.rq	Positive
			result	pass
39 syntax-struct-06	syntax-struct-06.rq	None	http://www.w3.org/2001/sw/DataAccess/tests/data-r2/syntax-sparql1/syntax-struct-06.rq	Positive
			result	pass
40 syntax-struct-07	syntax-struct-07.rq	None	http://www.w3.org/2001/sw/DataAccess/tests/data-r2/syntax-sparql1/syntax-struct-07.rq	Positive
			result	pass
41 syntax-struct-08	syntax-struct-08.rq	None	http://www.w3.org/2001/sw/DataAccess/tests/data-r2/syntax-sparql1/syntax-struct-08.rq	Positive
			result	pass
42 syntax-struct-09	syntax-struct-09.rq	None	http://www.w3.org/2001/sw/DataAccess/tests/data-r2/syntax-sparql1/syntax-struct-09.rq	Positive
			result	pass
43 syntax-struct-10	syntax-struct-10.rq	None	http://www.w3.org/2001/sw/DataAccess/tests/data-r2/syntax-sparql1/syntax-struct-10.rq	Positive
			result	pass
44 syntax-struct-11	syntax-struct-11.rq	None	http://www.w3.org/2001/sw/DataAccess/tests/data-r2/syntax-sparql1/syntax-struct-11.rq	Positive
			result	pass
45 syntax-struct-12	syntax-struct-12.rq	None	http://www.w3.org/2001/sw/DataAccess/tests/data-r2/syntax-sparql1/syntax-struct-12.rq	Positive
			result	pass
46 syntax-struct-13	syntax-struct-13.rq	None	http://www.w3.org/2001/sw/DataAccess/tests/data-r2/syntax-sparql1/syntax-struct-13.rq	Positive
			result	pass
47 syntax-struct-14	syntax-struct-14.rq	None	http://www.w3.org/2001/sw/DataAccess/tests/data-r2/syntax-sparql1/syntax-struct-14.rq	Positive
			result	pass
48 syntax-lists-01	syntax-lists-01.rq	None	http://www.w3.org/2001/sw/DataAccess/tests/data-r2/syntax-sparql1/syntax-lists-01.rq	Positive
			result	pass
49 syntax-lists-02	syntax-lists-02.rq	None	http://www.w3.org/2001/sw/DataAccess/tests/data-r2/syntax-sparql1/syntax-lists-02.rq	Positive
			result	pass
50 syntax-lists-03	syntax-lists-03.rq	None	http://www.w3.org/2001/sw/DataAccess/tests/data-r2/syntax-sparql1/syntax-lists-03.rq	Positive
			result	pass
51 syntax-lists-04	syntax-lists-04.rq	None	http://www.w3.org/2001/sw/DataAccess/tests/data-r2/syntax-sparql1/syntax-lists-04.rq	Positive
			result	pass
52 syntax-lists-05	syntax-lists-05.rq	None	http://www.w3.org/2001/sw/DataAccess/tests/data-r2/syntax-sparql1/syntax-lists-05.rq	Positive
			result	pass
53 syntax-bnodes-01	syntax-bnodes-01.rq	None	http://www.w3.org/2001/sw/DataAccess/tests/data-r2/syntax-sparql1/syntax-bnodes-01.rq	Positive
			result	pass
54 syntax-bnodes-02	syntax-bnodes-02.rq	None	http://www.w3.org/2001/sw/DataAccess/tests/data-r2/syntax-sparql1/syntax-bnodes-02.rq	Positive
			result	pass
55 syntax-bnodes-03	syntax-bnodes-03.rq	None	http://www.w3.org/2001/sw/DataAccess/tests/data-r2/syntax-sparql1/syntax-bnodes-03.rq	Positive
			result	pass
56 syntax-bnodes-04	syntax-bnodes-04.rq	None	http://www.w3.org/2001/sw/DataAccess/tests/data-r2/syntax-sparql1/syntax-bnodes-04.rq	Positive
			result	pass
57 syntax-bnodes-05	syntax-bnodes-05.rq	None	http://www.w3.org/2001/sw/DataAccess/tests/data-r2/syntax-sparql1/syntax-bnodes-05.rq	Positive
			result	pass
58 syntax-forms-01	syntax-forms-01.rq	None	http://www.w3.org/2001/sw/DataAccess/tests/data-r2/syntax-sparql1/syntax-forms-01.rq	Positive
			result	pass
59 syntax-forms-02	syntax-forms-02.rq	None	http://www.w3.org/2001/sw/DataAccess/tests/data-r2/syntax-sparql1/syntax-forms-02.rq	Positive
			result	pass
60 syntax-union-01	syntax-union-01.rq	None	http://www.w3.org/2001/sw/DataAccess/tests/data-r2/syntax-sparql1/syntax-union-01.rq	Positive
			result	pass
61 syntax-union-02	syntax-union-02.rq	None	http://www.w3.org/2001/sw/DataAccess/tests/data-r2/syntax-sparql1/syntax-union-02.rq	Positive
			result	pass
62 syntax-expr-01	syntax-expr-01.rq	None	http://www.w3.org/2001/sw/DataAccess/tests/data-r2/syntax-sparql1/syntax-expr-01.rq	Positive
			result	pass
63 syntax-expr-02	syntax-expr-02.rq	None	http://www.w3.org/2001/sw/DataAccess/tests/data-r2/syntax-sparql1/syntax-expr-02.rq	Positive
			result	pass
64 syntax-expr-03	syntax-expr-03.rq	None	http://www.w3.org/2001/sw/DataAccess/tests/data-r2/syntax-sparql1/syntax-expr-03.rq	Positive
			result	fail
65 syntax-expr-04	syntax-expr-04.rq	None	http://www.w3.org/2001/sw/DataAccess/tests/data-r2/syntax-sparql1/syntax-expr-04.rq	Positive
			result	pass
66 syntax-expr-05	syntax-expr-05.rq	None	http://www.w3.org/2001/sw/DataAccess/tests/data-r2/syntax-sparql1/syntax-expr-05.rq	Positive
			result	fail
67 syntax-order-01	syntax-order-01.rq	None	http://www.w3.org/2001/sw/DataAccess/tests/data-r2/syntax-sparql1/syntax-order-01.rq	Positive
			result	fail
68 syntax-order-02	syntax-order-02.rq	None	http://www.w3.org/2001/sw/DataAccess/tests/data-r2/syntax-sparql1/syntax-order-02.rq	Positive
			result	fail
69 syntax-order-03	syntax-order-03.rq	None	http://www.w3.org/2001/sw/DataAccess/tests/data-r2/syntax-sparql1/syntax-order-03.rq	Positive
			result	fail
70 syntax-order-04	syntax-order-04.rq	None	http://www.w3.org/2001/sw/DataAccess/tests/data-r2/syntax-sparql1/syntax-order-04.rq	Positive
			result	fail
71 syntax-order-05	syntax-order-05.rq	None	http://www.w3.org/2001/sw/DataAccess/tests/data-r2/syntax-sparql1/syntax-order-05.rq	Positive
			result	fail
72 syntax-order-06	syntax-order-06.rq	None	http://www.w3.org/2001/sw/DataAccess/tests/data-r2/syntax-sparql1/syntax-order-06.rq	Positive
			result	fail
73 syntax-order-07	syntax-order-07.rq	None	http://www.w3.org/2001/sw/DataAccess/tests/data-r2/syntax-sparql1/syntax-order-07.rq	Positive
			result	fail
74 syntax-limit-offset-01	syntax-limit-offset-01.rq	None	http://www.w3.org/2001/sw/DataAccess/tests/data-r2/syntax-sparql1/syntax-limit-offset-01.rq	Positive
			result	fail
75 syntax-limit-offset-02	syntax-limit-offset-02.rq	None	http://www.w3.org/2001/sw/DataAccess/tests/data-r2/syntax-sparql1/syntax-limit-offset-02.rq	Positive
			result	fail
76 syntax-limit-offset-03	syntax-limit-offset-03.rq	None	http://www.w3.org/2001/sw/DataAccess/tests/data-r2/syntax-sparql1/syntax-limit-offset-03.rq	Positive
			result	fail
77 syntax-limit-offset-04	syntax-limit-offset-04.rq	None	http://www.w3.org/2001/sw/DataAccess/tests/data-r2/syntax-sparql1/syntax-limit-offset-04.rq	Positive
			result	fail
78 syntax-pat-01	syntax-pat-01.rq	None	http://www.w3.org/2001/sw/DataAccess/tests/data-r2/syntax-sparql1/syntax-pat-01.rq	Positive
			result	pass
79 syntax-pat-02	syntax-pat-02.rq	None	http://www.w3.org/2001/sw/DataAccess/tests/data-r2/syntax-sparql1/syntax-pat-02.rq	Positive
			result	pass
80 syntax-pat-03	syntax-pat-03.rq	None	http://www.w3.org/2001/sw/DataAccess/tests/data-r2/syntax-sparql1/syntax-pat-03.rq	Positive
			result	pass
81 syntax-pat-04	syntax-pat-04.rq	None	http://www.w3.org/2001/sw/DataAccess/tests/data-r2/syntax-sparql1/syntax-pat-04.rq	Positive
			result	pass
82 syntax-general-01	syntax-general-01.rq	None	http://www.w3.org/2001/sw/DataAccess/tests/data-r2/syntax-sparql2/syntax-general-01.rq	Positive
			result	pass
83 syntax-general-02	syntax-general-02.rq	None	http://www.w3.org/2001/sw/DataAccess/tests/data-r2/syntax-sparql2/syntax-general-02.rq	Positive
			result	pass
84 syntax-general-03	syntax-general-03.rq	None	http://www.w3.org/2001/sw/DataAccess/tests/data-r2/syntax-sparql2/syntax-general-03.rq	Positive
			result	pass
85 syntax-general-04	syntax-general-04.rq	None	http://www.w3.org/2001/sw/DataAccess/tests/data-r2/syntax-sparql2/syntax-general-04.rq	Positive
			result	fail
86 syntax-general-05	syntax-general-05.rq	None	http://www.w3.org/2001/sw/DataAccess/tests/data-r2/syntax-sparql2/syntax-general-05.rq	Positive
			result	fail
87 syntax-general-06	syntax-general-06.rq	None	http://www.w3.org/2001/sw/DataAccess/tests/data-r2/syntax-sparql2/syntax-general-06.rq	Positive
			result	pass
88 syntax-general-07	syntax-general-07.rq	None	http://www.w3.org/2001/sw/DataAccess/tests/data-r2/syntax-sparql2/syntax-general-07.rq	Positive
			result	fail
89 syntax-general-08	syntax-general-08.rq	None	http://www.w3.org/2001/sw/DataAccess/tests/data-r2/syntax-sparql2/syntax-general-08.rq	Positive
			result	fail
90 syntax-general-09	syntax-general-09.rq	None	http://www.w3.org/2001/sw/DataAccess/tests/data-r2/syntax-sparql2/syntax-general-09.rq	Positive
			result	pass
91 syntax-general-10	syntax-general-10.rq	None	http://www.w3.org/2001/sw/DataAccess/tests/data-r2/syntax-sparql2/syntax-general-10.rq	Positive
			result	fail
92 syntax-general-11	syntax-general-11.rq	None	http://www.w3.org/2001/sw/DataAccess/tests/data-r2/syntax-sparql2/syntax-general-11.rq	Positive
			result	fail
93 syntax-general-12	syntax-general-12.rq	None	http://www.w3.org/2001/sw/DataAccess/tests/data-r2/syntax-sparql2/syntax-general-12.rq	Positive
			result	pass
94 syntax-general-13	syntax-general-13.rq	None	http://www.w3.org/2001/sw/DataAccess/tests/data-r2/syntax-sparql2/syntax-general-13.rq	Positive
			result	pass
95 syntax-general-14	syntax-general-14.rq	None	http://www.w3.org/2001/sw/DataAccess/tests/data-r2/syntax-sparql2/syntax-general-14.rq	Positive
			result	pass
96 syntax-keywords-01	syntax-keywords-01.rq	None	http://www.w3.org/2001/sw/DataAccess/tests/data-r2/syntax-sparql2/syntax-keywords-01.rq	Positive
			result	pass
97 syntax-keywords-02	syntax-keywords-02.rq	None	http://www.w3.org/2001/sw/DataAccess/tests/data-r2/syntax-sparql2/syntax-keywords-02.rq	Positive
			result	pass
98 syntax-keywords-03	syntax-keywords-03.rq	None	http://www.w3.org/2001/sw/DataAccess/tests/data-r2/syntax-sparql2/syntax-keywords-03.rq	Positive
			result	pass
99 syntax-lists-01	syntax-lists-01.rq	None	http://www.w3.org/2001/sw/DataAccess/tests/data-r2/syntax-sparql2/syntax-lists-01.rq	Positive
			result	pass
100 syntax-lists-02	syntax-lists-02.rq	None	http://www.w3.org/2001/sw/DataAccess/tests/data-r2/syntax-sparql2/syntax-lists-02.rq	Positive
			result	pass
101 syntax-lists-03	syntax-lists-03.rq	None	http://www.w3.org/2001/sw/DataAccess/tests/data-r2/syntax-sparql2/syntax-lists-03.rq	Positive
			result	pass
102 syntax-lists-04	syntax-lists-04.rq	None	http://www.w3.org/2001/sw/DataAccess/tests/data-r2/syntax-sparql2/syntax-lists-04.rq	Positive
			result	pass
103 syntax-lists-05	syntax-lists-05.rq	None	http://www.w3.org/2001/sw/DataAccess/tests/data-r2/syntax-sparql2/syntax-lists-05.rq	Positive
			result	pass
104 syntax-bnode-01	syntax-bnode-01.rq	None	http://www.w3.org/2001/sw/DataAccess/tests/data-r2/syntax-sparql2/syntax-bnode-01.rq	Positive
			result	pass
105 syntax-bnode-02	syntax-bnode-02.rq	None	http://www.w3.org/2001/sw/DataAccess/tests/data-r2/syntax-sparql2/syntax-bnode-02.rq	Positive
			result	pass
106 syntax-bnode-03	syntax-bnode-03.rq	None	http://www.w3.org/2001/sw/DataAccess/tests/data-r2/syntax-sparql2/syntax-bnode-03.rq	Positive
			result	pass
107 syntax-function-01	syntax-function-01.rq	None	http://www.w3.org/2001/sw/DataAccess/tests/data-r2/syntax-sparql2/syntax-function-01.rq	Positive
			result	fail
108 syntax-function-02	syntax-function-02.rq	None	http://www.w3.org/2001/sw/DataAccess/tests/data-r2/syntax-sparql2/syntax-function-02.rq	Positive
			result	fail
109 syntax-function-03	syntax-function-03.rq	None	http://www.w3.org/2001/sw/DataAccess/tests/data-r2/syntax-sparql2/syntax-function-03.rq	Positive
			result	fail
110 syntax-function-04	syntax-function-04.rq	None	http://www.w3.org/2001/sw/DataAccess/tests/data-r2/syntax-sparql2/syntax-function-04.rq	Positive
			result	fail
111 syntax-form-select-01	syntax-form-select-01.rq	None	http://www.w3.org/2001/sw/DataAccess/tests/data-r2/syntax-sparql2/syntax-form-select-01.rq	Positive
			result	pass
112 syntax-form-select-02	syntax-form-select-02.rq	None	http://www.w3.org/2001/sw/DataAccess/tests/data-r2/syntax-sparql2/syntax-form-select-02.rq	Positive
			result	pass
113 syntax-form-ask-02	syntax-form-ask-02.rq	None	http://www.w3.org/2001/sw/DataAccess/tests/data-r2/syntax-sparql2/syntax-form-ask-02.rq	Positive
			result	pass
114 syntax-form-construct01	syntax-form-construct01.rq	None	http://www.w3.org/2001/sw/DataAccess/tests/data-r2/syntax-sparql2/syntax-form-construct01.rq	Positive
			result	pass
115 syntax-form-construct02	syntax-form-construct02.rq	None	http://www.w3.org/2001/sw/DataAccess/tests/data-r2/syntax-sparql2/syntax-form-construct02.rq	Positive
			result	pass
116 syntax-form-construct03	syntax-form-construct03.rq	None	http://www.w3.org/2001/sw/DataAccess/tests/data-r2/syntax-sparql2/syntax-form-construct03.rq	Positive
			result	pass
117 syntax-form-construct04	syntax-form-construct04.rq	None	http://www.w3.org/2001/sw/DataAccess/tests/data-r2/syntax-sparql2/syntax-form-construct04.rq	Positive
			result	pass
118 syntax-form-construct06	syntax-form-construct06.rq	None	http://www.w3.org/2001/sw/DataAccess/tests/data-r2/syntax-sparql2/syntax-form-construct06.rq	Positive
			result	pass
119 syntax-form-describe01	syntax-form-describe01.rq	None	http://www.w3.org/2001/sw/DataAccess/tests/data-r2/syntax-sparql2/syntax-form-describe01.rq	Positive
			result	fail
120 syntax-form-describe02	syntax-form-describe02.rq	None	http://www.w3.org/2001/sw/DataAccess/tests/data-r2/syntax-sparql2/syntax-form-describe02.rq	Positive
			result	fail
121 syntax-dataset-01	syntax-dataset-01.rq	None	http://www.w3.org/2001/sw/DataAccess/tests/data-r2/syntax-sparql2/syntax-dataset-01.rq	Positive
			result	pass
122 syntax-dataset-02	syntax-dataset-02.rq	None	http://www.w3.org/2001/sw/DataAccess/tests/data-r2/syntax-sparql2/syntax-dataset-02.rq	Positive
			result	pass
123 syntax-dataset-03	syntax-dataset-03.rq	None	http://www.w3.org/2001/sw/DataAccess/tests/data-r2/syntax-sparql2/syntax-dataset-03.rq	Positive
			result	pass
124 syntax-dataset-04	syntax-dataset-04.rq	None	http://www.w3.org/2001/sw/DataAccess/tests/data-r2/syntax-sparql2/syntax-dataset-04.rq	Positive
			result	pass
125 syntax-graph-01	syntax-graph-01.rq	None	http://www.w3.org/2001/sw/DataAccess/tests/data-r2/syntax-sparql2/syntax-graph-01.rq	Positive
			result	pass
126 syntax-graph-02	syntax-graph-02.rq	None	http://www.w3.org/2001/sw/DataAccess/tests/data-r2/syntax-sparql2/syntax-graph-02.rq	Positive
			result	pass
127 syntax-graph-03	syntax-graph-03.rq	None	http://www.w3.org/2001/sw/DataAccess/tests/data-r2/syntax-sparql2/syntax-graph-03.rq	Positive
			result	pass
128 syntax-graph-04	syntax-graph-04.rq	None	http://www.w3.org/2001/sw/DataAccess/tests/data-r2/syntax-sparql2/syntax-graph-04.rq	Positive
			result	pass
129 syntax-graph-05	syntax-graph-05.rq	None	http://www.w3.org/2001/sw/DataAccess/tests/data-r2/syntax-sparql2/syntax-graph-05.rq	Positive
			result	pass
130 syntax-esc-01	syntax-esc-01.rq	None	http://www.w3.org/2001/sw/DataAccess/tests/data-r2/syntax-sparql2/syntax-esc-01.rq	Positive
			result	pass
131 syntax-esc-02	syntax-esc-02.rq	None	http://www.w3.org/2001/sw/DataAccess/tests/data-r2/syntax-sparql2/syntax-esc-02.rq	Positive
			result	pass
132 syntax-esc-03	syntax-esc-03.rq	None	http://www.w3.org/2001/sw/DataAccess/tests/data-r2/syntax-sparql2/syntax-esc-03.rq	Positive
			result	pass
133 syntax-esc-04	syntax-esc-04.rq	None	http://www.w3.org/2001/sw/DataAccess/tests/data-r2/syntax-sparql2/syntax-esc-04.rq	Positive
			result	fail
134 syntax-esc-05	syntax-esc-05.rq	None	http://www.w3.org/2001/sw/DataAccess/tests/data-r2/syntax-sparql2/syntax-esc-05.rq	Positive
			result	fail
135 syn-01	syn-01.rq	None	http://www.w3.org/2001/sw/DataAccess/tests/data-r2/syntax-sparql3/syn-01.rq	Positive
			result	pass
136 syn-02	syn-02.rq	None	http://www.w3.org/2001/sw/DataAccess/tests/data-r2/syntax-sparql3/syn-02.rq	Positive
			result	pass
137 syn-03	syn-03.rq	None	http://www.w3.org/2001/sw/DataAccess/tests/data-r2/syntax-sparql3/syn-03.rq	Positive
			result	pass
138 syn-04	syn-04.rq	None	http://www.w3.org/2001/sw/DataAccess/tests/data-r2/syntax-sparql3/syn-04.rq	Positive
			result	pass
139 syn-05	syn-05.rq	None	http://www.w3.org/2001/sw/DataAccess/tests/data-r2/syntax-sparql3/syn-05.rq	Positive
			result	pass
140 syn-06	syn-06.rq	None	http://www.w3.org/2001/sw/DataAccess/tests/data-r2/syntax-sparql3/syn-06.rq	Positive
			result	pass
141 syn-07	syn-07.rq	None	http://www.w3.org/2001/sw/DataAccess/tests/data-r2/syntax-sparql3/syn-07.rq	Positive
			result	pass
142 syn-08	syn-08.rq	None	http://www.w3.org/2001/sw/DataAccess/tests/data-r2/syntax-sparql3/syn-08.rq	Positive
			result	pass
143 syn-bad-01	syn-bad-01.rq	None	http://www.w3.org/2001/sw/DataAccess/tests/data-r2/syntax-sparql3/syn-bad-01.rq	Negative
			result	pass
144 syn-bad-02	syn-bad-02.rq	None	http://www.w3.org/2001/sw/DataAccess/tests/data-r2/syntax-sparql3/syn-bad-02.rq	Negative
			result	pass
145 syn-bad-03	syn-bad-03.rq	None	http://www.w3.org/2001/sw/DataAccess/tests/data-r2/syntax-sparql3/syn-bad-03.rq	Negative
			result	pass
146 syn-bad-04	syn-bad-04.rq	None	http://www.w3.org/2001/sw/DataAccess/tests/data-r2/syntax-sparql3/syn-bad-04.rq	Negative
			result	pass
147 syn-bad-05	syn-bad-05.rq	None	http://www.w3.org/2001/sw/DataAccess/tests/data-r2/syntax-sparql3/syn-bad-05.rq	Negative
			result	pass
148 syn-bad-06	syn-bad-06.rq	None	http://www.w3.org/2001/sw/DataAccess/tests/data-r2/syntax-sparql3/syn-bad-06.rq	Negative
			result	pass
149 syn-bad-07	syn-bad-07.rq	None	http://www.w3.org/2001/sw/DataAccess/tests/data-r2/syntax-sparql3/syn-bad-07.rq	Negative
			result	pass
150 syn-bad-08	syn-bad-08.rq	None	http://www.w3.org/2001/sw/DataAccess/tests/data-r2/syntax-sparql3/syn-bad-08.rq	Negative
			result	pass
151 syn-bad-09	syn-bad-09.rq	None	http://www.w3.org/2001/sw/DataAccess/tests/data-r2/syntax-sparql3/syn-bad-09.rq	Negative
			result	pass
152 syn-bad-10	syn-bad-10.rq	None	http://www.w3.org/2001/sw/DataAccess/tests/data-r2/syntax-sparql3/syn-bad-10.rq	Negative
			result	pass
153 syn-bad-11	syn-bad-11.rq	None	http://www.w3.org/2001/sw/DataAccess/tests/data-r2/syntax-sparql3/syn-bad-11.rq	Negative
			result	pass
154 syn-bad-12	syn-bad-12.rq	None	http://www.w3.org/2001/sw/DataAccess/tests/data-r2/syntax-sparql3/syn-bad-12.rq	Negative
			result	pass
155 syn-bad-13	syn-bad-13.rq	None	http://www.w3.org/2001/sw/DataAccess/tests/data-r2/syntax-sparql3/syn-bad-13.rq	Negative
			result	pass
156 syn-bad-14	syn-bad-14.rq	None	http://www.w3.org/2001/sw/DataAccess/tests/data-r2/syntax-sparql3/syn-bad-14.rq	Negative
			result	pass
157 syn-bad-15	syn-bad-15.rq	None	http://www.w3.org/2001/sw/DataAccess/tests/data-r2/syntax-sparql3/syn-bad-15.rq	Negative
			result	pass
158 syn-bad-16	syn-bad-16.rq	None	http://www.w3.org/2001/sw/DataAccess/tests/data-r2/syntax-sparql3/syn-bad-16.rq	Negative
			result	pass
159 syn-bad-17	syn-bad-17.rq	None	http://www.w3.org/2001/sw/DataAccess/tests/data-r2/syntax-sparql3/syn-bad-17.rq	Negative
			result	pass
160 syn-bad-18	syn-bad-18.rq	None	http://www.w3.org/2001/sw/DataAccess/tests/data-r2/syntax-sparql3/syn-bad-18.rq	Negative
			result	pass
161 syn-bad-19	syn-bad-19.rq	None	http://www.w3.org/2001/sw/DataAccess/tests/data-r2/syntax-sparql3/syn-bad-19.rq	Negative
			result	pass
162 syn-bad-20	syn-bad-20.rq	None	http://www.w3.org/2001/sw/DataAccess/tests/data-r2/syntax-sparql3/syn-bad-20.rq	Negative
			result	pass
163 syn-bad-21	syn-bad-21.rq	None	http://www.w3.org/2001/sw/DataAccess/tests/data-r2/syntax-sparql3/syn-bad-21.rq	Negative
			result	pass
164 syn-bad-22	syn-bad-22.rq	None	http://www.w3.org/2001/sw/DataAccess/tests/data-r2/syntax-sparql3/syn-bad-22.rq	Negative
			result	pass
165 syn-bad-23	syn-bad-23.rq	None	http://www.w3.org/2001/sw/DataAccess/tests/data-r2/syntax-sparql3/syn-bad-23.rq	Negative
			result	pass
166 syn-bad-24	syn-bad-24.rq	None	http://www.w3.org/2001/sw/DataAccess/tests/data-r2/syntax-sparql3/syn-bad-24.rq	Negative
			result	pass
167 syn-bad-25	syn-bad-25.rq	None	http://www.w3.org/2001/sw/DataAccess/tests/data-r2/syntax-sparql3/syn-bad-25.rq	Negative
			result	pass
168 syn-bad-26	syn-bad-26.rq	None	http://www.w3.org/2001/sw/DataAccess/tests/data-r2/syntax-sparql3/syn-bad-26.rq	Negative
			result	pass
169 syn-bad-27	syn-bad-27.rq	None	http://www.w3.org/2001/sw/DataAccess/tests/data-r2/syntax-sparql3/syn-bad-27.rq	Negative
			result	fail
170 syn-bad-28	syn-bad-28.rq	None	http://www.w3.org/2001/sw/DataAccess/tests/data-r2/syntax-sparql3/syn-bad-28.rq	Negative
			result	fail
171 syn-bad-29	syn-bad-29.rq	None	http://www.w3.org/2001/sw/DataAccess/tests/data-r2/syntax-sparql3/syn-bad-29.rq	Negative
			result	pass
172 syn-bad-30	syn-bad-30.rq	None	http://www.w3.org/2001/sw/DataAccess/tests/data-r2/syntax-sparql3/syn-bad-30.rq	Negative
			result	pass
173 syn-bad-31	syn-bad-31.rq	None	http://www.w3.org/2001/sw/DataAccess/tests/data-r2/syntax-sparql3/syn-bad-31.rq	Negative
			result	pass
174 bnode-dot	syn-bad-bnode-dot.rq	None	http://www.w3.org/2001/sw/DataAccess/tests/data-r2/syntax-sparql3/syn-bad-bnode-dot.rq	Negative
			result	pass
175 bnodes-missing-pvalues-01	syn-bad-bnodes-missing-pvalues-01.rq	None	http://www.w3.org/2001/sw/DataAccess/tests/data-r2/syntax-sparql3/syn-bad-bnodes-missing-pvalues-01.rq	Negative
			result	pass
176 bnodes-missing-pvalues-02	syn-bad-bnodes-missing-pvalues-02.rq	None	http://www.w3.org/2001/sw/DataAccess/tests/data-r2/syntax-sparql3/syn-bad-bnodes-missing-pvalues-02.rq	Negative
			result	pass
177 empty-optional-01	syn-bad-empty-optional-01.rq	None	http://www.w3.org/2001/sw/DataAccess/tests/data-r2/syntax-sparql3/syn-bad-empty-optional-01.rq	Negative
			result	pass
178 empty-optional-02	syn-bad-empty-optional-02.rq	None	http://www.w3.org/2001/sw/DataAccess/tests/data-r2/syntax-sparql3/syn-bad-empty-optional-02.rq	Negative
			result	pass
179 filter-missing-parens	syn-bad-filter-missing-parens.rq	None	http://www.w3.org/2001/sw/DataAccess/tests/data-r2/syntax-sparql3/syn-bad-filter-missing-parens.rq	Negative
			result	pass
180 lone-list	syn-bad-lone-list.rq	None	http://www.w3.org/2001/sw/DataAccess/tests/data-r2/syntax-sparql3/syn-bad-lone-list.rq	Negative
			result	pass
181 lone-node	syn-bad-lone-node.rq	None	http://www.w3.org/2001/sw/DataAccess/tests/data-r2/syntax-sparql3/syn-bad-lone-node.rq	Negative
			result	pass
182 blabel-cross-filter	syn-blabel-cross-filter	None	http://www.w3.org/2001/sw/DataAccess/tests/data-r2/syntax-sparql3/syn-blabel-cross-filter.rq	Positive
			result	pass
183 blabel-cross-graph-bad	syn-blabel-cross-graph-bad	None	http://www.w3.org/2001/sw/DataAccess/tests/data-r2/syntax-sparql3/syn-blabel-cross-graph-bad.rq	Negative
			result	fail
184 blabel-cross-optional-bad	syn-blabel-cross-optional-bad	None	http://www.w3.org/2001/sw/DataAccess/tests/data-r2/syntax-sparql3/syn-blabel-cross-optional-bad.rq	Negative
			result	pass
185 blabel-cross-union-bad	syn-blabel-cross-union-bad	None	http://www.w3.org/2001/sw/DataAccess/tests/data-r2/syntax-sparql3/syn-blabel-cross-union-bad.rq	Negative
			result	pass
186 syn-09	syn-09.rq	None	http://www.w3.org/2001/sw/DataAccess/tests/data-r2/syntax-sparql4/syn-09.rq	Positive
			result	pass
187 syn-10	syn-10.rq	None	http://www.w3.org/2001/sw/DataAccess/tests/data-r2/syntax-sparql4/syn-10.rq	Positive
			result	pass
188 syn-11	syn-11.rq	None	http://www.w3.org/2001/sw/DataAccess/tests/data-r2/syntax-sparql4/syn-11.rq	Positive
			result	pass
189 syn-bad-34	syn-bad-34.rq	None	http://www.w3.org/2001/sw/DataAccess/tests/data-r2/syntax-sparql4/syn-bad-34.rq	Negative
			result	fail
190 syn-bad-35	syn-bad-35.rq	None	http://www.w3.org/2001/sw/DataAccess/tests/data-r2/syntax-sparql4/syn-bad-35.rq	Negative
			result	fail
191 syn-bad-36	syn-bad-36.rq	None	http://www.w3.org/2001/sw/DataAccess/tests/data-r2/syntax-sparql4/syn-bad-36.rq	Negative
			result	fail
192 syn-bad-37	syn-bad-37.rq	None	http://www.w3.org/2001/sw/DataAccess/tests/data-r2/syntax-sparql4/syn-bad-37.rq	Negative
			result	fail
193 syn-bad-38	syn-bad-38.rq	None	http://www.w3.org/2001/sw/DataAccess/tests/data-r2/syntax-sparql4/syn-bad-38.rq	Negative
			result	fail
194 syn-bad-OPT-breaks-BGP	syn-bad-OPT-breaks-BGP	bad: re-used BNode label after OPTIONAL	http://www.w3.org/2001/sw/DataAccess/tests/data-r2/syntax-sparql4/syn-bad-OPT-breaks-BGP.rq	Negative
			result	fail
195 syn-bad-UNION-breaks-BGP	syn-bad-UNION-breaks-BGP	bad: re-used BNode label after UNION	http://www.w3.org/2001/sw/DataAccess/tests/data-r2/syntax-sparql4/syn-bad-UNION-breaks-BGP.rq	Negative
			result	pass
196 syn-bad-GRAPH-breaks-BGP	syn-bad-GRAPH-breaks-BGP	bad: re-used BNode label after GRAPH	http://www.w3.org/2001/sw/DataAccess/tests/data-r2/syntax-sparql4/syn-bad-GRAPH-breaks-BGP.rq	Negative
			result	fail
197 syn-leading-digits-in-prefixed-names	syn-leading-digits-in-prefixed-names.rq	None	http://www.w3.org/2001/sw/DataAccess/tests/data-r2/syntax-sparql4/syn-leading-digits-in-prefixed-names.rq	Positive
			result	fail
198 nested-opt-1	Nested Optionals - 1	Nested-optionals with a shared variable that does not appear in the middle pattern (a not well-formed query pattern as per "Semantics and Complexity" of SPARQL	http://www.w3.org/2001/sw/DataAccess/tests/data-r2/algebra/two-nested-opt.rq	Query
python ../../cwm.py http://www.w3.org/2001/sw/DataAccess/tests/data-r2/algebra/two-nested-opt.ttl --sparql=http://www.w3.org/2001/sw/DataAccess/tests/data-r2/algebra/two-nested-opt.rq --sparqlResults  > ///home/syosi/cvs-trunk/WWW/2000/10/swap/test/sparql/,temp/Nested_Optionals_-_1_dawg_test.out
loaded from file  0.257692098618
- __:c0 <http://www.w3.org/2001/sw/DataAccess/tests/result-set#solution> __:c1.
- __:c1 <http://www.w3.org/2001/sw/DataAccess/tests/result-set#binding> __:c2.
- __:c2 <http://www.w3.org/2001/sw/DataAccess/tests/result-set#value> "1"^^<http://www.w3.org/2001/XMLSchema#integer>.
- __:c2 <http://www.w3.org/2001/sw/DataAccess/tests/result-set#variable> "v".
+ __:c0 <http://www.w3.org/2001/sw/DataAccess/tests/result-set#resultVariable> "w".
+ __:c0 <http://www.w3.org/2001/sw/DataAccess/tests/result-set#solution> __:c3.
+ __:c0 <http://www.w3.org/2001/sw/DataAccess/tests/result-set#solution> __:c4.
+ __:c1 <http://www.w3.org/2001/sw/DataAccess/tests/result-set#value> "3"^^<http://www.w3.org/2001/XMLSchema#integer>.
+ __:c1 <http://www.w3.org/2001/sw/DataAccess/tests/result-set#variable> "w".
+ __:c2 <http://www.w3.org/2001/sw/DataAccess/tests/result-set#value> "4"^^<http://www.w3.org/2001/XMLSchema#integer>.
+ __:c2 <http://www.w3.org/2001/sw/DataAccess/tests/result-set#variable> "w".
+ __:c3 <http://www.w3.org/2001/sw/DataAccess/tests/result-set#binding> __:c1.
+ __:c3 <http://www.w3.org/2001/sw/DataAccess/tests/result-set#binding> __:c5.
+ __:c4 <http://www.w3.org/2001/sw/DataAccess/tests/result-set#binding> __:c2.
+ __:c4 <http://www.w3.org/2001/sw/DataAccess/tests/result-set#binding> __:c6.
+ __:c5 <http://www.w3.org/2001/sw/DataAccess/tests/result-set#value> "1"^^<http://www.w3.org/2001/XMLSchema#integer>.
+ __:c5 <http://www.w3.org/2001/sw/DataAccess/tests/result-set#variable> "v".
+ __:c6 <http://www.w3.org/2001/sw/DataAccess/tests/result-set#value> "1"^^<http://www.w3.org/2001/XMLSchema#integer>.
+ __:c6 <http://www.w3.org/2001/sw/DataAccess/tests/result-set#variable> "v".
			result	fail
199 nested-opt-2	Nested Optionals - 2	OPTIONALs parse in a left-associative manner	http://www.w3.org/2001/sw/DataAccess/tests/data-r2/algebra/two-nested-opt-alt.rq	Query
python ../../cwm.py http://www.w3.org/2001/sw/DataAccess/tests/data-r2/algebra/two-nested-opt.ttl --sparql=http://www.w3.org/2001/sw/DataAccess/tests/data-r2/algebra/two-nested-opt-alt.rq --sparqlResults  > ///home/syosi/cvs-trunk/WWW/2000/10/swap/test/sparql/,temp/Nested_Optionals_-_2_dawg_test.out
loaded from file  0.194613933563
			result	pass
200 opt-filter-1	Optional-filter - 1	A FILTER inside an OPTIONAL can reference a variable bound in the required part of the OPTIONAL	http://www.w3.org/2001/sw/DataAccess/tests/data-r2/algebra/opt-filter-1.rq	Query
python ../../cwm.py http://www.w3.org/2001/sw/DataAccess/tests/data-r2/algebra/opt-filter-1.ttl --sparql=http://www.w3.org/2001/sw/DataAccess/tests/data-r2/algebra/opt-filter-1.rq --sparqlResults  > ///home/syosi/cvs-trunk/WWW/2000/10/swap/test/sparql/,temp/Optional-filter_-_1_dawg_test.out
loaded from file  0.169621944427
			result	pass
201 opt-filter-2	Optional-filter - 2 filters	FILTERs inside an OPTIONAL can refer to variables from both the required and optional parts of the construct.	http://www.w3.org/2001/sw/DataAccess/tests/data-r2/algebra/opt-filter-2.rq	Query
python ../../cwm.py http://www.w3.org/2001/sw/DataAccess/tests/data-r2/algebra/opt-filter-2.ttl --sparql=http://www.w3.org/2001/sw/DataAccess/tests/data-r2/algebra/opt-filter-2.rq --sparqlResults  > ///home/syosi/cvs-trunk/WWW/2000/10/swap/test/sparql/,temp/Optional-filter_-_2_filters_dawg_test.out
loaded from file  0.260655164719
			result	pass
202 opt-filter-3	Optional-filter - scope of variable	FILTERs in an OPTIONAL do not extend to variables bound outside of the LeftJoin(...) operation	http://www.w3.org/2001/sw/DataAccess/tests/data-r2/algebra/opt-filter-3.rq	Query
python ../../cwm.py http://www.w3.org/2001/sw/DataAccess/tests/data-r2/algebra/opt-filter-3.ttl --sparql=http://www.w3.org/2001/sw/DataAccess/tests/data-r2/algebra/opt-filter-3.rq --sparqlResults  > ///home/syosi/cvs-trunk/WWW/2000/10/swap/test/sparql/,temp/Optional-filter_-_scope_of_variable_dawg_test.out
loaded from file  0.18808889389
			result	pass
203 filter-place-1	Filter-placement - 1	FILTER placed after the triple pattern that contains the variable tested	http://www.w3.org/2001/sw/DataAccess/tests/data-r2/algebra/filter-placement-1.rq	Query
python ../../cwm.py http://www.w3.org/2001/sw/DataAccess/tests/data-r2/algebra/data-2.ttl --sparql=http://www.w3.org/2001/sw/DataAccess/tests/data-r2/algebra/filter-placement-1.rq --sparqlResults  > ///home/syosi/cvs-trunk/WWW/2000/10/swap/test/sparql/,temp/Filter-placement_-_1_dawg_test.out
loaded from file  0.200571060181
			result	pass
204 filter-place-2	Filter-placement - 2	FILTERs are scoped to the nearest enclosing group - placement within that group does not matter	http://www.w3.org/2001/sw/DataAccess/tests/data-r2/algebra/filter-placement-2.rq	Query
python ../../cwm.py http://www.w3.org/2001/sw/DataAccess/tests/data-r2/algebra/data-2.ttl --sparql=http://www.w3.org/2001/sw/DataAccess/tests/data-r2/algebra/filter-placement-2.rq --sparqlResults  > ///home/syosi/cvs-trunk/WWW/2000/10/swap/test/sparql/,temp/Filter-placement_-_2_dawg_test.out
loaded from file  0.169858932495
			result	pass
205 filter-place-3	Filter-placement - 3	FILTERs are scoped to the nearest enclosing group - placement within that group does not matter	http://www.w3.org/2001/sw/DataAccess/tests/data-r2/algebra/filter-placement-3.rq	Query
python ../../cwm.py http://www.w3.org/2001/sw/DataAccess/tests/data-r2/algebra/data-2.ttl --sparql=http://www.w3.org/2001/sw/DataAccess/tests/data-r2/algebra/filter-placement-3.rq --sparqlResults  > ///home/syosi/cvs-trunk/WWW/2000/10/swap/test/sparql/,temp/Filter-placement_-_3_dawg_test.out
loaded from file  0.172141075134
			result	pass
206 filter-nested-1	Filter-nested - 1	A FILTER is in scope for variables bound at the same level of the query tree	http://www.w3.org/2001/sw/DataAccess/tests/data-r2/algebra/filter-nested-1.rq	Query
python ../../cwm.py http://www.w3.org/2001/sw/DataAccess/tests/data-r2/algebra/data-1.ttl --sparql=http://www.w3.org/2001/sw/DataAccess/tests/data-r2/algebra/filter-nested-1.rq --sparqlResults  > ///home/syosi/cvs-trunk/WWW/2000/10/swap/test/sparql/,temp/Filter-nested_-_1_dawg_test.out
loaded from file  0.181120157242
			result	pass
207 filter-nested-2	Filter-nested - 2	A FILTER in a group { ... } cannot see variables bound outside that group	http://www.w3.org/2001/sw/DataAccess/tests/data-r2/algebra/filter-nested-2.rq	Query
python ../../cwm.py http://www.w3.org/2001/sw/DataAccess/tests/data-r2/algebra/data-1.ttl --sparql=http://www.w3.org/2001/sw/DataAccess/tests/data-r2/algebra/filter-nested-2.rq --sparqlResults  > ///home/syosi/cvs-trunk/WWW/2000/10/swap/test/sparql/,temp/Filter-nested_-_2_dawg_test.out
loaded from file  0.168820142746
+ __:c0 <http://www.w3.org/2001/sw/DataAccess/tests/result-set#resultVariable> "v".
+ __:c0 <http://www.w3.org/2001/sw/DataAccess/tests/result-set#solution> __:c1.
+ __:c1 <http://www.w3.org/2001/sw/DataAccess/tests/result-set#binding> __:c2.
+ __:c2 <http://www.w3.org/2001/sw/DataAccess/tests/result-set#value> "1"^^<http://www.w3.org/2001/XMLSchema#integer>.
+ __:c2 <http://www.w3.org/2001/sw/DataAccess/tests/result-set#variable> "v".
			result	fail
208 filter-scope-1	Filter-scope - 1	FILTERs in an OPTIONAL do not extend to variables bound outside of the LeftJoin(...) operation	http://www.w3.org/2001/sw/DataAccess/tests/data-r2/algebra/filter-scope-1.rq	Query
python ../../cwm.py http://www.w3.org/2001/sw/DataAccess/tests/data-r2/algebra/data-2.ttl --sparql=http://www.w3.org/2001/sw/DataAccess/tests/data-r2/algebra/filter-scope-1.rq --sparqlResults  > ///home/syosi/cvs-trunk/WWW/2000/10/swap/test/sparql/,temp/Filter-scope_-_1_dawg_test.out
loaded from file  0.197932958603
			result	fail
209 join-scope-1	Join scope - 1	Variables have query scope.	http://www.w3.org/2001/sw/DataAccess/tests/data-r2/algebra/var-scope-join-1.rq	Query
python ../../cwm.py http://www.w3.org/2001/sw/DataAccess/tests/data-r2/algebra/var-scope-join-1.ttl --sparql=http://www.w3.org/2001/sw/DataAccess/tests/data-r2/algebra/var-scope-join-1.rq --sparqlResults  > ///home/syosi/cvs-trunk/WWW/2000/10/swap/test/sparql/,temp/Join_scope_-_1_dawg_test.out
loaded from file  0.171266078949
+ __:c0 <http://www.w3.org/2001/sw/DataAccess/tests/result-set#resultVariable> "X".
+ __:c0 <http://www.w3.org/2001/sw/DataAccess/tests/result-set#resultVariable> "Y".
+ __:c0 <http://www.w3.org/2001/sw/DataAccess/tests/result-set#solution> __:c1.
+ __:c1 <http://www.w3.org/2001/sw/DataAccess/tests/result-set#binding> __:c2.
+ __:c1 <http://www.w3.org/2001/sw/DataAccess/tests/result-set#binding> __:c3.
+ __:c2 <http://www.w3.org/2001/sw/DataAccess/tests/result-set#value> "_:a1".
+ __:c2 <http://www.w3.org/2001/sw/DataAccess/tests/result-set#variable> "X".
+ __:c3 <http://www.w3.org/2001/sw/DataAccess/tests/result-set#value> "_:a2".
+ __:c3 <http://www.w3.org/2001/sw/DataAccess/tests/result-set#variable> "Y".
			result	fail
210 join-combo-1	Join operator with OPTs, BGPs, and UNIONs	Tests nested combination of Join with a BGP / OPT and a BGP / UNION	http://www.w3.org/2001/sw/DataAccess/tests/data-r2/algebra/join-combo-1.rq	Query
python ../../cwm.py http://www.w3.org/2001/sw/DataAccess/tests/data-r2/algebra/join-combo-graph-2.ttl --sparql=http://www.w3.org/2001/sw/DataAccess/tests/data-r2/algebra/join-combo-1.rq --sparqlResults  > ///home/syosi/cvs-trunk/WWW/2000/10/swap/test/sparql/,temp/Join_operator_with_OPTs,_BGPs,_and_UNIONs_dawg_test.out
loaded from file  0.169560909271
			result	pass
211 join-combo-2	Join operator with Graph and Union	Tests combination of Join operator with Graph on LHS and Union on RHS	http://www.w3.org/2001/sw/DataAccess/tests/data-r2/algebra/join-combo-2.rq	Query
python ../../cwm.py http://www.w3.org/2001/sw/DataAccess/tests/data-r2/algebra/join-combo-graph-2.ttl --sparql=http://www.w3.org/2001/sw/DataAccess/tests/data-r2/algebra/join-combo-2.rq --sparqlResults  > ///home/syosi/cvs-trunk/WWW/2000/10/swap/test/sparql/,temp/Join_operator_with_Graph_and_Union_dawg_test.out
loaded from file  0.168371915817
- __:c0 <http://www.w3.org/2001/sw/DataAccess/tests/result-set#resultVariable> "x".
- __:c0 <http://www.w3.org/2001/sw/DataAccess/tests/result-set#resultVariable> "z".
- __:c0 <http://www.w3.org/2001/sw/DataAccess/tests/result-set#solution> __:c1.
- __:c1 <http://www.w3.org/2001/sw/DataAccess/tests/result-set#binding> __:c2.
- __:c1 <http://www.w3.org/2001/sw/DataAccess/tests/result-set#binding> __:c3.
- __:c2 <http://www.w3.org/2001/sw/DataAccess/tests/result-set#value> <http://example/b>.
- __:c2 <http://www.w3.org/2001/sw/DataAccess/tests/result-set#variable> "x".
- __:c3 <http://www.w3.org/2001/sw/DataAccess/tests/result-set#value> <http://www.w3.org/1999/02/22-rdf-syntax-ns#Property>.
- __:c3 <http://www.w3.org/2001/sw/DataAccess/tests/result-set#variable> "z".
			result	fail
212 dawg-bnode-coref-001	dawg-bnode-coreference	Query results must maintain bnode co-references in the dataset	http://www.w3.org/2001/sw/DataAccess/tests/data-r2/bnode-coreference/query.rq	Query
python ../../cwm.py http://www.w3.org/2001/sw/DataAccess/tests/data-r2/bnode-coreference/data.ttl --sparql=http://www.w3.org/2001/sw/DataAccess/tests/data-r2/bnode-coreference/query.rq --sparqlResults  > ///home/syosi/cvs-trunk/WWW/2000/10/swap/test/sparql/,temp/dawg-bnode-coreference_dawg_test.out
loaded from file  0.181615829468
			result	fail
213 dawg-boolean-literal	Test literal 'true'	None	http://www.w3.org/2001/sw/DataAccess/tests/data-r2/boolean-effective-value/query-boolean-literal.rq	Query
python ../../cwm.py http://www.w3.org/2001/sw/DataAccess/tests/data-r2/boolean-effective-value/data-1.ttl --sparql=http://www.w3.org/2001/sw/DataAccess/tests/data-r2/boolean-effective-value/query-boolean-literal.rq --sparqlResults  > ///home/syosi/cvs-trunk/WWW/2000/10/swap/test/sparql/,temp/Test_literal__true__dawg_test.out
loaded from file  0.168457984924
			result	pass
214 dawg-bev-1	Test 'boolean effective value' - true	Non-zero numerics, non-empty strings, and the true boolean have an EBV of true	http://www.w3.org/2001/sw/DataAccess/tests/data-r2/boolean-effective-value/query-bev-1.rq	Query
python ../../cwm.py http://www.w3.org/2001/sw/DataAccess/tests/data-r2/boolean-effective-value/data-1.ttl --sparql=http://www.w3.org/2001/sw/DataAccess/tests/data-r2/boolean-effective-value/query-bev-1.rq --sparqlResults  > ///home/syosi/cvs-trunk/WWW/2000/10/swap/test/sparql/,temp/Test__boolean_effective_value__-_true_dawg_test.out
loaded from file  0.169404029846
			result	pass
215 dawg-bev-2	Test 'boolean effective value' - false	Zero-valued numerics, the empty string, and the false boolean have an EBV of false	http://www.w3.org/2001/sw/DataAccess/tests/data-r2/boolean-effective-value/query-bev-2.rq	Query
python ../../cwm.py http://www.w3.org/2001/sw/DataAccess/tests/data-r2/boolean-effective-value/data-1.ttl --sparql=http://www.w3.org/2001/sw/DataAccess/tests/data-r2/boolean-effective-value/query-bev-2.rq --sparqlResults  > ///home/syosi/cvs-trunk/WWW/2000/10/swap/test/sparql/,temp/Test__boolean_effective_value__-_false_dawg_test.out
loaded from file  0.16904091835
			result	pass
216 dawg-bev-3	Test 'boolean effective value' - &&	The && operator takes the EBV of its operands	http://www.w3.org/2001/sw/DataAccess/tests/data-r2/boolean-effective-value/query-bev-3.rq	Query
python ../../cwm.py http://www.w3.org/2001/sw/DataAccess/tests/data-r2/boolean-effective-value/data-1.ttl --sparql=http://www.w3.org/2001/sw/DataAccess/tests/data-r2/boolean-effective-value/query-bev-3.rq --sparqlResults  > ///home/syosi/cvs-trunk/WWW/2000/10/swap/test/sparql/,temp/Test__boolean_effective_value__-____dawg_test.out
loaded from file  0.176069021225
			result	pass
217 dawg-bev-4	Test 'boolean effective value' - ||	The || operator takes the EBV of its operands	http://www.w3.org/2001/sw/DataAccess/tests/data-r2/boolean-effective-value/query-bev-4.rq	Query
python ../../cwm.py http://www.w3.org/2001/sw/DataAccess/tests/data-r2/boolean-effective-value/data-1.ttl --sparql=http://www.w3.org/2001/sw/DataAccess/tests/data-r2/boolean-effective-value/query-bev-4.rq --sparqlResults  > ///home/syosi/cvs-trunk/WWW/2000/10/swap/test/sparql/,temp/Test__boolean_effective_value__-____dawg_test.out
loaded from file  0.173496007919
			result	pass
218 dawg-bev-5	Test 'boolean effective value' - optional	The EBV of an unbound value  or a literal with an unknown datatype is a type error, which eliminates the solution in question	http://www.w3.org/2001/sw/DataAccess/tests/data-r2/boolean-effective-value/query-bev-5.rq	Query
python ../../cwm.py http://www.w3.org/2001/sw/DataAccess/tests/data-r2/boolean-effective-value/data-2.ttl --sparql=http://www.w3.org/2001/sw/DataAccess/tests/data-r2/boolean-effective-value/query-bev-5.rq --sparqlResults  > ///home/syosi/cvs-trunk/WWW/2000/10/swap/test/sparql/,temp/Test__boolean_effective_value__-_optional_dawg_test.out
loaded from file  0.168442964554
          Warning: Built-in "foo" truthValue "true" failed because:
             TypeError: foo type cannot be converted to boolean 
			result	pass
219 dawg-bev-6	Test 'boolean effective value' - unknown types	Negating a type error is still a type error	http://www.w3.org/2001/sw/DataAccess/tests/data-r2/boolean-effective-value/query-bev-6.rq	Query
python ../../cwm.py http://www.w3.org/2001/sw/DataAccess/tests/data-r2/boolean-effective-value/data-2.ttl --sparql=http://www.w3.org/2001/sw/DataAccess/tests/data-r2/boolean-effective-value/query-bev-6.rq --sparqlResults  > ///home/syosi/cvs-trunk/WWW/2000/10/swap/test/sparql/,temp/Test__boolean_effective_value__-_unknown_types_dawg_test.out
loaded from file  0.180561065674
          Warning: Built-in "foo" truthValue "false" failed because:
             TypeError: foo type cannot be converted to boolean 
			result	pass
220 dawg-bound-query-001	dawg-bound-query-001	BOUND test case.	http://www.w3.org/2001/sw/DataAccess/tests/data-r2/bound/bound1.rq	Query
python ../../cwm.py http://www.w3.org/2001/sw/DataAccess/tests/data-r2/bound/data.ttl --sparql=http://www.w3.org/2001/sw/DataAccess/tests/data-r2/bound/bound1.rq --sparqlResults  > ///home/syosi/cvs-trunk/WWW/2000/10/swap/test/sparql/,temp/dawg-bound-query-001_dawg_test.out
loaded from file  0.176573991776
			result	pass
221 construct-1	dawg-construct-identity	Graph equivalent result graph	http://www.w3.org/2001/sw/DataAccess/tests/data-r2/construct/query-ident.rq	Query
python ../../cwm.py http://www.w3.org/2001/sw/DataAccess/tests/data-r2/construct/data-ident.ttl --sparql=http://www.w3.org/2001/sw/DataAccess/tests/data-r2/construct/query-ident.rq --sparqlResults  > ///home/syosi/cvs-trunk/WWW/2000/10/swap/test/sparql/,temp/dawg-construct-identity_dawg_test.out
loaded from file  0.173185110092
			result	pass
222 construct-2	dawg-construct-subgraph	Result subgraph of original graph	http://www.w3.org/2001/sw/DataAccess/tests/data-r2/construct/query-subgraph.rq	Query
python ../../cwm.py http://www.w3.org/2001/sw/DataAccess/tests/data-r2/construct/data-ident.ttl --sparql=http://www.w3.org/2001/sw/DataAccess/tests/data-r2/construct/query-subgraph.rq --sparqlResults  > ///home/syosi/cvs-trunk/WWW/2000/10/swap/test/sparql/,temp/dawg-construct-subgraph_dawg_test.out
loaded from file  0.173660039902
			result	pass
223 construct-3	dawg-construct-reification-1	Reification of the default graph	http://www.w3.org/2001/sw/DataAccess/tests/data-r2/construct/query-reif-1.rq	Query
python ../../cwm.py http://www.w3.org/2001/sw/DataAccess/tests/data-r2/construct/data-reif.ttl --sparql=http://www.w3.org/2001/sw/DataAccess/tests/data-r2/construct/query-reif-1.rq --sparqlResults  > ///home/syosi/cvs-trunk/WWW/2000/10/swap/test/sparql/,temp/dawg-construct-reification-1_dawg_test.out
loaded from file  0.171904087067
			result	pass
224 construct-4	dawg-construct-reification-2	Reification of the default graph	http://www.w3.org/2001/sw/DataAccess/tests/data-r2/construct/query-reif-2.rq	Query
python ../../cwm.py http://www.w3.org/2001/sw/DataAccess/tests/data-r2/construct/data-reif.ttl --sparql=http://www.w3.org/2001/sw/DataAccess/tests/data-r2/construct/query-reif-2.rq --sparqlResults  > ///home/syosi/cvs-trunk/WWW/2000/10/swap/test/sparql/,temp/dawg-construct-reification-2_dawg_test.out
loaded from file  0.211436986923
			result	pass
225 construct-5	dawg-construct-optional	Reification of the default graph	http://www.w3.org/2001/sw/DataAccess/tests/data-r2/construct/query-construct-optional.rq	Query
python ../../cwm.py http://www.w3.org/2001/sw/DataAccess/tests/data-r2/construct/data-opt.ttl --sparql=http://www.w3.org/2001/sw/DataAccess/tests/data-r2/construct/query-construct-optional.rq --sparqlResults  > ///home/syosi/cvs-trunk/WWW/2000/10/swap/test/sparql/,temp/dawg-construct-optional_dawg_test.out
loaded from file  0.16868185997
			result	pass
226 no-distinct-1	Numbers: No distinct	None	http://www.w3.org/2001/sw/DataAccess/tests/data-r2/distinct/no-distinct-1.rq	Query
python ../../cwm.py http://www.w3.org/2001/sw/DataAccess/tests/data-r2/distinct/data-num.ttl --sparql=http://www.w3.org/2001/sw/DataAccess/tests/data-r2/distinct/no-distinct-1.rq --sparqlResults  > ///home/syosi/cvs-trunk/WWW/2000/10/swap/test/sparql/,temp/Numbers:_No_distinct_dawg_test.out
loaded from file  0.210597038269
			result	fail
227 distinct-1	Numbers: Distinct	None	http://www.w3.org/2001/sw/DataAccess/tests/data-r2/distinct/distinct-1.rq	Query
python ../../cwm.py http://www.w3.org/2001/sw/DataAccess/tests/data-r2/distinct/data-num.ttl --sparql=http://www.w3.org/2001/sw/DataAccess/tests/data-r2/distinct/distinct-1.rq --sparqlResults  > ///home/syosi/cvs-trunk/WWW/2000/10/swap/test/sparql/,temp/Numbers:_Distinct_dawg_test.out
loaded from file  0.191368103027
- __:c0 <http://www.w3.org/2001/sw/DataAccess/tests/result-set#solution> __:c10.
- __:c0 <http://www.w3.org/2001/sw/DataAccess/tests/result-set#solution> __:c11.
- __:c10 <http://www.w3.org/2001/sw/DataAccess/tests/result-set#binding> __:c1.
- __:c11 <http://www.w3.org/2001/sw/DataAccess/tests/result-set#binding> __:c2.
- __:c12 <http://www.w3.org/2001/sw/DataAccess/tests/result-set#binding> __:c3.
- __:c13 <http://www.w3.org/2001/sw/DataAccess/tests/result-set#binding> __:c4.
- __:c14 <http://www.w3.org/2001/sw/DataAccess/tests/result-set#binding> __:c5.
- __:c15 <http://www.w3.org/2001/sw/DataAccess/tests/result-set#binding> __:c6.
- __:c16 <http://www.w3.org/2001/sw/DataAccess/tests/result-set#binding> __:c7.
- __:c17 <http://www.w3.org/2001/sw/DataAccess/tests/result-set#binding> __:c8.
- __:c18 <http://www.w3.org/2001/sw/DataAccess/tests/result-set#binding> __:c9.
- __:c2 <http://www.w3.org/2001/sw/DataAccess/tests/result-set#value> "+1.0"^^<http://www.w3.org/2001/XMLSchema#decimal>.
- __:c5 <http://www.w3.org/2001/sw/DataAccess/tests/result-set#value> "1"^^<http://www.w3.org/2001/XMLSchema#integer>.
- __:c6 <http://www.w3.org/2001/sw/DataAccess/tests/result-set#value> "1.0"^^<http://www.w3.org/2001/XMLSchema#decimal>.
- __:c7 <http://www.w3.org/2001/sw/DataAccess/tests/result-set#value> "1.0e0"^^<http://www.w3.org/2001/XMLSchema#double>.
- __:c8 <http://www.w3.org/2001/sw/DataAccess/tests/result-set#value> "1.3e0"^^<http://www.w3.org/2001/XMLSchema#double>.
- __:c9 <http://www.w3.org/2001/sw/DataAccess/tests/result-set#value> "1.3e0"^^<http://www.w3.org/2001/XMLSchema#float>.
+ __:c0 <http://www.w3.org/2001/sw/DataAccess/tests/result-set#solution> __:c19.
+ __:c0 <http://www.w3.org/2001/sw/DataAccess/tests/result-set#solution> __:c20.
+ __:c0 <http://www.w3.org/2001/sw/DataAccess/tests/result-set#solution> __:c21.
+ __:c0 <http://www.w3.org/2001/sw/DataAccess/tests/result-set#solution> __:c22.
+ __:c10 <http://www.w3.org/2001/sw/DataAccess/tests/result-set#value> "1.3"^^<http://www.w3.org/2001/XMLSchema#double>.
+ __:c10 <http://www.w3.org/2001/sw/DataAccess/tests/result-set#variable> "v".
+ __:c11 <http://www.w3.org/2001/sw/DataAccess/tests/result-set#value> "1.3e0"^^<http://www.w3.org/2001/XMLSchema#float>.
+ __:c11 <http://www.w3.org/2001/sw/DataAccess/tests/result-set#variable> "v".
+ __:c12 <http://www.w3.org/2001/sw/DataAccess/tests/result-set#binding> __:c1.
+ __:c13 <http://www.w3.org/2001/sw/DataAccess/tests/result-set#binding> __:c10.
+ __:c14 <http://www.w3.org/2001/sw/DataAccess/tests/result-set#binding> __:c11.
+ __:c15 <http://www.w3.org/2001/sw/DataAccess/tests/result-set#binding> __:c2.
+ __:c16 <http://www.w3.org/2001/sw/DataAccess/tests/result-set#binding> __:c3.
+ __:c17 <http://www.w3.org/2001/sw/DataAccess/tests/result-set#binding> __:c4.
+ __:c18 <http://www.w3.org/2001/sw/DataAccess/tests/result-set#binding> __:c5.
+ __:c19 <http://www.w3.org/2001/sw/DataAccess/tests/result-set#binding> __:c6.
+ __:c2 <http://www.w3.org/2001/sw/DataAccess/tests/result-set#value> "0"^^<http://www.w3.org/2001/XMLSchema#decimal>.
+ __:c20 <http://www.w3.org/2001/sw/DataAccess/tests/result-set#binding> __:c7.
+ __:c21 <http://www.w3.org/2001/sw/DataAccess/tests/result-set#binding> __:c8.
+ __:c22 <http://www.w3.org/2001/sw/DataAccess/tests/result-set#binding> __:c9.
+ __:c5 <http://www.w3.org/2001/sw/DataAccess/tests/result-set#value> "1"^^<http://www.w3.org/2001/XMLSchema#decimal>.
+ __:c6 <http://www.w3.org/2001/sw/DataAccess/tests/result-set#value> "1"^^<http://www.w3.org/2001/XMLSchema#integer>.
+ __:c7 <http://www.w3.org/2001/sw/DataAccess/tests/result-set#value> "1.0"^^<http://www.w3.org/2001/XMLSchema#decimal>.
+ __:c8 <http://www.w3.org/2001/sw/DataAccess/tests/result-set#value> "1.0"^^<http://www.w3.org/2001/XMLSchema#double>.
+ __:c9 <http://www.w3.org/2001/sw/DataAccess/tests/result-set#value> "1.0e0"^^<http://www.w3.org/2001/XMLSchema#double>.
			result	fail
228 no-distinct-2	Strings: No distinct	None	http://www.w3.org/2001/sw/DataAccess/tests/data-r2/distinct/no-distinct-1.rq	Query
python ../../cwm.py http://www.w3.org/2001/sw/DataAccess/tests/data-r2/distinct/data-str.ttl --sparql=http://www.w3.org/2001/sw/DataAccess/tests/data-r2/distinct/no-distinct-1.rq --sparqlResults  > ///home/syosi/cvs-trunk/WWW/2000/10/swap/test/sparql/,temp/Strings:_No_distinct_dawg_test.out
loaded from file  0.186505079269
			result	fail
229 distinct-2	Strings: Distinct	None	http://www.w3.org/2001/sw/DataAccess/tests/data-r2/distinct/distinct-1.rq	Query
python ../../cwm.py http://www.w3.org/2001/sw/DataAccess/tests/data-r2/distinct/data-str.ttl --sparql=http://www.w3.org/2001/sw/DataAccess/tests/data-r2/distinct/distinct-1.rq --sparqlResults  > ///home/syosi/cvs-trunk/WWW/2000/10/swap/test/sparql/,temp/Strings:_Distinct_dawg_test.out
loaded from file  0.179250001907
			result	pass
230 no-distinct-3	Nodes: No distinct	None	http://www.w3.org/2001/sw/DataAccess/tests/data-r2/distinct/no-distinct-1.rq	Query
python ../../cwm.py http://www.w3.org/2001/sw/DataAccess/tests/data-r2/distinct/data-node.ttl --sparql=http://www.w3.org/2001/sw/DataAccess/tests/data-r2/distinct/no-distinct-1.rq --sparqlResults  > ///home/syosi/cvs-trunk/WWW/2000/10/swap/test/sparql/,temp/Nodes:_No_distinct_dawg_test.out
loaded from file  0.168072938919
			result	fail
231 distinct-3	Nodes: Distinct	None	http://www.w3.org/2001/sw/DataAccess/tests/data-r2/distinct/distinct-1.rq	Query
python ../../cwm.py http://www.w3.org/2001/sw/DataAccess/tests/data-r2/distinct/data-node.ttl --sparql=http://www.w3.org/2001/sw/DataAccess/tests/data-r2/distinct/distinct-1.rq --sparqlResults  > ///home/syosi/cvs-trunk/WWW/2000/10/swap/test/sparql/,temp/Nodes:_Distinct_dawg_test.out
loaded from file  0.17352104187
- __:c1 <http://www.w3.org/2001/sw/DataAccess/tests/result-set#value> "_:a12".
+ __:c1 <http://www.w3.org/2001/sw/DataAccess/tests/result-set#value> "_:a13".
			result	fail
232 no-distinct-4	Opt: No distinct	None	http://www.w3.org/2001/sw/DataAccess/tests/data-r2/distinct/no-distinct-2.rq	Query
python ../../cwm.py http://www.w3.org/2001/sw/DataAccess/tests/data-r2/distinct/data-opt.ttl --sparql=http://www.w3.org/2001/sw/DataAccess/tests/data-r2/distinct/no-distinct-2.rq --sparqlResults  > ///home/syosi/cvs-trunk/WWW/2000/10/swap/test/sparql/,temp/Opt:_No_distinct_dawg_test.out
loaded from file  0.17116522789
			result	fail
233 distinct-4	Opt: Distinct	None	http://www.w3.org/2001/sw/DataAccess/tests/data-r2/distinct/distinct-2.rq	Query
python ../../cwm.py http://www.w3.org/2001/sw/DataAccess/tests/data-r2/distinct/data-opt.ttl --sparql=http://www.w3.org/2001/sw/DataAccess/tests/data-r2/distinct/distinct-2.rq --sparqlResults  > ///home/syosi/cvs-trunk/WWW/2000/10/swap/test/sparql/,temp/Opt:_Distinct_dawg_test.out
loaded from file  0.173588037491
			result	pass
234 no-distinct-9	All: No distinct	None	http://www.w3.org/2001/sw/DataAccess/tests/data-r2/distinct/no-distinct-1.rq	Query
python ../../cwm.py http://www.w3.org/2001/sw/DataAccess/tests/data-r2/distinct/data-all.ttl --sparql=http://www.w3.org/2001/sw/DataAccess/tests/data-r2/distinct/no-distinct-1.rq --sparqlResults  > ///home/syosi/cvs-trunk/WWW/2000/10/swap/test/sparql/,temp/All:_No_distinct_dawg_test.out
loaded from file  0.179162025452
			result	fail
235 distinct-9	All: Distinct	None	http://www.w3.org/2001/sw/DataAccess/tests/data-r2/distinct/distinct-1.rq	Query
python ../../cwm.py http://www.w3.org/2001/sw/DataAccess/tests/data-r2/distinct/data-all.ttl --sparql=http://www.w3.org/2001/sw/DataAccess/tests/data-r2/distinct/distinct-1.rq --sparqlResults  > ///home/syosi/cvs-trunk/WWW/2000/10/swap/test/sparql/,temp/All:_Distinct_dawg_test.out
loaded from file  0.178646087646
- __:c0 <http://www.w3.org/2001/sw/DataAccess/tests/result-set#solution> __:c21.
- __:c0 <http://www.w3.org/2001/sw/DataAccess/tests/result-set#solution> __:c22.
- __:c10 <http://www.w3.org/2001/sw/DataAccess/tests/result-set#value> "1.0e0"^^<http://www.w3.org/2001/XMLSchema#double>.
- __:c11 <http://www.w3.org/2001/sw/DataAccess/tests/result-set#value> "1.3e0"^^<http://www.w3.org/2001/XMLSchema#double>.
- __:c12 <http://www.w3.org/2001/sw/DataAccess/tests/result-set#value> "1.3e0"^^<http://www.w3.org/2001/XMLSchema#float>.
- __:c13 <http://www.w3.org/2001/sw/DataAccess/tests/result-set#value> "ABC".
- __:c14 <http://www.w3.org/2001/sw/DataAccess/tests/result-set#value> "ABC"@en.
- __:c15 <http://www.w3.org/2001/sw/DataAccess/tests/result-set#value> "ABC"^^<http://www.w3.org/2001/XMLSchema#string>.
- __:c16 <http://www.w3.org/2001/sw/DataAccess/tests/result-set#value> "_:a17".
- __:c17 <http://www.w3.org/2001/sw/DataAccess/tests/result-set#value> "abc".
- __:c18 <http://www.w3.org/2001/sw/DataAccess/tests/result-set#value> "abc"@en.
- __:c19 <http://www.w3.org/2001/sw/DataAccess/tests/result-set#value> "abc"^^<http://www.w3.org/2001/XMLSchema#string>.
- __:c20 <http://www.w3.org/2001/sw/DataAccess/tests/result-set#value> <http://example/z1>.
- __:c21 <http://www.w3.org/2001/sw/DataAccess/tests/result-set#binding> __:c1.
- __:c22 <http://www.w3.org/2001/sw/DataAccess/tests/result-set#binding> __:c10.
- __:c23 <http://www.w3.org/2001/sw/DataAccess/tests/result-set#binding> __:c11.
- __:c24 <http://www.w3.org/2001/sw/DataAccess/tests/result-set#binding> __:c12.
- __:c25 <http://www.w3.org/2001/sw/DataAccess/tests/result-set#binding> __:c13.
- __:c26 <http://www.w3.org/2001/sw/DataAccess/tests/result-set#binding> __:c14.
- __:c27 <http://www.w3.org/2001/sw/DataAccess/tests/result-set#binding> __:c15.
- __:c28 <http://www.w3.org/2001/sw/DataAccess/tests/result-set#binding> __:c16.
- __:c29 <http://www.w3.org/2001/sw/DataAccess/tests/result-set#binding> __:c17.
- __:c30 <http://www.w3.org/2001/sw/DataAccess/tests/result-set#binding> __:c18.
- __:c31 <http://www.w3.org/2001/sw/DataAccess/tests/result-set#binding> __:c19.
- __:c32 <http://www.w3.org/2001/sw/DataAccess/tests/result-set#binding> __:c2.
- __:c33 <http://www.w3.org/2001/sw/DataAccess/tests/result-set#binding> __:c20.
- __:c34 <http://www.w3.org/2001/sw/DataAccess/tests/result-set#binding> __:c3.
- __:c35 <http://www.w3.org/2001/sw/DataAccess/tests/result-set#binding> __:c4.
- __:c36 <http://www.w3.org/2001/sw/DataAccess/tests/result-set#binding> __:c5.
- __:c37 <http://www.w3.org/2001/sw/DataAccess/tests/result-set#binding> __:c6.
- __:c38 <http://www.w3.org/2001/sw/DataAccess/tests/result-set#binding> __:c7.
- __:c39 <http://www.w3.org/2001/sw/DataAccess/tests/result-set#binding> __:c8.
- __:c40 <http://www.w3.org/2001/sw/DataAccess/tests/result-set#binding> __:c9.
- __:c5 <http://www.w3.org/2001/sw/DataAccess/tests/result-set#value> "+1.0"^^<http://www.w3.org/2001/XMLSchema#decimal>.
- __:c8 <http://www.w3.org/2001/sw/DataAccess/tests/result-set#value> "1"^^<http://www.w3.org/2001/XMLSchema#integer>.
- __:c9 <http://www.w3.org/2001/sw/DataAccess/tests/result-set#value> "1.0"^^<http://www.w3.org/2001/XMLSchema#decimal>.
+ __:c0 <http://www.w3.org/2001/sw/DataAccess/tests/result-set#solution> __:c41.
+ __:c0 <http://www.w3.org/2001/sw/DataAccess/tests/result-set#solution> __:c42.
+ __:c0 <http://www.w3.org/2001/sw/DataAccess/tests/result-set#solution> __:c43.
+ __:c0 <http://www.w3.org/2001/sw/DataAccess/tests/result-set#solution> __:c44.
+ __:c10 <http://www.w3.org/2001/sw/DataAccess/tests/result-set#value> "1.0"^^<http://www.w3.org/2001/XMLSchema#decimal>.
+ __:c11 <http://www.w3.org/2001/sw/DataAccess/tests/result-set#value> "1.0"^^<http://www.w3.org/2001/XMLSchema#double>.
+ __:c12 <http://www.w3.org/2001/sw/DataAccess/tests/result-set#value> "1.0e0"^^<http://www.w3.org/2001/XMLSchema#double>.
+ __:c13 <http://www.w3.org/2001/sw/DataAccess/tests/result-set#value> "1.3"^^<http://www.w3.org/2001/XMLSchema#double>.
+ __:c14 <http://www.w3.org/2001/sw/DataAccess/tests/result-set#value> "1.3e0"^^<http://www.w3.org/2001/XMLSchema#float>.
+ __:c15 <http://www.w3.org/2001/sw/DataAccess/tests/result-set#value> "ABC".
+ __:c16 <http://www.w3.org/2001/sw/DataAccess/tests/result-set#value> "ABC"@en.
+ __:c17 <http://www.w3.org/2001/sw/DataAccess/tests/result-set#value> "ABC"^^<http://www.w3.org/2001/XMLSchema#string>.
+ __:c18 <http://www.w3.org/2001/sw/DataAccess/tests/result-set#value> "_:a18".
+ __:c19 <http://www.w3.org/2001/sw/DataAccess/tests/result-set#value> "abc".
+ __:c20 <http://www.w3.org/2001/sw/DataAccess/tests/result-set#value> "abc"@en.
+ __:c21 <http://www.w3.org/2001/sw/DataAccess/tests/result-set#value> "abc"^^<http://www.w3.org/2001/XMLSchema#string>.
+ __:c21 <http://www.w3.org/2001/sw/DataAccess/tests/result-set#variable> "v".
+ __:c22 <http://www.w3.org/2001/sw/DataAccess/tests/result-set#value> <http://example/z1>.
+ __:c22 <http://www.w3.org/2001/sw/DataAccess/tests/result-set#variable> "v".
+ __:c23 <http://www.w3.org/2001/sw/DataAccess/tests/result-set#binding> __:c1.
+ __:c24 <http://www.w3.org/2001/sw/DataAccess/tests/result-set#binding> __:c10.
+ __:c25 <http://www.w3.org/2001/sw/DataAccess/tests/result-set#binding> __:c11.
+ __:c26 <http://www.w3.org/2001/sw/DataAccess/tests/result-set#binding> __:c12.
+ __:c27 <http://www.w3.org/2001/sw/DataAccess/tests/result-set#binding> __:c13.
+ __:c28 <http://www.w3.org/2001/sw/DataAccess/tests/result-set#binding> __:c14.
+ __:c29 <http://www.w3.org/2001/sw/DataAccess/tests/result-set#binding> __:c15.
+ __:c30 <http://www.w3.org/2001/sw/DataAccess/tests/result-set#binding> __:c16.
+ __:c31 <http://www.w3.org/2001/sw/DataAccess/tests/result-set#binding> __:c17.
+ __:c32 <http://www.w3.org/2001/sw/DataAccess/tests/result-set#binding> __:c18.
+ __:c33 <http://www.w3.org/2001/sw/DataAccess/tests/result-set#binding> __:c19.
+ __:c34 <http://www.w3.org/2001/sw/DataAccess/tests/result-set#binding> __:c2.
+ __:c35 <http://www.w3.org/2001/sw/DataAccess/tests/result-set#binding> __:c20.
+ __:c36 <http://www.w3.org/2001/sw/DataAccess/tests/result-set#binding> __:c21.
+ __:c37 <http://www.w3.org/2001/sw/DataAccess/tests/result-set#binding> __:c22.
+ __:c38 <http://www.w3.org/2001/sw/DataAccess/tests/result-set#binding> __:c3.
+ __:c39 <http://www.w3.org/2001/sw/DataAccess/tests/result-set#binding> __:c4.
+ __:c40 <http://www.w3.org/2001/sw/DataAccess/tests/result-set#binding> __:c5.
+ __:c41 <http://www.w3.org/2001/sw/DataAccess/tests/result-set#binding> __:c6.
+ __:c42 <http://www.w3.org/2001/sw/DataAccess/tests/result-set#binding> __:c7.
+ __:c43 <http://www.w3.org/2001/sw/DataAccess/tests/result-set#binding> __:c8.
+ __:c44 <http://www.w3.org/2001/sw/DataAccess/tests/result-set#binding> __:c9.
+ __:c5 <http://www.w3.org/2001/sw/DataAccess/tests/result-set#value> "0"^^<http://www.w3.org/2001/XMLSchema#decimal>.
+ __:c8 <http://www.w3.org/2001/sw/DataAccess/tests/result-set#value> "1"^^<http://www.w3.org/2001/XMLSchema#decimal>.
+ __:c9 <http://www.w3.org/2001/sw/DataAccess/tests/result-set#value> "1"^^<http://www.w3.org/2001/XMLSchema#integer>.
			result	fail
236 distinct-star-1	SELECT DISTINCT *	None	http://www.w3.org/2001/sw/DataAccess/tests/data-r2/distinct/distinct-star-1.rq	Query
python ../../cwm.py http://www.w3.org/2001/sw/DataAccess/tests/data-r2/distinct/data-star.ttl --sparql=http://www.w3.org/2001/sw/DataAccess/tests/data-r2/distinct/distinct-star-1.rq --sparqlResults  > ///home/syosi/cvs-trunk/WWW/2000/10/swap/test/sparql/,temp/SELECT_DISTINCT_*_dawg_test.out
loaded from file  0.167747974396
			result	pass
237 dawg-str-1	str-1	None	http://www.w3.org/2001/sw/DataAccess/tests/data-r2/expr-builtin/q-str-1.rq	Query
python ../../cwm.py http://www.w3.org/2001/sw/DataAccess/tests/data-r2/expr-builtin/data-builtin-1.ttl --sparql=http://www.w3.org/2001/sw/DataAccess/tests/data-r2/expr-builtin/q-str-1.rq --sparqlResults  > ///home/syosi/cvs-trunk/WWW/2000/10/swap/test/sparql/,temp/str-1_dawg_test.out
loaded from file  0.172311067581
- __:c0 <http://www.w3.org/2001/sw/DataAccess/tests/result-set#resultVariable> "v".
- __:c0 <http://www.w3.org/2001/sw/DataAccess/tests/result-set#resultVariable> "x".
- __:c0 <http://www.w3.org/2001/sw/DataAccess/tests/result-set#solution> __:c10.
- __:c0 <http://www.w3.org/2001/sw/DataAccess/tests/result-set#solution> __:c7.
- __:c0 <http://www.w3.org/2001/sw/DataAccess/tests/result-set#solution> __:c8.
- __:c0 <http://www.w3.org/2001/sw/DataAccess/tests/result-set#solution> __:c9.
- __:c1 <http://www.w3.org/2001/sw/DataAccess/tests/result-set#value> "1".
- __:c1 <http://www.w3.org/2001/sw/DataAccess/tests/result-set#variable> "v".
- __:c10 <http://www.w3.org/2001/sw/DataAccess/tests/result-set#binding> __:c11.
- __:c10 <http://www.w3.org/2001/sw/DataAccess/tests/result-set#binding> __:c5.
- __:c11 <http://www.w3.org/2001/sw/DataAccess/tests/result-set#value> "1"^^<http://www.w3.org/2001/XMLSchema#integer>.
- __:c11 <http://www.w3.org/2001/sw/DataAccess/tests/result-set#variable> "v".
- __:c12 <http://www.w3.org/2001/sw/DataAccess/tests/result-set#value> "1"^^<http://www.w3.org/2001/XMLSchema#integer>.
- __:c12 <http://www.w3.org/2001/sw/DataAccess/tests/result-set#variable> "v".
- __:c2 <http://www.w3.org/2001/sw/DataAccess/tests/result-set#value> "1"^^<http://www.w3.org/2001/XMLSchema#double>.
- __:c2 <http://www.w3.org/2001/sw/DataAccess/tests/result-set#variable> "v".
- __:c3 <http://www.w3.org/2001/sw/DataAccess/tests/result-set#value> <http://example.org/things#xd3>.
- __:c3 <http://www.w3.org/2001/sw/DataAccess/tests/result-set#variable> "x".
- __:c4 <http://www.w3.org/2001/sw/DataAccess/tests/result-set#value> <http://example.org/things#xi1>.
- __:c4 <http://www.w3.org/2001/sw/DataAccess/tests/result-set#variable> "x".
- __:c5 <http://www.w3.org/2001/sw/DataAccess/tests/result-set#value> <http://example.org/things#xi2>.
- __:c5 <http://www.w3.org/2001/sw/DataAccess/tests/result-set#variable> "x".
- __:c6 <http://www.w3.org/2001/sw/DataAccess/tests/result-set#value> <http://example.org/things#xp2>.
- __:c6 <http://www.w3.org/2001/sw/DataAccess/tests/result-set#variable> "x".
- __:c7 <http://www.w3.org/2001/sw/DataAccess/tests/result-set#binding> __:c1.
- __:c7 <http://www.w3.org/2001/sw/DataAccess/tests/result-set#binding> __:c6.
- __:c8 <http://www.w3.org/2001/sw/DataAccess/tests/result-set#binding> __:c2.
- __:c8 <http://www.w3.org/2001/sw/DataAccess/tests/result-set#binding> __:c3.
- __:c9 <http://www.w3.org/2001/sw/DataAccess/tests/result-set#binding> __:c12.
- __:c9 <http://www.w3.org/2001/sw/DataAccess/tests/result-set#binding> __:c4.
			result	fail
238 dawg-str-2	str-2	None	http://www.w3.org/2001/sw/DataAccess/tests/data-r2/expr-builtin/q-str-2.rq	Query
python ../../cwm.py http://www.w3.org/2001/sw/DataAccess/tests/data-r2/expr-builtin/data-builtin-1.ttl --sparql=http://www.w3.org/2001/sw/DataAccess/tests/data-r2/expr-builtin/q-str-2.rq --sparqlResults  > ///home/syosi/cvs-trunk/WWW/2000/10/swap/test/sparql/,temp/str-2_dawg_test.out
loaded from file  0.166938066483
- __:c0 <http://www.w3.org/2001/sw/DataAccess/tests/result-set#resultVariable> "v".
- __:c0 <http://www.w3.org/2001/sw/DataAccess/tests/result-set#resultVariable> "x".
- __:c0 <http://www.w3.org/2001/sw/DataAccess/tests/result-set#solution> __:c1.
- __:c1 <http://www.w3.org/2001/sw/DataAccess/tests/result-set#binding> __:c2.
- __:c1 <http://www.w3.org/2001/sw/DataAccess/tests/result-set#binding> __:c3.
- __:c2 <http://www.w3.org/2001/sw/DataAccess/tests/result-set#value> "1"^^<http://www.w3.org/2001/XMLSchema#integer>.
- __:c2 <http://www.w3.org/2001/sw/DataAccess/tests/result-set#variable> "v".
- __:c3 <http://www.w3.org/2001/sw/DataAccess/tests/result-set#value> <http://example.org/things#xi3>.
- __:c3 <http://www.w3.org/2001/sw/DataAccess/tests/result-set#variable> "x".
			result	fail
239 dawg-str-3	str-3	None	http://www.w3.org/2001/sw/DataAccess/tests/data-r2/expr-builtin/q-str-3.rq	Query
python ../../cwm.py http://www.w3.org/2001/sw/DataAccess/tests/data-r2/expr-builtin/data-builtin-1.ttl --sparql=http://www.w3.org/2001/sw/DataAccess/tests/data-r2/expr-builtin/q-str-3.rq --sparqlResults  > ///home/syosi/cvs-trunk/WWW/2000/10/swap/test/sparql/,temp/str-3_dawg_test.out
loaded from file  0.270880937576
- __:c0 <http://www.w3.org/2001/sw/DataAccess/tests/result-set#resultVariable> "v".
- __:c0 <http://www.w3.org/2001/sw/DataAccess/tests/result-set#resultVariable> "x".
- __:c0 <http://www.w3.org/2001/sw/DataAccess/tests/result-set#solution> __:c5.
- __:c0 <http://www.w3.org/2001/sw/DataAccess/tests/result-set#solution> __:c6.
- __:c1 <http://www.w3.org/2001/sw/DataAccess/tests/result-set#value> "zzz".
- __:c1 <http://www.w3.org/2001/sw/DataAccess/tests/result-set#variable> "v".
- __:c2 <http://www.w3.org/2001/sw/DataAccess/tests/result-set#value> "zzz"^^<http://example.org/things#myType>.
- __:c2 <http://www.w3.org/2001/sw/DataAccess/tests/result-set#variable> "v".
- __:c3 <http://www.w3.org/2001/sw/DataAccess/tests/result-set#value> <http://example.org/things#xp1>.
- __:c3 <http://www.w3.org/2001/sw/DataAccess/tests/result-set#variable> "x".
- __:c4 <http://www.w3.org/2001/sw/DataAccess/tests/result-set#value> <http://example.org/things#xt1>.
- __:c4 <http://www.w3.org/2001/sw/DataAccess/tests/result-set#variable> "x".
- __:c5 <http://www.w3.org/2001/sw/DataAccess/tests/result-set#binding> __:c1.
- __:c5 <http://www.w3.org/2001/sw/DataAccess/tests/result-set#binding> __:c3.
- __:c6 <http://www.w3.org/2001/sw/DataAccess/tests/result-set#binding> __:c2.
- __:c6 <http://www.w3.org/2001/sw/DataAccess/tests/result-set#binding> __:c4.
			result	fail
240 dawg-str-4	str-4	None	http://www.w3.org/2001/sw/DataAccess/tests/data-r2/expr-builtin/q-str-4.rq	Query
python ../../cwm.py http://www.w3.org/2001/sw/DataAccess/tests/data-r2/expr-builtin/data-builtin-1.ttl --sparql=http://www.w3.org/2001/sw/DataAccess/tests/data-r2/expr-builtin/q-str-4.rq --sparqlResults  > ///home/syosi/cvs-trunk/WWW/2000/10/swap/test/sparql/,temp/str-4_dawg_test.out
loaded from file  0.343529939651
- __:c0 <http://www.w3.org/2001/sw/DataAccess/tests/result-set#resultVariable> "v".
- __:c0 <http://www.w3.org/2001/sw/DataAccess/tests/result-set#resultVariable> "x".
- __:c0 <http://www.w3.org/2001/sw/DataAccess/tests/result-set#solution> __:c1.
- __:c1 <http://www.w3.org/2001/sw/DataAccess/tests/result-set#binding> __:c2.
- __:c1 <http://www.w3.org/2001/sw/DataAccess/tests/result-set#binding> __:c3.
- __:c2 <http://www.w3.org/2001/sw/DataAccess/tests/result-set#value> "".
- __:c2 <http://www.w3.org/2001/sw/DataAccess/tests/result-set#variable> "v".
- __:c3 <http://www.w3.org/2001/sw/DataAccess/tests/result-set#value> <http://example.org/things#xp2>.
- __:c3 <http://www.w3.org/2001/sw/DataAccess/tests/result-set#variable> "x".
			result	fail
241 dawg-isBlank-1	isBlank-1	None	http://www.w3.org/2001/sw/DataAccess/tests/data-r2/expr-builtin/q-blank-1.rq	Query
python ../../cwm.py http://www.w3.org/2001/sw/DataAccess/tests/data-r2/expr-builtin/data-builtin-1.ttl --sparql=http://www.w3.org/2001/sw/DataAccess/tests/data-r2/expr-builtin/q-blank-1.rq --sparqlResults  > ///home/syosi/cvs-trunk/WWW/2000/10/swap/test/sparql/,temp/isBlank-1_dawg_test.out
loaded from file  0.280701875687
Traceback (most recent call last):
  File "../../cwm.py", line 746, in ?
    doCommand()
  File "../../cwm.py", line 563, in doCommand
    referer="", contentType="x-application/sparql")
  File "/home/syosi/cvs-trunk/WWW/2000/10/swap/llyn.py", line 1608, in load
    referer=referer, why=why)  
  File "/home/syosi/cvs-trunk/WWW/2000/10/swap/webAccess.py", line 196, in load
    F = p.parse(sparql_parser.start).close()
  File "/home/syosi/cvs-trunk/WWW/2000/10/swap/sparql/sparql_parser.py", line 100, in parse
    self.onFinish()
  File "/home/syosi/cvs-trunk/WWW/2000/10/swap/sparql/sparql_parser.py", line 112, in onFinish
    prod = self.sink.prod(self.productions.pop())
  File "/home/syosi/cvs-trunk/WWW/2000/10/swap/sparql2cwm.py", line 397, in prod
    return getattr(self, 'on_' + abbr(production[0]))(production)
  File "/home/syosi/cvs-trunk/WWW/2000/10/swap/sparql2cwm.py", line 1317, in on_Constraint
    val = AST(p[2], FilterExpr(self.store, self)).run()
  File "/home/syosi/cvs-trunk/WWW/2000/10/swap/sparql2cwm.py", line 352, in run
    k = self.onFinish()
  File "/home/syosi/cvs-trunk/WWW/2000/10/swap/sparql2cwm.py", line 378, in onFinish
    prod = self.sink.prod(k)
  File "/home/syosi/cvs-trunk/WWW/2000/10/swap/sparql2cwm.py", line 402, in prod
    raise RuntimeError("why don't you define a %s function, to call on %s?" % ('on_' + abbr(production[0]), `production`))
RuntimeError: why don't you define a on_isBlank function, to call on [u'isBlank', ('Var', v)]?
			result	fail
242 dawg-isLiteral-1	isLiteral	None	http://www.w3.org/2001/sw/DataAccess/tests/data-r2/expr-builtin/q-isliteral-1.rq	Query
python ../../cwm.py http://www.w3.org/2001/sw/DataAccess/tests/data-r2/expr-builtin/data-builtin-2.ttl --sparql=http://www.w3.org/2001/sw/DataAccess/tests/data-r2/expr-builtin/q-isliteral-1.rq --sparqlResults  > ///home/syosi/cvs-trunk/WWW/2000/10/swap/test/sparql/,temp/isLiteral_dawg_test.out
               Warning: <unknownType> is not a fragment! 
loaded from file  0.33153295517
Traceback (most recent call last):
  File "../../cwm.py", line 746, in ?
    doCommand()
  File "../../cwm.py", line 563, in doCommand
    referer="", contentType="x-application/sparql")
  File "/home/syosi/cvs-trunk/WWW/2000/10/swap/llyn.py", line 1608, in load
    referer=referer, why=why)  
  File "/home/syosi/cvs-trunk/WWW/2000/10/swap/webAccess.py", line 196, in load
    F = p.parse(sparql_parser.start).close()
  File "/home/syosi/cvs-trunk/WWW/2000/10/swap/sparql/sparql_parser.py", line 100, in parse
    self.onFinish()
  File "/home/syosi/cvs-trunk/WWW/2000/10/swap/sparql/sparql_parser.py", line 112, in onFinish
    prod = self.sink.prod(self.productions.pop())
  File "/home/syosi/cvs-trunk/WWW/2000/10/swap/sparql2cwm.py", line 397, in prod
    return getattr(self, 'on_' + abbr(production[0]))(production)
  File "/home/syosi/cvs-trunk/WWW/2000/10/swap/sparql2cwm.py", line 1317, in on_Constraint
    val = AST(p[2], FilterExpr(self.store, self)).run()
  File "/home/syosi/cvs-trunk/WWW/2000/10/swap/sparql2cwm.py", line 352, in run
    k = self.onFinish()
  File "/home/syosi/cvs-trunk/WWW/2000/10/swap/sparql2cwm.py", line 378, in onFinish
    prod = self.sink.prod(k)
  File "/home/syosi/cvs-trunk/WWW/2000/10/swap/sparql2cwm.py", line 402, in prod
    raise RuntimeError("why don't you define a %s function, to call on %s?" % ('on_' + abbr(production[0]), `production`))
RuntimeError: why don't you define a on_isLiteral function, to call on [u'isLiteral', ('Var', v)]?
			result	fail
243 dawg-datatype-1	datatype-1	None	http://www.w3.org/2001/sw/DataAccess/tests/data-r2/expr-builtin/q-datatype-1.rq	Query
python ../../cwm.py http://www.w3.org/2001/sw/DataAccess/tests/data-r2/expr-builtin/data-builtin-1.ttl --sparql=http://www.w3.org/2001/sw/DataAccess/tests/data-r2/expr-builtin/q-datatype-1.rq --sparqlResults  > ///home/syosi/cvs-trunk/WWW/2000/10/swap/test/sparql/,temp/datatype-1_dawg_test.out
loaded from file  0.237771034241
          Warning: Built-in dtLit^_g36 failed because:
             TypeError: I can only find the datatype of a Literal, not a 'AnonymousExistential' 
          Warning: Built-in dtLit^z failed because:
             TypeError: I can only find the datatype of a Literal, not a 'Fragment' 
          Warning: Built-in dtLit^_g36 failed because:
             TypeError: I can only find the datatype of a Literal, not a 'AnonymousExistential' 
          Warning: Built-in dtLit^z failed because:
             TypeError: I can only find the datatype of a Literal, not a 'Fragment' 
- __:c0 <http://www.w3.org/2001/sw/DataAccess/tests/result-set#solution> __:c8.
- __:c0 <http://www.w3.org/2001/sw/DataAccess/tests/result-set#solution> __:c9.
- __:c2 <http://www.w3.org/2001/sw/DataAccess/tests/result-set#value> "1.0"^^<http://www.w3.org/2001/XMLSchema#double>.
- __:c2 <http://www.w3.org/2001/sw/DataAccess/tests/result-set#variable> "v".
- __:c3 <http://www.w3.org/2001/sw/DataAccess/tests/result-set#value> "1.0e0"^^<http://www.w3.org/2001/XMLSchema#double>.
- __:c3 <http://www.w3.org/2001/sw/DataAccess/tests/result-set#variable> "v".
- __:c4 <http://www.w3.org/2001/sw/DataAccess/tests/result-set#value> <http://example.org/things#xd1>.
- __:c5 <http://www.w3.org/2001/sw/DataAccess/tests/result-set#value> <http://example.org/things#xd2>.
- __:c5 <http://www.w3.org/2001/sw/DataAccess/tests/result-set#variable> "x".
- __:c6 <http://www.w3.org/2001/sw/DataAccess/tests/result-set#value> <http://example.org/things#xd3>.
- __:c6 <http://www.w3.org/2001/sw/DataAccess/tests/result-set#variable> "x".
- __:c7 <http://www.w3.org/2001/sw/DataAccess/tests/result-set#binding> __:c1.
- __:c7 <http://www.w3.org/2001/sw/DataAccess/tests/result-set#binding> __:c6.
- __:c8 <http://www.w3.org/2001/sw/DataAccess/tests/result-set#binding> __:c2.
- __:c8 <http://www.w3.org/2001/sw/DataAccess/tests/result-set#binding> __:c5.
- __:c9 <http://www.w3.org/2001/sw/DataAccess/tests/result-set#binding> __:c3.
- __:c9 <http://www.w3.org/2001/sw/DataAccess/tests/result-set#binding> __:c4.
+ __:c0 <http://www.w3.org/2001/sw/DataAccess/tests/result-set#solution> __:c5.
+ __:c0 <http://www.w3.org/2001/sw/DataAccess/tests/result-set#solution> __:c6.
+ __:c2 <http://www.w3.org/2001/sw/DataAccess/tests/result-set#value> <http://example.org/things#xd1>.
+ __:c2 <http://www.w3.org/2001/sw/DataAccess/tests/result-set#variable> "x".
+ __:c3 <http://www.w3.org/2001/sw/DataAccess/tests/result-set#value> <http://example.org/things#xd2>.
+ __:c3 <http://www.w3.org/2001/sw/DataAccess/tests/result-set#variable> "x".
+ __:c4 <http://www.w3.org/2001/sw/DataAccess/tests/result-set#value> <http://example.org/things#xd3>.
+ __:c5 <http://www.w3.org/2001/sw/DataAccess/tests/result-set#binding> __:c1.
+ __:c5 <http://www.w3.org/2001/sw/DataAccess/tests/result-set#binding> __:c4.
+ __:c6 <http://www.w3.org/2001/sw/DataAccess/tests/result-set#binding> __:c2.
+ __:c6 <http://www.w3.org/2001/sw/DataAccess/tests/result-set#binding> __:c8.
+ __:c7 <http://www.w3.org/2001/sw/DataAccess/tests/result-set#binding> __:c3.
+ __:c7 <http://www.w3.org/2001/sw/DataAccess/tests/result-set#binding> __:c9.
+ __:c8 <http://www.w3.org/2001/sw/DataAccess/tests/result-set#value> "1.0"^^<http://www.w3.org/2001/XMLSchema#double>.
+ __:c8 <http://www.w3.org/2001/sw/DataAccess/tests/result-set#variable> "v".
+ __:c9 <http://www.w3.org/2001/sw/DataAccess/tests/result-set#value> "1.0"^^<http://www.w3.org/2001/XMLSchema#double>.
+ __:c9 <http://www.w3.org/2001/sw/DataAccess/tests/result-set#variable> "v".
			result	fail
244 dawg-datatype-2	datatype-2 : Literals with a datatype	updated from original test case: eliminated ordering from test	http://www.w3.org/2001/sw/DataAccess/tests/data-r2/expr-builtin/q-datatype-2.rq	Query
python ../../cwm.py http://www.w3.org/2001/sw/DataAccess/tests/data-r2/expr-builtin/data-builtin-2.ttl --sparql=http://www.w3.org/2001/sw/DataAccess/tests/data-r2/expr-builtin/q-datatype-2.rq --sparqlResults  > ///home/syosi/cvs-trunk/WWW/2000/10/swap/test/sparql/,temp/datatype-2_:_Literals_with_a_datatype_dawg_test.out
               Warning: <unknownType> is not a fragment! 
loaded from file  0.190602064133
          Warning: Built-in dtLit^_g36 failed because:
             TypeError: I can only find the datatype of a Literal, not a 'AnonymousExistential' 
          Warning: Built-in dtLit^iri failed because:
             TypeError: I can only find the datatype of a Literal, not a 'Symbol' 
          Warning: Built-in xsd:integer notEquals NotADataTypeIRI failed because:
             TypeError: (xsd:integer, NotADataTypeIRI) 
Traceback (most recent call last):
  File "../../cwm.py", line 746, in ?
    doCommand()
  File "../../cwm.py", line 567, in doCommand
    applySparqlQueries(workingContext, filterContext, _newContext)
  File "/home/syosi/cvs-trunk/WWW/2000/10/swap/query.py", line 119, in applySparqlQueries
    result = t.runSmart()
  File "/home/syosi/cvs-trunk/WWW/2000/10/swap/query.py", line 250, in runSmart
    total += cy.run()
  File "/home/syosi/cvs-trunk/WWW/2000/10/swap/query.py", line 413, in run
    return rule.once()
  File "/home/syosi/cvs-trunk/WWW/2000/10/swap/query.py", line 557, in once
    total = query.resolve()
  File "/home/syosi/cvs-trunk/WWW/2000/10/swap/query.py", line 840, in resolve
    k = self.matchFormula(self.statements, self.variables, self._existentialVariables)
  File "/home/syosi/cvs-trunk/WWW/2000/10/swap/query.py", line 999, in matchFormula
    nbs = item.tryBuiltin(queue, bindings, evidence=evidence)
  File "/home/syosi/cvs-trunk/WWW/2000/10/swap/query.py", line 1746, in tryBuiltin
    return [(nb1, diag.tracking and BecauseBuiltIn(con, subj, pred, result))
  File "/home/syosi/cvs-trunk/WWW/2000/10/swap/term.py", line 1279, in unify
    for x in self.unifySecondary(other, env1, env2, vars, universals, existentials, n1Source=n1Source, n2Source=n2Source):
  File "/home/syosi/cvs-trunk/WWW/2000/10/swap/term.py", line 1300, in unifySequence
    n1Source, n2Source):
  File "/home/syosi/cvs-trunk/WWW/2000/10/swap/term.py", line 1297, in unifySequence
    n1Source, n2Source):
  File "/home/syosi/cvs-trunk/WWW/2000/10/swap/term.py", line 1216, in unify
    if occurs_check(self, other, env2):  ## This needs help
  File "/home/syosi/cvs-trunk/WWW/2000/10/swap/term.py", line 1326, in occurs_check
    return not other.occurringIn(set([self]))
AttributeError: 'NoneType' object has no attribute 'occurringIn'
			result	fail
245 dawg-datatype-3	datatype-3 : Literals with a datatype of xsd:string	updated from original test case: eliminated ordering from test	http://www.w3.org/2001/sw/DataAccess/tests/data-r2/expr-builtin/q-datatype-3.rq	Query
python ../../cwm.py http://www.w3.org/2001/sw/DataAccess/tests/data-r2/expr-builtin/data-builtin-2.ttl --sparql=http://www.w3.org/2001/sw/DataAccess/tests/data-r2/expr-builtin/q-datatype-3.rq --sparqlResults  > ///home/syosi/cvs-trunk/WWW/2000/10/swap/test/sparql/,temp/datatype-3_:_Literals_with_a_datatype_of_xsd:string_dawg_test.out
               Warning: <unknownType> is not a fragment! 
loaded from file  0.212040185928
          Warning: Built-in dtLit^_g36 failed because:
             TypeError: I can only find the datatype of a Literal, not a 'AnonymousExistential' 
          Warning: Built-in dtLit^iri failed because:
             TypeError: I can only find the datatype of a Literal, not a 'Symbol' 
          Warning: Built-in dtLit^_g36 failed because:
             TypeError: I can only find the datatype of a Literal, not a 'AnonymousExistential' 
          Warning: Built-in dtLit^iri failed because:
             TypeError: I can only find the datatype of a Literal, not a 'Symbol' 
- __:c0 <http://www.w3.org/2001/sw/DataAccess/tests/result-set#solution> __:c3.
- __:c0 <http://www.w3.org/2001/sw/DataAccess/tests/result-set#solution> __:c4.
- __:c1 <http://www.w3.org/2001/sw/DataAccess/tests/result-set#value> <http://example/x1>.
- __:c1 <http://www.w3.org/2001/sw/DataAccess/tests/result-set#variable> "x".
- __:c3 <http://www.w3.org/2001/sw/DataAccess/tests/result-set#binding> __:c1.
- __:c4 <http://www.w3.org/2001/sw/DataAccess/tests/result-set#binding> __:c2.
+ __:c0 <http://www.w3.org/2001/sw/DataAccess/tests/result-set#solution> __:c1.
+ __:c1 <http://www.w3.org/2001/sw/DataAccess/tests/result-set#binding> __:c2.
			result	fail
246 dawg-lang-1	lang-1 : Literals with a lang tag of some kind	updated from original test case: eliminated ordering from test	http://www.w3.org/2001/sw/DataAccess/tests/data-r2/expr-builtin/q-lang-1.rq	Query
python ../../cwm.py http://www.w3.org/2001/sw/DataAccess/tests/data-r2/expr-builtin/data-builtin-2.ttl --sparql=http://www.w3.org/2001/sw/DataAccess/tests/data-r2/expr-builtin/q-lang-1.rq --sparqlResults  > ///home/syosi/cvs-trunk/WWW/2000/10/swap/test/sparql/,temp/lang-1_:_Literals_with_a_lang_tag_of_some_kind_dawg_test.out
               Warning: <unknownType> is not a fragment! 
loaded from file  0.176111936569
          Warning: Built-in langLit^_g36 failed because:
             TypeError: I can only find the datatype of a Literal, not a 'AnonymousExistential' 
          Warning: Built-in langLit^iri failed because:
             TypeError: I can only find the datatype of a Literal, not a 'Symbol' 
			result	pass
247 dawg-lang-2	lang-2 : Literals with a lang tag of ''	updated from original test case: eliminated ordering from test	http://www.w3.org/2001/sw/DataAccess/tests/data-r2/expr-builtin/q-lang-2.rq	Query
python ../../cwm.py http://www.w3.org/2001/sw/DataAccess/tests/data-r2/expr-builtin/data-builtin-2.ttl --sparql=http://www.w3.org/2001/sw/DataAccess/tests/data-r2/expr-builtin/q-lang-2.rq --sparqlResults  > ///home/syosi/cvs-trunk/WWW/2000/10/swap/test/sparql/,temp/lang-2_:_Literals_with_a_lang_tag_of____dawg_test.out
               Warning: <unknownType> is not a fragment! 
loaded from file  0.216249227524
          Warning: Built-in langLit^_g36 failed because:
             TypeError: I can only find the datatype of a Literal, not a 'AnonymousExistential' 
          Warning: Built-in langLit^iri failed because:
             TypeError: I can only find the datatype of a Literal, not a 'Symbol' 
          Warning: Built-in langLit^_g36 failed because:
             TypeError: I can only find the datatype of a Literal, not a 'AnonymousExistential' 
          Warning: Built-in langLit^iri failed because:
             TypeError: I can only find the datatype of a Literal, not a 'Symbol' 
			result	pass
248 dawg-lang-3	lang-3 : Graph matching with lang tag being a different case	updated from original test case: eliminated ordering from test	http://www.w3.org/2001/sw/DataAccess/tests/data-r2/expr-builtin/q-lang-3.rq	Query
python ../../cwm.py http://www.w3.org/2001/sw/DataAccess/tests/data-r2/expr-builtin/data-builtin-2.ttl --sparql=http://www.w3.org/2001/sw/DataAccess/tests/data-r2/expr-builtin/q-lang-3.rq --sparqlResults  > ///home/syosi/cvs-trunk/WWW/2000/10/swap/test/sparql/,temp/lang-3_:_Graph_matching_with_lang_tag_being_a_different_case_dawg_test.out
               Warning: <unknownType> is not a fragment! 
loaded from file  0.224550008774
- __:c0 <http://www.w3.org/2001/sw/DataAccess/tests/result-set#resultVariable> "x".
- __:c0 <http://www.w3.org/2001/sw/DataAccess/tests/result-set#solution> __:c1.
- __:c1 <http://www.w3.org/2001/sw/DataAccess/tests/result-set#binding> __:c2.
- __:c2 <http://www.w3.org/2001/sw/DataAccess/tests/result-set#value> <http://example/x3>.
- __:c2 <http://www.w3.org/2001/sw/DataAccess/tests/result-set#variable> "x".
			result	fail
249 dawg-isURI-1	isURI-1	None	http://www.w3.org/2001/sw/DataAccess/tests/data-r2/expr-builtin/q-uri-1.rq	Query
python ../../cwm.py http://www.w3.org/2001/sw/DataAccess/tests/data-r2/expr-builtin/data-builtin-1.ttl --sparql=http://www.w3.org/2001/sw/DataAccess/tests/data-r2/expr-builtin/q-uri-1.rq --sparqlResults  > ///home/syosi/cvs-trunk/WWW/2000/10/swap/test/sparql/,temp/isURI-1_dawg_test.out
loaded from file  0.176013946533
			result	pass
250 dawg-isIRI-1	isIRI-1	None	http://www.w3.org/2001/sw/DataAccess/tests/data-r2/expr-builtin/q-iri-1.rq	Query
python ../../cwm.py http://www.w3.org/2001/sw/DataAccess/tests/data-r2/expr-builtin/data-builtin-1.ttl --sparql=http://www.w3.org/2001/sw/DataAccess/tests/data-r2/expr-builtin/q-iri-1.rq --sparqlResults  > ///home/syosi/cvs-trunk/WWW/2000/10/swap/test/sparql/,temp/isIRI-1_dawg_test.out
loaded from file  0.169458866119
Traceback (most recent call last):
  File "../../cwm.py", line 746, in ?
    doCommand()
  File "../../cwm.py", line 563, in doCommand
    referer="", contentType="x-application/sparql")
  File "/home/syosi/cvs-trunk/WWW/2000/10/swap/llyn.py", line 1608, in load
    referer=referer, why=why)  
  File "/home/syosi/cvs-trunk/WWW/2000/10/swap/webAccess.py", line 196, in load
    F = p.parse(sparql_parser.start).close()
  File "/home/syosi/cvs-trunk/WWW/2000/10/swap/sparql/sparql_parser.py", line 90, in parse
    self.newToken()
  File "/home/syosi/cvs-trunk/WWW/2000/10/swap/sparql/sparql_parser.py", line 104, in newToken
    self.token = self.data()
  File "/home/syosi/cvs-trunk/WWW/2000/10/swap/sparql/sparql_tokens.py", line 308, in token
    return self.tokenStream.next()
  File "/home/syosi/cvs-trunk/WWW/2000/10/swap/sparql/sparql_tokens.py", line 284, in parse
    for token in self.tokenize(): 
  File "/home/syosi/cvs-trunk/WWW/2000/10/swap/sparql/sparql_tokens.py", line 292, in tokenize
    (name, m) = self.match(self.was + self.chunk, waslen)
  File "/home/syosi/cvs-trunk/WWW/2000/10/swap/sparql/sparql_tokens.py", line 342, in match
    raise SyntaxError("found %s when expecting one of %s" %
SyntaxError: found isIRI(?v) .
    }
 when expecting one of ['IT_BASE', 'IT_PREFIX', 'IT_SELECT', 'IT_DISTINCT', 'GT_TIMES', 'IT_CONSTRUCT', 'IT_DESCRIBE', 'IT_ASK', 'IT_FROM', 'IT_NAMED', 'IT_WHERE', 'IT_ORDER', 'IT_BY', 'IT_ASC', 'IT_DESC', 'IT_LIMIT', 'IT_OFFSET', 'IT_OPTIONAL', 'IT_GRAPH', 'IT_UNION', 'IT_FILTER', 'GT_LBRACKET', 'GT_LPAREN', 'GT_RBRACKET', 'GT_RPAREN', 'GT_SEMI', 'GT_COMMA', 'IT_a', 'GT_OR', 'GT_AND', 'GT_EQUAL', 'GT_NEQUAL', 'GT_LT', 'GT_GT', 'GT_LE', 'GT_GE', 'GT_PLUS', 'GT_MINUS', 'GT_DIVIDE', 'GT_NOT', 'IT_STR', 'IT_LANG', 'IT_DATATYPE', 'IT_BOUND', 'IT_isURI', 'IT_isBLANK', 'IT_isLITERAL', 'IT_REGEX', 'GT_DTYPE', 'IT_true', 'IT_false', 'QuotedIRIref', 'QNAME_NS', 'QNAME', 'BNODE_LABEL', 'VAR1', 'VAR2', 'LANGTAG', 'INTEGER', 'FLOATING_POINT', 'STRING_LITERAL1', 'STRING_LITERAL2', 'STRING_LITERAL_LONG1', 'STRING_LITERAL_LONG2', 'Dot', 'OpenCurly', 'CloseCurly', 'eof', 'PASSED_TOKENS']
			result	fail
251 dawg-langMatches-1	LangMatches-1	langMatches(lang(?v), 'en-GB') matches 'abc'@en-gb	http://www.w3.org/2001/sw/DataAccess/tests/data-r2/expr-builtin/q-langMatches-1.rq	Query
python ../../cwm.py http://www.w3.org/2001/sw/DataAccess/tests/data-r2/expr-builtin/data-langMatches.ttl --sparql=http://www.w3.org/2001/sw/DataAccess/tests/data-r2/expr-builtin/q-langMatches-1.rq --sparqlResults  > ///home/syosi/cvs-trunk/WWW/2000/10/swap/test/sparql/,temp/LangMatches-1_dawg_test.out
loaded from file  0.203984975815
Traceback (most recent call last):
  File "../../cwm.py", line 746, in ?
    doCommand()
  File "../../cwm.py", line 563, in doCommand
    referer="", contentType="x-application/sparql")
  File "/home/syosi/cvs-trunk/WWW/2000/10/swap/llyn.py", line 1608, in load
    referer=referer, why=why)  
  File "/home/syosi/cvs-trunk/WWW/2000/10/swap/webAccess.py", line 196, in load
    F = p.parse(sparql_parser.start).close()
  File "/home/syosi/cvs-trunk/WWW/2000/10/swap/sparql/sparql_parser.py", line 90, in parse
    self.newToken()
  File "/home/syosi/cvs-trunk/WWW/2000/10/swap/sparql/sparql_parser.py", line 104, in newToken
    self.token = self.data()
  File "/home/syosi/cvs-trunk/WWW/2000/10/swap/sparql/sparql_tokens.py", line 308, in token
    return self.tokenStream.next()
  File "/home/syosi/cvs-trunk/WWW/2000/10/swap/sparql/sparql_tokens.py", line 284, in parse
    for token in self.tokenize(): 
  File "/home/syosi/cvs-trunk/WWW/2000/10/swap/sparql/sparql_tokens.py", line 292, in tokenize
    (name, m) = self.match(self.was + self.chunk, waslen)
  File "/home/syosi/cvs-trunk/WWW/2000/10/swap/sparql/sparql_tokens.py", line 342, in match
    raise SyntaxError("found %s when expecting one of %s" %
SyntaxError: found Matches(lang(?v), "en-GB") . }
 when expecting one of ['IT_BASE', 'IT_PREFIX', 'IT_SELECT', 'IT_DISTINCT', 'GT_TIMES', 'IT_CONSTRUCT', 'IT_DESCRIBE', 'IT_ASK', 'IT_FROM', 'IT_NAMED', 'IT_WHERE', 'IT_ORDER', 'IT_BY', 'IT_ASC', 'IT_DESC', 'IT_LIMIT', 'IT_OFFSET', 'IT_OPTIONAL', 'IT_GRAPH', 'IT_UNION', 'IT_FILTER', 'GT_LBRACKET', 'GT_LPAREN', 'GT_RBRACKET', 'GT_RPAREN', 'GT_SEMI', 'GT_COMMA', 'IT_a', 'GT_OR', 'GT_AND', 'GT_EQUAL', 'GT_NEQUAL', 'GT_LT', 'GT_GT', 'GT_LE', 'GT_GE', 'GT_PLUS', 'GT_MINUS', 'GT_DIVIDE', 'GT_NOT', 'IT_STR', 'IT_LANG', 'IT_DATATYPE', 'IT_BOUND', 'IT_isURI', 'IT_isBLANK', 'IT_isLITERAL', 'IT_REGEX', 'GT_DTYPE', 'IT_true', 'IT_false', 'QuotedIRIref', 'QNAME_NS', 'QNAME', 'BNODE_LABEL', 'VAR1', 'VAR2', 'LANGTAG', 'INTEGER', 'FLOATING_POINT', 'STRING_LITERAL1', 'STRING_LITERAL2', 'STRING_LITERAL_LONG1', 'STRING_LITERAL_LONG2', 'Dot', 'OpenCurly', 'CloseCurly', 'eof', 'PASSED_TOKENS']
			result	fail
252 dawg-langMatches-2	LangMatches-2	langMatches(lang(?v), 'en') matches 'abc'@en, 'abc'@en-gb	http://www.w3.org/2001/sw/DataAccess/tests/data-r2/expr-builtin/q-langMatches-2.rq	Query
python ../../cwm.py http://www.w3.org/2001/sw/DataAccess/tests/data-r2/expr-builtin/data-langMatches.ttl --sparql=http://www.w3.org/2001/sw/DataAccess/tests/data-r2/expr-builtin/q-langMatches-2.rq --sparqlResults  > ///home/syosi/cvs-trunk/WWW/2000/10/swap/test/sparql/,temp/LangMatches-2_dawg_test.out
loaded from file  0.17085814476
Traceback (most recent call last):
  File "../../cwm.py", line 746, in ?
    doCommand()
  File "../../cwm.py", line 563, in doCommand
    referer="", contentType="x-application/sparql")
  File "/home/syosi/cvs-trunk/WWW/2000/10/swap/llyn.py", line 1608, in load
    referer=referer, why=why)  
  File "/home/syosi/cvs-trunk/WWW/2000/10/swap/webAccess.py", line 196, in load
    F = p.parse(sparql_parser.start).close()
  File "/home/syosi/cvs-trunk/WWW/2000/10/swap/sparql/sparql_parser.py", line 90, in parse
    self.newToken()
  File "/home/syosi/cvs-trunk/WWW/2000/10/swap/sparql/sparql_parser.py", line 104, in newToken
    self.token = self.data()
  File "/home/syosi/cvs-trunk/WWW/2000/10/swap/sparql/sparql_tokens.py", line 308, in token
    return self.tokenStream.next()
  File "/home/syosi/cvs-trunk/WWW/2000/10/swap/sparql/sparql_tokens.py", line 284, in parse
    for token in self.tokenize(): 
  File "/home/syosi/cvs-trunk/WWW/2000/10/swap/sparql/sparql_tokens.py", line 292, in tokenize
    (name, m) = self.match(self.was + self.chunk, waslen)
  File "/home/syosi/cvs-trunk/WWW/2000/10/swap/sparql/sparql_tokens.py", line 342, in match
    raise SyntaxError("found %s when expecting one of %s" %
SyntaxError: found Matches(lang(?v), "en") . }
 when expecting one of ['IT_BASE', 'IT_PREFIX', 'IT_SELECT', 'IT_DISTINCT', 'GT_TIMES', 'IT_CONSTRUCT', 'IT_DESCRIBE', 'IT_ASK', 'IT_FROM', 'IT_NAMED', 'IT_WHERE', 'IT_ORDER', 'IT_BY', 'IT_ASC', 'IT_DESC', 'IT_LIMIT', 'IT_OFFSET', 'IT_OPTIONAL', 'IT_GRAPH', 'IT_UNION', 'IT_FILTER', 'GT_LBRACKET', 'GT_LPAREN', 'GT_RBRACKET', 'GT_RPAREN', 'GT_SEMI', 'GT_COMMA', 'IT_a', 'GT_OR', 'GT_AND', 'GT_EQUAL', 'GT_NEQUAL', 'GT_LT', 'GT_GT', 'GT_LE', 'GT_GE', 'GT_PLUS', 'GT_MINUS', 'GT_DIVIDE', 'GT_NOT', 'IT_STR', 'IT_LANG', 'IT_DATATYPE', 'IT_BOUND', 'IT_isURI', 'IT_isBLANK', 'IT_isLITERAL', 'IT_REGEX', 'GT_DTYPE', 'IT_true', 'IT_false', 'QuotedIRIref', 'QNAME_NS', 'QNAME', 'BNODE_LABEL', 'VAR1', 'VAR2', 'LANGTAG', 'INTEGER', 'FLOATING_POINT', 'STRING_LITERAL1', 'STRING_LITERAL2', 'STRING_LITERAL_LONG1', 'STRING_LITERAL_LONG2', 'Dot', 'OpenCurly', 'CloseCurly', 'eof', 'PASSED_TOKENS']
			result	fail
253 dawg-langMatches-3	LangMatches-3	langMatches(lang(?v), '*') matches 'abc'@en, 'abc'@en-gb, 'abc'@fr	http://www.w3.org/2001/sw/DataAccess/tests/data-r2/expr-builtin/q-langMatches-3.rq	Query
python ../../cwm.py http://www.w3.org/2001/sw/DataAccess/tests/data-r2/expr-builtin/data-langMatches.ttl --sparql=http://www.w3.org/2001/sw/DataAccess/tests/data-r2/expr-builtin/q-langMatches-3.rq --sparqlResults  > ///home/syosi/cvs-trunk/WWW/2000/10/swap/test/sparql/,temp/LangMatches-3_dawg_test.out
loaded from file  0.184409141541
Traceback (most recent call last):
  File "../../cwm.py", line 746, in ?
    doCommand()
  File "../../cwm.py", line 563, in doCommand
    referer="", contentType="x-application/sparql")
  File "/home/syosi/cvs-trunk/WWW/2000/10/swap/llyn.py", line 1608, in load
    referer=referer, why=why)  
  File "/home/syosi/cvs-trunk/WWW/2000/10/swap/webAccess.py", line 196, in load
    F = p.parse(sparql_parser.start).close()
  File "/home/syosi/cvs-trunk/WWW/2000/10/swap/sparql/sparql_parser.py", line 90, in parse
    self.newToken()
  File "/home/syosi/cvs-trunk/WWW/2000/10/swap/sparql/sparql_parser.py", line 104, in newToken
    self.token = self.data()
  File "/home/syosi/cvs-trunk/WWW/2000/10/swap/sparql/sparql_tokens.py", line 308, in token
    return self.tokenStream.next()
  File "/home/syosi/cvs-trunk/WWW/2000/10/swap/sparql/sparql_tokens.py", line 284, in parse
    for token in self.tokenize(): 
  File "/home/syosi/cvs-trunk/WWW/2000/10/swap/sparql/sparql_tokens.py", line 292, in tokenize
    (name, m) = self.match(self.was + self.chunk, waslen)
  File "/home/syosi/cvs-trunk/WWW/2000/10/swap/sparql/sparql_tokens.py", line 342, in match
    raise SyntaxError("found %s when expecting one of %s" %
SyntaxError: found Matches(lang(?v), "*") . }
 when expecting one of ['IT_BASE', 'IT_PREFIX', 'IT_SELECT', 'IT_DISTINCT', 'GT_TIMES', 'IT_CONSTRUCT', 'IT_DESCRIBE', 'IT_ASK', 'IT_FROM', 'IT_NAMED', 'IT_WHERE', 'IT_ORDER', 'IT_BY', 'IT_ASC', 'IT_DESC', 'IT_LIMIT', 'IT_OFFSET', 'IT_OPTIONAL', 'IT_GRAPH', 'IT_UNION', 'IT_FILTER', 'GT_LBRACKET', 'GT_LPAREN', 'GT_RBRACKET', 'GT_RPAREN', 'GT_SEMI', 'GT_COMMA', 'IT_a', 'GT_OR', 'GT_AND', 'GT_EQUAL', 'GT_NEQUAL', 'GT_LT', 'GT_GT', 'GT_LE', 'GT_GE', 'GT_PLUS', 'GT_MINUS', 'GT_DIVIDE', 'GT_NOT', 'IT_STR', 'IT_LANG', 'IT_DATATYPE', 'IT_BOUND', 'IT_isURI', 'IT_isBLANK', 'IT_isLITERAL', 'IT_REGEX', 'GT_DTYPE', 'IT_true', 'IT_false', 'QuotedIRIref', 'QNAME_NS', 'QNAME', 'BNODE_LABEL', 'VAR1', 'VAR2', 'LANGTAG', 'INTEGER', 'FLOATING_POINT', 'STRING_LITERAL1', 'STRING_LITERAL2', 'STRING_LITERAL_LONG1', 'STRING_LITERAL_LONG2', 'Dot', 'OpenCurly', 'CloseCurly', 'eof', 'PASSED_TOKENS']
			result	fail
254 dawg-langMatches-4	LangMatches-4	! langMatches(lang(?v), '*') matches 'abc'	http://www.w3.org/2001/sw/DataAccess/tests/data-r2/expr-builtin/q-langMatches-4.rq	Query
python ../../cwm.py http://www.w3.org/2001/sw/DataAccess/tests/data-r2/expr-builtin/data-langMatches.ttl --sparql=http://www.w3.org/2001/sw/DataAccess/tests/data-r2/expr-builtin/q-langMatches-4.rq --sparqlResults  > ///home/syosi/cvs-trunk/WWW/2000/10/swap/test/sparql/,temp/LangMatches-4_dawg_test.out
loaded from file  0.231020927429
Traceback (most recent call last):
  File "../../cwm.py", line 746, in ?
    doCommand()
  File "../../cwm.py", line 563, in doCommand
    referer="", contentType="x-application/sparql")
  File "/home/syosi/cvs-trunk/WWW/2000/10/swap/llyn.py", line 1608, in load
    referer=referer, why=why)  
  File "/home/syosi/cvs-trunk/WWW/2000/10/swap/webAccess.py", line 196, in load
    F = p.parse(sparql_parser.start).close()
  File "/home/syosi/cvs-trunk/WWW/2000/10/swap/sparql/sparql_parser.py", line 90, in parse
    self.newToken()
  File "/home/syosi/cvs-trunk/WWW/2000/10/swap/sparql/sparql_parser.py", line 104, in newToken
    self.token = self.data()
  File "/home/syosi/cvs-trunk/WWW/2000/10/swap/sparql/sparql_tokens.py", line 308, in token
    return self.tokenStream.next()
  File "/home/syosi/cvs-trunk/WWW/2000/10/swap/sparql/sparql_tokens.py", line 284, in parse
    for token in self.tokenize(): 
  File "/home/syosi/cvs-trunk/WWW/2000/10/swap/sparql/sparql_tokens.py", line 292, in tokenize
    (name, m) = self.match(self.was + self.chunk, waslen)
  File "/home/syosi/cvs-trunk/WWW/2000/10/swap/sparql/sparql_tokens.py", line 342, in match
    raise SyntaxError("found %s when expecting one of %s" %
SyntaxError: found Matches(lang(?v), "*")) . }
 when expecting one of ['IT_BASE', 'IT_PREFIX', 'IT_SELECT', 'IT_DISTINCT', 'GT_TIMES', 'IT_CONSTRUCT', 'IT_DESCRIBE', 'IT_ASK', 'IT_FROM', 'IT_NAMED', 'IT_WHERE', 'IT_ORDER', 'IT_BY', 'IT_ASC', 'IT_DESC', 'IT_LIMIT', 'IT_OFFSET', 'IT_OPTIONAL', 'IT_GRAPH', 'IT_UNION', 'IT_FILTER', 'GT_LBRACKET', 'GT_LPAREN', 'GT_RBRACKET', 'GT_RPAREN', 'GT_SEMI', 'GT_COMMA', 'IT_a', 'GT_OR', 'GT_AND', 'GT_EQUAL', 'GT_NEQUAL', 'GT_LT', 'GT_GT', 'GT_LE', 'GT_GE', 'GT_PLUS', 'GT_MINUS', 'GT_DIVIDE', 'GT_NOT', 'IT_STR', 'IT_LANG', 'IT_DATATYPE', 'IT_BOUND', 'IT_isURI', 'IT_isBLANK', 'IT_isLITERAL', 'IT_REGEX', 'GT_DTYPE', 'IT_true', 'IT_false', 'QuotedIRIref', 'QNAME_NS', 'QNAME', 'BNODE_LABEL', 'VAR1', 'VAR2', 'LANGTAG', 'INTEGER', 'FLOATING_POINT', 'STRING_LITERAL1', 'STRING_LITERAL2', 'STRING_LITERAL_LONG1', 'STRING_LITERAL_LONG2', 'Dot', 'OpenCurly', 'CloseCurly', 'eof', 'PASSED_TOKENS']
			result	fail
255 dawg-langMatches-basic	LangMatches-basic	the basic range 'de-de' does not match 'de-Latn-de'	http://www.w3.org/2001/sw/DataAccess/tests/data-r2/expr-builtin/q-langMatches-de-de.rq	Query
python ../../cwm.py http://www.w3.org/2001/sw/DataAccess/tests/data-r2/expr-builtin/data-langMatches-de.ttl --sparql=http://www.w3.org/2001/sw/DataAccess/tests/data-r2/expr-builtin/q-langMatches-de-de.rq --sparqlResults  > ///home/syosi/cvs-trunk/WWW/2000/10/swap/test/sparql/,temp/LangMatches-basic_dawg_test.out
    Failed to parse http://www.w3.org/2001/sw/DataAccess/tests/data-r2/expr-builtin/data-langMatches-de.ttl 
   http://www.w3.org/2001/sw/DataAccess/tests/data-r2/expr-builtin/data-langMatches-de.ttl 
Traceback (most recent call last):
  File "../../cwm.py", line 746, in ?
    doCommand()
  File "../../cwm.py", line 454, in doCommand
    why=myReason)
  File "/home/syosi/cvs-trunk/WWW/2000/10/swap/webAccess.py", line 225, in load
    p.feed(buffer)
  File "/home/syosi/cvs-trunk/WWW/2000/10/swap/notation3.py", line 213, in feed
    i = self.directiveOrStatement(str,j)
  File "/home/syosi/cvs-trunk/WWW/2000/10/swap/notation3.py", line 228, in directiveOrStatement
    if j>=0: return self.checkDot(str,j)
  File "/home/syosi/cvs-trunk/WWW/2000/10/swap/notation3.py", line 749, in checkDot
    str, j, "expected '.' or '}' or ']' at end of statement")
swap.notation3.BadSyntax: Line 8 of <http://www.w3.org/2001/sw/DataAccess/tests/data-r2/expr-builtin/data-langMatches-de.ttl>: Bad syntax (expected '.' or '}' or ']' at end of statement) at ^ in:
"...
:x :p3 "abc"@de .
:x :p4 "abc"@de-de .
:x :p5 "abc"@de-latn^-de .
"
			result	fail
256 lang-case-insensitive-eq	lang-case-insensitive-eq	'xyz'@en = 'xyz'@EN	http://www.w3.org/2001/sw/DataAccess/tests/data-r2/expr-builtin/lang-case-sensitivity-eq.rq	Query
python ../../cwm.py http://www.w3.org/2001/sw/DataAccess/tests/data-r2/expr-builtin/lang-case-sensitivity.ttl --sparql=http://www.w3.org/2001/sw/DataAccess/tests/data-r2/expr-builtin/lang-case-sensitivity-eq.rq --sparqlResults  > ///home/syosi/cvs-trunk/WWW/2000/10/swap/test/sparql/,temp/lang-case-insensitive-eq_dawg_test.out
loaded from file  0.175237894058
			result	fail
257 lang-case-insensitive-ne	lang-case-insensitive-ne	'xyz'@en != 'xyz'@EN	http://www.w3.org/2001/sw/DataAccess/tests/data-r2/expr-builtin/lang-case-sensitivity-ne.rq	Query
python ../../cwm.py http://www.w3.org/2001/sw/DataAccess/tests/data-r2/expr-builtin/lang-case-sensitivity.ttl --sparql=http://www.w3.org/2001/sw/DataAccess/tests/data-r2/expr-builtin/lang-case-sensitivity-ne.rq --sparqlResults  > ///home/syosi/cvs-trunk/WWW/2000/10/swap/test/sparql/,temp/lang-case-insensitive-ne_dawg_test.out
loaded from file  0.211827993393
			result	pass
258 dawg-graph-01	graph-01	Data: default graph / Query: default graph	http://www.w3.org/2001/sw/DataAccess/tests/data-r2/graph/graph-01.rq	Query
python ../../cwm.py http://www.w3.org/2001/sw/DataAccess/tests/data-r2/graph/data-g1.ttl --sparql=http://www.w3.org/2001/sw/DataAccess/tests/data-r2/graph/graph-01.rq --sparqlResults  > ///home/syosi/cvs-trunk/WWW/2000/10/swap/test/sparql/,temp/graph-01_dawg_test.out
loaded from file  0.168740034103
			result	pass
259 dawg-graph-02	graph-02	Data: named graph / Query: default graph	http://www.w3.org/2001/sw/DataAccess/tests/data-r2/graph/graph-02.rq	Query
python ../../cwm.py empty.n3 --sparql=http://www.w3.org/2001/sw/DataAccess/tests/data-r2/graph/graph-02.rq --sparqlResults  > ///home/syosi/cvs-trunk/WWW/2000/10/swap/test/sparql/,temp/graph-02_dawg_test.out
   file:///home/syosi/cvs-trunk/WWW/2000/10/swap/test/sparql/empty.n3 
Traceback (most recent call last):
  File "../../cwm.py", line 746, in ?
    doCommand()
  File "../../cwm.py", line 454, in doCommand
    why=myReason)
  File "/home/syosi/cvs-trunk/WWW/2000/10/swap/webAccess.py", line 178, in load
    raise DocumentAccessError(addr, sys.exc_info() )
swap.webAccess.DocumentAccessError: Unable to access document <file:///home/syosi/cvs-trunk/WWW/2000/10/swap/test/sparql/empty.n3>, because:
    [Errno 2] No such file or directory: '/home/syosi/cvs-trunk/WWW/2000/10/swap/test/sparql/empty.n3'
			result	fail
260 dawg-graph-03	graph-03	Data: named graph / Query: named graph graph	http://www.w3.org/2001/sw/DataAccess/tests/data-r2/graph/graph-03.rq	Query
python ../../cwm.py empty.n3 --sparql=http://www.w3.org/2001/sw/DataAccess/tests/data-r2/graph/graph-03.rq --sparqlResults  > ///home/syosi/cvs-trunk/WWW/2000/10/swap/test/sparql/,temp/graph-03_dawg_test.out
   file:///home/syosi/cvs-trunk/WWW/2000/10/swap/test/sparql/empty.n3 
Traceback (most recent call last):
  File "../../cwm.py", line 746, in ?
    doCommand()
  File "../../cwm.py", line 454, in doCommand
    why=myReason)
  File "/home/syosi/cvs-trunk/WWW/2000/10/swap/webAccess.py", line 178, in load
    raise DocumentAccessError(addr, sys.exc_info() )
swap.webAccess.DocumentAccessError: Unable to access document <file:///home/syosi/cvs-trunk/WWW/2000/10/swap/test/sparql/empty.n3>, because:
    [Errno 2] No such file or directory: '/home/syosi/cvs-trunk/WWW/2000/10/swap/test/sparql/empty.n3'
			result	fail
261 dawg-graph-04	graph-04	Data: named graph / Query: default graph	http://www.w3.org/2001/sw/DataAccess/tests/data-r2/graph/graph-04.rq	Query
python ../../cwm.py http://www.w3.org/2001/sw/DataAccess/tests/data-r2/graph/data-g1.ttl --sparql=http://www.w3.org/2001/sw/DataAccess/tests/data-r2/graph/graph-04.rq --sparqlResults  > ///home/syosi/cvs-trunk/WWW/2000/10/swap/test/sparql/,temp/graph-04_dawg_test.out
loaded from file  0.205174922943
- __:c0 <http://www.w3.org/2001/sw/DataAccess/tests/result-set#resultVariable> "g".
- __:c0 <http://www.w3.org/2001/sw/DataAccess/tests/result-set#resultVariable> "o".
- __:c0 <http://www.w3.org/2001/sw/DataAccess/tests/result-set#resultVariable> "p".
- __:c0 <http://www.w3.org/2001/sw/DataAccess/tests/result-set#resultVariable> "s".
			result	fail
262 dawg-graph-05	graph-05	Data: default and named / Query: default graph	http://www.w3.org/2001/sw/DataAccess/tests/data-r2/graph/graph-05.rq	Query
python ../../cwm.py http://www.w3.org/2001/sw/DataAccess/tests/data-r2/graph/data-g1.ttl --sparql=http://www.w3.org/2001/sw/DataAccess/tests/data-r2/graph/graph-05.rq --sparqlResults  > ///home/syosi/cvs-trunk/WWW/2000/10/swap/test/sparql/,temp/graph-05_dawg_test.out
loaded from file  0.216211080551
			result	pass
263 dawg-graph-06	graph-06	Data: default and named / Query: named graph	http://www.w3.org/2001/sw/DataAccess/tests/data-r2/graph/graph-06.rq	Query
python ../../cwm.py http://www.w3.org/2001/sw/DataAccess/tests/data-r2/graph/data-g1.ttl --sparql=http://www.w3.org/2001/sw/DataAccess/tests/data-r2/graph/graph-06.rq --sparqlResults  > ///home/syosi/cvs-trunk/WWW/2000/10/swap/test/sparql/,temp/graph-06_dawg_test.out
loaded from file  0.188668966293
- __:c0 <http://www.w3.org/2001/sw/DataAccess/tests/result-set#resultVariable> "g".
- __:c0 <http://www.w3.org/2001/sw/DataAccess/tests/result-set#resultVariable> "o".
- __:c0 <http://www.w3.org/2001/sw/DataAccess/tests/result-set#resultVariable> "p".
- __:c0 <http://www.w3.org/2001/sw/DataAccess/tests/result-set#resultVariable> "s".
- __:c0 <http://www.w3.org/2001/sw/DataAccess/tests/result-set#solution> __:c1.
- __:c1 <http://www.w3.org/2001/sw/DataAccess/tests/result-set#binding> __:c2.
- __:c1 <http://www.w3.org/2001/sw/DataAccess/tests/result-set#binding> __:c3.
- __:c1 <http://www.w3.org/2001/sw/DataAccess/tests/result-set#binding> __:c4.
- __:c1 <http://www.w3.org/2001/sw/DataAccess/tests/result-set#binding> __:c5.
- __:c2 <http://www.w3.org/2001/sw/DataAccess/tests/result-set#value> "2"^^<http://www.w3.org/2001/XMLSchema#integer>.
- __:c2 <http://www.w3.org/2001/sw/DataAccess/tests/result-set#variable> "o".
- __:c3 <http://www.w3.org/2001/sw/DataAccess/tests/result-set#value> <http://example/q>.
- __:c3 <http://www.w3.org/2001/sw/DataAccess/tests/result-set#variable> "p".
- __:c4 <http://www.w3.org/2001/sw/DataAccess/tests/result-set#value> <http://example/x>.
- __:c4 <http://www.w3.org/2001/sw/DataAccess/tests/result-set#variable> "s".
- __:c5 <http://www.w3.org/2001/sw/DataAccess/tests/result-set#value> <http://www.w3.org/2001/sw/DataAccess/tests/data-r2/graph/data-g2.ttl>.
- __:c5 <http://www.w3.org/2001/sw/DataAccess/tests/result-set#variable> "g".
			result	fail
264 dawg-graph-07	graph-07	Data: default and named / Query: all data by UNION	http://www.w3.org/2001/sw/DataAccess/tests/data-r2/graph/graph-07.rq	Query
python ../../cwm.py http://www.w3.org/2001/sw/DataAccess/tests/data-r2/graph/data-g1.ttl --sparql=http://www.w3.org/2001/sw/DataAccess/tests/data-r2/graph/graph-07.rq --sparqlResults  > ///home/syosi/cvs-trunk/WWW/2000/10/swap/test/sparql/,temp/graph-07_dawg_test.out
loaded from file  0.186789035797
- __:c0 <http://www.w3.org/2001/sw/DataAccess/tests/result-set#resultVariable> "g".
- __:c0 <http://www.w3.org/2001/sw/DataAccess/tests/result-set#solution> __:c1.
- __:c0 <http://www.w3.org/2001/sw/DataAccess/tests/result-set#solution> __:c8.
- __:c0 <http://www.w3.org/2001/sw/DataAccess/tests/result-set#solution> __:c9.
- __:c1 <http://www.w3.org/2001/sw/DataAccess/tests/result-set#binding> __:c10.
- __:c1 <http://www.w3.org/2001/sw/DataAccess/tests/result-set#binding> __:c3.
- __:c1 <http://www.w3.org/2001/sw/DataAccess/tests/result-set#binding> __:c6.
- __:c1 <http://www.w3.org/2001/sw/DataAccess/tests/result-set#binding> __:c7.
- __:c10 <http://www.w3.org/2001/sw/DataAccess/tests/result-set#value> <http://example/x>.
- __:c10 <http://www.w3.org/2001/sw/DataAccess/tests/result-set#variable> "s".
- __:c11 <http://www.w3.org/2001/sw/DataAccess/tests/result-set#value> <http://example/x>.
- __:c11 <http://www.w3.org/2001/sw/DataAccess/tests/result-set#variable> "s".
- __:c12 <http://www.w3.org/2001/sw/DataAccess/tests/result-set#value> <http://example/p>.
- __:c12 <http://www.w3.org/2001/sw/DataAccess/tests/result-set#variable> "p".
- __:c13 <http://www.w3.org/2001/sw/DataAccess/tests/result-set#value> <http://example/p>.
- __:c13 <http://www.w3.org/2001/sw/DataAccess/tests/result-set#variable> "p".
- __:c2 <http://www.w3.org/2001/sw/DataAccess/tests/result-set#value> "1"^^<http://www.w3.org/2001/XMLSchema#integer>.
- __:c3 <http://www.w3.org/2001/sw/DataAccess/tests/result-set#value> "2"^^<http://www.w3.org/2001/XMLSchema#integer>.
- __:c3 <http://www.w3.org/2001/sw/DataAccess/tests/result-set#variable> "o".
- __:c4 <http://www.w3.org/2001/sw/DataAccess/tests/result-set#value> "9"^^<http://www.w3.org/2001/XMLSchema#integer>.
- __:c4 <http://www.w3.org/2001/sw/DataAccess/tests/result-set#variable> "o".
- __:c5 <http://www.w3.org/2001/sw/DataAccess/tests/result-set#value> <http://example/a>.
- __:c5 <http://www.w3.org/2001/sw/DataAccess/tests/result-set#variable> "s".
- __:c6 <http://www.w3.org/2001/sw/DataAccess/tests/result-set#value> <http://example/q>.
- __:c6 <http://www.w3.org/2001/sw/DataAccess/tests/result-set#variable> "p".
- __:c7 <http://www.w3.org/2001/sw/DataAccess/tests/result-set#value> <http://www.w3.org/2001/sw/DataAccess/tests/data-r2/graph/data-g2.ttl>.
- __:c7 <http://www.w3.org/2001/sw/DataAccess/tests/result-set#variable> "g".
- __:c8 <http://www.w3.org/2001/sw/DataAccess/tests/result-set#binding> __:c12.
- __:c8 <http://www.w3.org/2001/sw/DataAccess/tests/result-set#binding> __:c4.
- __:c8 <http://www.w3.org/2001/sw/DataAccess/tests/result-set#binding> __:c5.
- __:c9 <http://www.w3.org/2001/sw/DataAccess/tests/result-set#binding> __:c11.
- __:c9 <http://www.w3.org/2001/sw/DataAccess/tests/result-set#binding> __:c13.
- __:c9 <http://www.w3.org/2001/sw/DataAccess/tests/result-set#binding> __:c2.
+ __:c0 <http://www.w3.org/2001/sw/DataAccess/tests/result-set#solution> __:c5.
+ __:c0 <http://www.w3.org/2001/sw/DataAccess/tests/result-set#solution> __:c6.
+ __:c1 <http://www.w3.org/2001/sw/DataAccess/tests/result-set#value> "1"^^<http://www.w3.org/2001/XMLSchema#integer>.
+ __:c1 <http://www.w3.org/2001/sw/DataAccess/tests/result-set#variable> "o".
+ __:c2 <http://www.w3.org/2001/sw/DataAccess/tests/result-set#value> "9"^^<http://www.w3.org/2001/XMLSchema#integer>.
+ __:c3 <http://www.w3.org/2001/sw/DataAccess/tests/result-set#value> <http://example/a>.
+ __:c3 <http://www.w3.org/2001/sw/DataAccess/tests/result-set#variable> "s".
+ __:c4 <http://www.w3.org/2001/sw/DataAccess/tests/result-set#value> <http://example/x>.
+ __:c4 <http://www.w3.org/2001/sw/DataAccess/tests/result-set#variable> "s".
+ __:c5 <http://www.w3.org/2001/sw/DataAccess/tests/result-set#binding> __:c1.
+ __:c5 <http://www.w3.org/2001/sw/DataAccess/tests/result-set#binding> __:c4.
+ __:c5 <http://www.w3.org/2001/sw/DataAccess/tests/result-set#binding> __:c7.
+ __:c6 <http://www.w3.org/2001/sw/DataAccess/tests/result-set#binding> __:c2.
+ __:c6 <http://www.w3.org/2001/sw/DataAccess/tests/result-set#binding> __:c3.
+ __:c6 <http://www.w3.org/2001/sw/DataAccess/tests/result-set#binding> __:c8.
+ __:c7 <http://www.w3.org/2001/sw/DataAccess/tests/result-set#value> <http://example/p>.
+ __:c7 <http://www.w3.org/2001/sw/DataAccess/tests/result-set#variable> "p".
+ __:c8 <http://www.w3.org/2001/sw/DataAccess/tests/result-set#value> <http://example/p>.
+ __:c8 <http://www.w3.org/2001/sw/DataAccess/tests/result-set#variable> "p".
			result	fail
265 dawg-graph-08	graph-08	Data: default and named / Query: common subjects	http://www.w3.org/2001/sw/DataAccess/tests/data-r2/graph/graph-08.rq	Query
python ../../cwm.py http://www.w3.org/2001/sw/DataAccess/tests/data-r2/graph/data-g1.ttl --sparql=http://www.w3.org/2001/sw/DataAccess/tests/data-r2/graph/graph-08.rq --sparqlResults  > ///home/syosi/cvs-trunk/WWW/2000/10/swap/test/sparql/,temp/graph-08_dawg_test.out
loaded from file  0.198585987091
- __:c0 <http://www.w3.org/2001/sw/DataAccess/tests/result-set#resultVariable> "g".
- __:c0 <http://www.w3.org/2001/sw/DataAccess/tests/result-set#resultVariable> "o".
- __:c0 <http://www.w3.org/2001/sw/DataAccess/tests/result-set#resultVariable> "p".
- __:c0 <http://www.w3.org/2001/sw/DataAccess/tests/result-set#resultVariable> "q".
- __:c0 <http://www.w3.org/2001/sw/DataAccess/tests/result-set#resultVariable> "s".
- __:c0 <http://www.w3.org/2001/sw/DataAccess/tests/result-set#resultVariable> "v".
- __:c0 <http://www.w3.org/2001/sw/DataAccess/tests/result-set#solution> __:c1.
- __:c1 <http://www.w3.org/2001/sw/DataAccess/tests/result-set#binding> __:c2.
- __:c1 <http://www.w3.org/2001/sw/DataAccess/tests/result-set#binding> __:c3.
- __:c1 <http://www.w3.org/2001/sw/DataAccess/tests/result-set#binding> __:c4.
- __:c1 <http://www.w3.org/2001/sw/DataAccess/tests/result-set#binding> __:c5.
- __:c1 <http://www.w3.org/2001/sw/DataAccess/tests/result-set#binding> __:c6.
- __:c1 <http://www.w3.org/2001/sw/DataAccess/tests/result-set#binding> __:c7.
- __:c2 <http://www.w3.org/2001/sw/DataAccess/tests/result-set#value> "1"^^<http://www.w3.org/2001/XMLSchema#integer>.
- __:c2 <http://www.w3.org/2001/sw/DataAccess/tests/result-set#variable> "o".
- __:c3 <http://www.w3.org/2001/sw/DataAccess/tests/result-set#value> "2"^^<http://www.w3.org/2001/XMLSchema#integer>.
- __:c3 <http://www.w3.org/2001/sw/DataAccess/tests/result-set#variable> "v".
- __:c4 <http://www.w3.org/2001/sw/DataAccess/tests/result-set#value> <http://example/p>.
- __:c4 <http://www.w3.org/2001/sw/DataAccess/tests/result-set#variable> "p".
- __:c5 <http://www.w3.org/2001/sw/DataAccess/tests/result-set#value> <http://example/q>.
- __:c5 <http://www.w3.org/2001/sw/DataAccess/tests/result-set#variable> "q".
- __:c6 <http://www.w3.org/2001/sw/DataAccess/tests/result-set#value> <http://example/x>.
- __:c6 <http://www.w3.org/2001/sw/DataAccess/tests/result-set#variable> "s".
- __:c7 <http://www.w3.org/2001/sw/DataAccess/tests/result-set#value> <http://www.w3.org/2001/sw/DataAccess/tests/data-r2/graph/data-g2.ttl>.
- __:c7 <http://www.w3.org/2001/sw/DataAccess/tests/result-set#variable> "g".
			result	fail
266 dawg-graph-09	graph-09	Data: default and named (bnodes) / Query: common subjects	http://www.w3.org/2001/sw/DataAccess/tests/data-r2/graph/graph-09.rq	Query
python ../../cwm.py http://www.w3.org/2001/sw/DataAccess/tests/data-r2/graph/data-g3.ttl --sparql=http://www.w3.org/2001/sw/DataAccess/tests/data-r2/graph/graph-09.rq --sparqlResults  > ///home/syosi/cvs-trunk/WWW/2000/10/swap/test/sparql/,temp/graph-09_dawg_test.out
loaded from file  0.195527076721
- __:c0 <http://www.w3.org/2001/sw/DataAccess/tests/result-set#resultVariable> "g".
- __:c0 <http://www.w3.org/2001/sw/DataAccess/tests/result-set#resultVariable> "o".
- __:c0 <http://www.w3.org/2001/sw/DataAccess/tests/result-set#resultVariable> "p".
- __:c0 <http://www.w3.org/2001/sw/DataAccess/tests/result-set#resultVariable> "q".
- __:c0 <http://www.w3.org/2001/sw/DataAccess/tests/result-set#resultVariable> "s".
- __:c0 <http://www.w3.org/2001/sw/DataAccess/tests/result-set#resultVariable> "v".
			result	fail
267 dawg-graph-10	graph-10	Data: default and named (same data, with bnodes) / Query: common subjects	http://www.w3.org/2001/sw/DataAccess/tests/data-r2/graph/graph-10.rq	Query
python ../../cwm.py http://www.w3.org/2001/sw/DataAccess/tests/data-r2/graph/data-g3.ttl --sparql=http://www.w3.org/2001/sw/DataAccess/tests/data-r2/graph/graph-10.rq --sparqlResults  > ///home/syosi/cvs-trunk/WWW/2000/10/swap/test/sparql/,temp/graph-10_dawg_test.out
loaded from file  0.166841030121
- __:c0 <http://www.w3.org/2001/sw/DataAccess/tests/result-set#resultVariable> "g".
- __:c0 <http://www.w3.org/2001/sw/DataAccess/tests/result-set#resultVariable> "o".
- __:c0 <http://www.w3.org/2001/sw/DataAccess/tests/result-set#resultVariable> "p".
- __:c0 <http://www.w3.org/2001/sw/DataAccess/tests/result-set#resultVariable> "q".
- __:c0 <http://www.w3.org/2001/sw/DataAccess/tests/result-set#resultVariable> "s".
- __:c0 <http://www.w3.org/2001/sw/DataAccess/tests/result-set#resultVariable> "v".
			result	fail
268 dawg-graph-11	graph-11	Data: default and named (several) / Query: get everything	http://www.w3.org/2001/sw/DataAccess/tests/data-r2/graph/graph-11.rq	Query
python ../../cwm.py http://www.w3.org/2001/sw/DataAccess/tests/data-r2/graph/data-g1.ttl --sparql=http://www.w3.org/2001/sw/DataAccess/tests/data-r2/graph/graph-11.rq --sparqlResults  > ///home/syosi/cvs-trunk/WWW/2000/10/swap/test/sparql/,temp/graph-11_dawg_test.out
loaded from file  0.170439004898
			result	fail
269 open-eq-01	open-eq-01	graph match - no lexical form in data (assumes no value matching)	http://www.w3.org/2001/sw/DataAccess/tests/data-r2/open-world/open-eq-01.rq	Query
python ../../cwm.py http://www.w3.org/2001/sw/DataAccess/tests/data-r2/open-world/data-1.ttl --sparql=http://www.w3.org/2001/sw/DataAccess/tests/data-r2/open-world/open-eq-01.rq --sparqlResults  > ///home/syosi/cvs-trunk/WWW/2000/10/swap/test/sparql/,temp/open-eq-01_dawg_test.out
loaded from file  0.186674833298
			result	pass
270 open-eq-02	open-eq-02	graph match - unknown type	http://www.w3.org/2001/sw/DataAccess/tests/data-r2/open-world/open-eq-02.rq	Query
python ../../cwm.py http://www.w3.org/2001/sw/DataAccess/tests/data-r2/open-world/data-1.ttl --sparql=http://www.w3.org/2001/sw/DataAccess/tests/data-r2/open-world/open-eq-02.rq --sparqlResults  > ///home/syosi/cvs-trunk/WWW/2000/10/swap/test/sparql/,temp/open-eq-02_dawg_test.out
loaded from file  0.210929870605
			result	pass
271 open-eq-03	open-eq-03	Filter(?v=1)	http://www.w3.org/2001/sw/DataAccess/tests/data-r2/open-world/open-eq-03.rq	Query
python ../../cwm.py http://www.w3.org/2001/sw/DataAccess/tests/data-r2/open-world/data-1.ttl --sparql=http://www.w3.org/2001/sw/DataAccess/tests/data-r2/open-world/open-eq-03.rq --sparqlResults  > ///home/syosi/cvs-trunk/WWW/2000/10/swap/test/sparql/,temp/open-eq-03_dawg_test.out
loaded from file  0.20024394989
- __:c0 <http://www.w3.org/2001/sw/DataAccess/tests/result-set#solution> __:c5.
- __:c0 <http://www.w3.org/2001/sw/DataAccess/tests/result-set#solution> __:c6.
- __:c1 <http://www.w3.org/2001/sw/DataAccess/tests/result-set#value> "01"^^<http://www.w3.org/2001/XMLSchema#integer>.
- __:c1 <http://www.w3.org/2001/sw/DataAccess/tests/result-set#variable> "v".
- __:c4 <http://www.w3.org/2001/sw/DataAccess/tests/result-set#value> <http://example/ns#z2>.
- __:c4 <http://www.w3.org/2001/sw/DataAccess/tests/result-set#variable> "x".
- __:c5 <http://www.w3.org/2001/sw/DataAccess/tests/result-set#binding> __:c1.
- __:c5 <http://www.w3.org/2001/sw/DataAccess/tests/result-set#binding> __:c4.
- __:c6 <http://www.w3.org/2001/sw/DataAccess/tests/result-set#binding> __:c2.
- __:c6 <http://www.w3.org/2001/sw/DataAccess/tests/result-set#binding> __:c3.
+ __:c0 <http://www.w3.org/2001/sw/DataAccess/tests/result-set#solution> __:c1.
+ __:c1 <http://www.w3.org/2001/sw/DataAccess/tests/result-set#binding> __:c2.
+ __:c1 <http://www.w3.org/2001/sw/DataAccess/tests/result-set#binding> __:c3.
			result	fail
272 open-eq-04	open-eq-04	Filter(?v!=1)	http://www.w3.org/2001/sw/DataAccess/tests/data-r2/open-world/open-eq-04.rq	Query
python ../../cwm.py http://www.w3.org/2001/sw/DataAccess/tests/data-r2/open-world/data-1.ttl --sparql=http://www.w3.org/2001/sw/DataAccess/tests/data-r2/open-world/open-eq-04.rq --sparqlResults  > ///home/syosi/cvs-trunk/WWW/2000/10/swap/test/sparql/,temp/open-eq-04_dawg_test.out
loaded from file  0.176882982254
          Warning: Built-in "b" notEquals "1" failed because:
             TypeError: ("b", "1") 
          Warning: Built-in "a" notEquals "1" failed because:
             TypeError: ("a", "1") 
          Warning: Built-in "b" notEquals "1" failed because:
             TypeError: ("b", "1") 
          Warning: Built-in "a" notEquals "1" failed because:
             TypeError: ("a", "1") 
			result	pass
273 open-eq-05	open-eq-05	FILTER(?v = unknown type)	http://www.w3.org/2001/sw/DataAccess/tests/data-r2/open-world/open-eq-05.rq	Query
python ../../cwm.py http://www.w3.org/2001/sw/DataAccess/tests/data-r2/open-world/data-1.ttl --sparql=http://www.w3.org/2001/sw/DataAccess/tests/data-r2/open-world/open-eq-05.rq --sparqlResults  > ///home/syosi/cvs-trunk/WWW/2000/10/swap/test/sparql/,temp/open-eq-05_dawg_test.out
loaded from file  0.168520927429
			result	pass
274 open-eq-06	open-eq-06	FILTER(?v != unknown type)	http://www.w3.org/2001/sw/DataAccess/tests/data-r2/open-world/open-eq-06.rq	Query
python ../../cwm.py http://www.w3.org/2001/sw/DataAccess/tests/data-r2/open-world/data-1.ttl --sparql=http://www.w3.org/2001/sw/DataAccess/tests/data-r2/open-world/open-eq-06.rq --sparqlResults  > ///home/syosi/cvs-trunk/WWW/2000/10/swap/test/sparql/,temp/open-eq-06_dawg_test.out
loaded from file  0.169149160385
          Warning: Built-in "02" notEquals "a" failed because:
             TypeError: ("02", "a") 
          Warning: Built-in "2" notEquals "a" failed because:
             TypeError: ("2", "a") 
          Warning: Built-in "01" notEquals "a" failed because:
             TypeError: ("01", "a") 
          Warning: Built-in "1" notEquals "a" failed because:
             TypeError: ("1", "a") 
          Warning: Built-in "b" notEquals "a" failed because:
             TypeError: ("b", "a") 
          Warning: Built-in "a" notEquals "a" failed because:
             TypeError: ("a", "a") 
+ __:c0 <http://www.w3.org/2001/sw/DataAccess/tests/result-set#resultVariable> "v".
+ __:c0 <http://www.w3.org/2001/sw/DataAccess/tests/result-set#resultVariable> "x".
+ __:c0 <http://www.w3.org/2001/sw/DataAccess/tests/result-set#solution> __:c1.
+ __:c1 <http://www.w3.org/2001/sw/DataAccess/tests/result-set#binding> __:c2.
+ __:c1 <http://www.w3.org/2001/sw/DataAccess/tests/result-set#binding> __:c3.
+ __:c2 <http://www.w3.org/2001/sw/DataAccess/tests/result-set#value> "b"^^<http://example/t#type1>.
+ __:c2 <http://www.w3.org/2001/sw/DataAccess/tests/result-set#variable> "v".
+ __:c3 <http://www.w3.org/2001/sw/DataAccess/tests/result-set#value> <http://example/ns#x2>.
+ __:c3 <http://www.w3.org/2001/sw/DataAccess/tests/result-set#variable> "x".
			result	fail
275 open-eq-07	open-eq-07	Test of '=' 	http://www.w3.org/2001/sw/DataAccess/tests/data-r2/open-world/open-eq-07.rq	Query
python ../../cwm.py http://www.w3.org/2001/sw/DataAccess/tests/data-r2/open-world/data-2.ttl --sparql=http://www.w3.org/2001/sw/DataAccess/tests/data-r2/open-world/open-eq-07.rq --sparqlResults  > ///home/syosi/cvs-trunk/WWW/2000/10/swap/test/sparql/,temp/open-eq-07_dawg_test.out
               Warning: <unknown> is not a fragment! 
               Warning: <unknown> is not a fragment! 
loaded from file  0.20223402977
              Warning: <unknown> is not a fragment! 
               Warning: <unknown> is not a fragment! 
			result	fail
276 open-eq-08	open-eq-08	Test of '!='	http://www.w3.org/2001/sw/DataAccess/tests/data-r2/open-world/open-eq-08.rq	Query
python ../../cwm.py http://www.w3.org/2001/sw/DataAccess/tests/data-r2/open-world/data-2.ttl --sparql=http://www.w3.org/2001/sw/DataAccess/tests/data-r2/open-world/open-eq-08.rq --sparqlResults  > ///home/syosi/cvs-trunk/WWW/2000/10/swap/test/sparql/,temp/open-eq-08_dawg_test.out
               Warning: <unknown> is not a fragment! 
               Warning: <unknown> is not a fragment! 
loaded from file  0.166923999786
          Warning: Built-in _g39 notEquals xyz failed because:
             TypeError: (_g39, xyz) 
          Warning: Built-in "xyz" notEquals xyz failed because:
             TypeError: ("xyz", xyz) 
          Warning: Built-in "xyz" notEquals xyz failed because:
             TypeError: ("xyz", xyz) 
          Warning: Built-in "xyz" notEquals xyz failed because:
             TypeError: ("xyz", xyz) 
          Warning: Built-in "xyz" notEquals xyz failed because:
             TypeError: ("xyz", xyz) 
          Warning: Built-in "xyz" notEquals xyz failed because:
             TypeError: ("xyz", xyz) 
          Warning: Built-in "xyz" notEquals xyz failed because:
             TypeError: ("xyz", xyz) 
          Warning: Built-in xyz notEquals _g39 failed because:
             TypeError: (xyz, _g39) 
          Warning: Built-in _g39 notEquals _g39 failed because:
             TypeError: (_g39, _g39) 
          Warning: Built-in "xyz" notEquals _g39 failed because:
             TypeError: ("xyz", _g39) 
          Warning: Built-in "xyz" notEquals _g39 failed because:
             TypeError: ("xyz", _g39) 
          Warning: Built-in "xyz" notEquals _g39 failed because:
             TypeError: ("xyz", _g39) 
          Warning: Built-in "xyz" notEquals _g39 failed because:
             TypeError: ("xyz", _g39) 
          Warning: Built-in "xyz" notEquals _g39 failed because:
             TypeError: ("xyz", _g39) 
          Warning: Built-in "xyz" notEquals _g39 failed because:
             TypeError: ("xyz", _g39) 
          Warning: Built-in xyz notEquals "xyz" failed because:
             TypeError: (xyz, "xyz") 
          Warning: Built-in _g39 notEquals "xyz" failed because:
             TypeError: (_g39, "xyz") 
          Warning: Built-in "xyz" notEquals "xyz" failed because:
             AttributeError: 'Symbol' object has no attribute 'fragid' 
          Warning: Built-in "xyz" notEquals "xyz" failed because:
             AttributeError: 'Symbol' object has no attribute 'fragid' 
          Warning: Built-in "xyz" notEquals "xyz" failed because:
             AttributeError: 'Symbol' object has no attribute 'fragid' 
          Warning: Built-in "xyz" notEquals "xyz" failed because:
             AttributeError: 'NoneType' object has no attribute 'fragid' 
          Warning: Built-in "xyz" notEquals "xyz" failed because:
             AttributeError: 'NoneType' object has no attribute 'fragid' 
          Warning: Built-in "xyz" notEquals "xyz" failed because:
             AttributeError: 'NoneType' object has no attribute 'fragid' 
          Warning: Built-in xyz notEquals "xyz" failed because:
             TypeError: (xyz, "xyz") 
          Warning: Built-in _g39 notEquals "xyz" failed because:
             TypeError: (_g39, "xyz") 
          Warning: Built-in "xyz" notEquals "xyz" failed because:
             AttributeError: 'Symbol' object has no attribute 'fragid' 
          Warning: Built-in "xyz" notEquals "xyz" failed because:
             ValueError: invalid literal for long(): xyz 
          Warning: Built-in "xyz" notEquals "xyz" failed because:
             ValueError: invalid literal for long(): xyz 
          Warning: Built-in "xyz" notEquals "xyz" failed because:
             AttributeError: 'NoneType' object has no attribute 'fragid' 
          Warning: Built-in "xyz" notEquals "xyz" failed because:
             AttributeError: 'NoneType' object has no attribute 'fragid' 
          Warning: Built-in "xyz" notEquals "xyz" failed because:
             AttributeError: 'NoneType' object has no attribute 'fragid' 
          Warning: Built-in xyz notEquals "xyz" failed because:
             TypeError: (xyz, "xyz") 
          Warning: Built-in _g39 notEquals "xyz" failed because:
             TypeError: (_g39, "xyz") 
          Warning: Built-in "xyz" notEquals "xyz" failed because:
             AttributeError: 'Symbol' object has no attribute 'fragid' 
          Warning: Built-in "xyz" notEquals "xyz" failed because:
             ValueError: invalid literal for long(): xyz 
          Warning: Built-in "xyz" notEquals "xyz" failed because:
             AttributeError: 'NoneType' object has no attribute 'fragid' 
          Warning: Built-in "xyz" notEquals "xyz" failed because:
             AttributeError: 'NoneType' object has no attribute 'fragid' 
          Warning: Built-in "xyz" notEquals "xyz" failed because:
             AttributeError: 'NoneType' object has no attribute 'fragid' 
          Warning: Built-in xyz notEquals "xyz" failed because:
             TypeError: (xyz, "xyz") 
          Warning: Built-in _g39 notEquals "xyz" failed because:
             TypeError: (_g39, "xyz") 
          Warning: Built-in "xyz" notEquals "xyz" failed because:
             AttributeError: 'Symbol' object has no attribute 'fragid' 
          Warning: Built-in "xyz" notEquals "xyz" failed because:
             AttributeError: 'NoneType' object has no attribute 'fragid' 
          Warning: Built-in "xyz" notEquals "xyz" failed because:
             AttributeError: 'NoneType' object has no attribute 'fragid' 
          Warning: Built-in xyz notEquals "xyz" failed because:
             TypeError: (xyz, "xyz") 
          Warning: Built-in _g39 notEquals "xyz" failed because:
             TypeError: (_g39, "xyz") 
          Warning: Built-in "xyz" notEquals "xyz" failed because:
             AttributeError: 'Symbol' object has no attribute 'fragid' 
          Warning: Built-in "xyz" notEquals "xyz" failed because:
             AttributeError: 'NoneType' object has no attribute 'fragid' 
          Warning: Built-in "xyz" notEquals "xyz" failed because:
             AttributeError: 'NoneType' object has no attribute 'fragid' 
          Warning: Built-in xyz notEquals "xyz" failed because:
             TypeError: (xyz, "xyz") 
          Warning: Built-in _g39 notEquals "xyz" failed because:
             TypeError: (_g39, "xyz") 
          Warning: Built-in "xyz" notEquals "xyz" failed because:
             AttributeError: 'Symbol' object has no attribute 'fragid' 
          Warning: Built-in "xyz" notEquals "xyz" failed because:
             AttributeError: 'NoneType' object has no attribute 'fragid' 
          Warning: Built-in "xyz" notEquals "xyz" failed because:
             AttributeError: 'NoneType' object has no attribute 'fragid' 
               Warning: <unknown> is not a fragment! 
			result	fail
277 open-eq-09	open-eq-09	Test of '='	http://www.w3.org/2001/sw/DataAccess/tests/data-r2/open-world/open-eq-09.rq	Query
python ../../cwm.py http://www.w3.org/2001/sw/DataAccess/tests/data-r2/open-world/data-2.ttl --sparql=http://www.w3.org/2001/sw/DataAccess/tests/data-r2/open-world/open-eq-09.rq --sparqlResults  > ///home/syosi/cvs-trunk/WWW/2000/10/swap/test/sparql/,temp/open-eq-09_dawg_test.out
               Warning: <unknown> is not a fragment! 
               Warning: <unknown> is not a fragment! 
loaded from file  0.170081138611
			result	pass
278 open-eq-10	open-eq-10	Test of '!='	http://www.w3.org/2001/sw/DataAccess/tests/data-r2/open-world/open-eq-10.rq	Query
python ../../cwm.py http://www.w3.org/2001/sw/DataAccess/tests/data-r2/open-world/data-2.ttl --sparql=http://www.w3.org/2001/sw/DataAccess/tests/data-r2/open-world/open-eq-10.rq --sparqlResults  > ///home/syosi/cvs-trunk/WWW/2000/10/swap/test/sparql/,temp/open-eq-10_dawg_test.out
               Warning: <unknown> is not a fragment! 
               Warning: <unknown> is not a fragment! 
loaded from file  0.16894197464
          Warning: Built-in _g39 notEquals abc failed because:
             TypeError: (_g39, abc) 
          Warning: Built-in "xyz" notEquals abc failed because:
             TypeError: ("xyz", abc) 
          Warning: Built-in "xyz" notEquals abc failed because:
             TypeError: ("xyz", abc) 
          Warning: Built-in "xyz" notEquals abc failed because:
             TypeError: ("xyz", abc) 
          Warning: Built-in "xyz" notEquals abc failed because:
             TypeError: ("xyz", abc) 
          Warning: Built-in "xyz" notEquals abc failed because:
             TypeError: ("xyz", abc) 
          Warning: Built-in "xyz" notEquals abc failed because:
             TypeError: ("xyz", abc) 
          Warning: Built-in xyz notEquals _g40 failed because:
             TypeError: (xyz, _g40) 
          Warning: Built-in _g39 notEquals _g40 failed because:
             TypeError: (_g39, _g40) 
          Warning: Built-in "xyz" notEquals _g40 failed because:
             TypeError: ("xyz", _g40) 
          Warning: Built-in "xyz" notEquals _g40 failed because:
             TypeError: ("xyz", _g40) 
          Warning: Built-in "xyz" notEquals _g40 failed because:
             TypeError: ("xyz", _g40) 
          Warning: Built-in "xyz" notEquals _g40 failed because:
             TypeError: ("xyz", _g40) 
          Warning: Built-in "xyz" notEquals _g40 failed because:
             TypeError: ("xyz", _g40) 
          Warning: Built-in "xyz" notEquals _g40 failed because:
             TypeError: ("xyz", _g40) 
          Warning: Built-in xyz notEquals "abc" failed because:
             TypeError: (xyz, "abc") 
          Warning: Built-in _g39 notEquals "abc" failed because:
             TypeError: (_g39, "abc") 
          Warning: Built-in "xyz" notEquals "abc" failed because:
             AttributeError: 'Symbol' object has no attribute 'fragid' 
          Warning: Built-in "xyz" notEquals "abc" failed because:
             AttributeError: 'Symbol' object has no attribute 'fragid' 
          Warning: Built-in "xyz" notEquals "abc" failed because:
             AttributeError: 'Symbol' object has no attribute 'fragid' 
          Warning: Built-in "xyz" notEquals "abc" failed because:
             AttributeError: 'NoneType' object has no attribute 'fragid' 
          Warning: Built-in "xyz" notEquals "abc" failed because:
             AttributeError: 'NoneType' object has no attribute 'fragid' 
          Warning: Built-in "xyz" notEquals "abc" failed because:
             AttributeError: 'NoneType' object has no attribute 'fragid' 
          Warning: Built-in xyz notEquals "abc" failed because:
             TypeError: (xyz, "abc") 
          Warning: Built-in _g39 notEquals "abc" failed because:
             TypeError: (_g39, "abc") 
          Warning: Built-in "xyz" notEquals "abc" failed because:
             AttributeError: 'Symbol' object has no attribute 'fragid' 
          Warning: Built-in "xyz" notEquals "abc" failed because:
             ValueError: invalid literal for long(): xyz 
          Warning: Built-in "xyz" notEquals "abc" failed because:
             ValueError: invalid literal for long(): abc 
          Warning: Built-in "xyz" notEquals "abc" failed because:
             AttributeError: 'NoneType' object has no attribute 'fragid' 
          Warning: Built-in "xyz" notEquals "abc" failed because:
             AttributeError: 'NoneType' object has no attribute 'fragid' 
          Warning: Built-in "xyz" notEquals "abc" failed because:
             AttributeError: 'NoneType' object has no attribute 'fragid' 
          Warning: Built-in xyz notEquals "abc" failed because:
             TypeError: (xyz, "abc") 
          Warning: Built-in _g39 notEquals "abc" failed because:
             TypeError: (_g39, "abc") 
          Warning: Built-in "xyz" notEquals "abc" failed because:
             AttributeError: 'Symbol' object has no attribute 'fragid' 
          Warning: Built-in "xyz" notEquals "abc" failed because:
             ValueError: invalid literal for long(): xyz 
          Warning: Built-in "xyz" notEquals "abc" failed because:
             AttributeError: 'NoneType' object has no attribute 'fragid' 
          Warning: Built-in "xyz" notEquals "abc" failed because:
             AttributeError: 'NoneType' object has no attribute 'fragid' 
          Warning: Built-in "xyz" notEquals "abc" failed because:
             AttributeError: 'NoneType' object has no attribute 'fragid' 
          Warning: Built-in xyz notEquals "abc" failed because:
             TypeError: (xyz, "abc") 
          Warning: Built-in _g39 notEquals "abc" failed because:
             TypeError: (_g39, "abc") 
          Warning: Built-in "xyz" notEquals "abc" failed because:
             AttributeError: 'Symbol' object has no attribute 'fragid' 
          Warning: Built-in "xyz" notEquals "abc" failed because:
             AttributeError: 'NoneType' object has no attribute 'fragid' 
          Warning: Built-in "xyz" notEquals "abc" failed because:
             AttributeError: 'NoneType' object has no attribute 'fragid' 
          Warning: Built-in xyz notEquals "abc" failed because:
             TypeError: (xyz, "abc") 
          Warning: Built-in _g39 notEquals "abc" failed because:
             TypeError: (_g39, "abc") 
          Warning: Built-in "xyz" notEquals "abc" failed because:
             AttributeError: 'Symbol' object has no attribute 'fragid' 
          Warning: Built-in "xyz" notEquals "abc" failed because:
             AttributeError: 'NoneType' object has no attribute 'fragid' 
          Warning: Built-in "xyz" notEquals "abc" failed because:
             AttributeError: 'NoneType' object has no attribute 'fragid' 
          Warning: Built-in xyz notEquals "abc" failed because:
             TypeError: (xyz, "abc") 
          Warning: Built-in _g39 notEquals "abc" failed because:
             TypeError: (_g39, "abc") 
          Warning: Built-in "xyz" notEquals "abc" failed because:
             AttributeError: 'Symbol' object has no attribute 'fragid' 
          Warning: Built-in "xyz" notEquals "abc" failed because:
             AttributeError: 'NoneType' object has no attribute 'fragid' 
          Warning: Built-in "xyz" notEquals "abc" failed because:
             AttributeError: 'NoneType' object has no attribute 'fragid' 
              Warning: <unknown> is not a fragment! 
               Warning: <unknown> is not a fragment! 
               Warning: <unknown> is not a fragment! 
			result	fail
279 open-eq-11	open-eq-11	test of '=' || '!='	http://www.w3.org/2001/sw/DataAccess/tests/data-r2/open-world/open-eq-11.rq	Query
python ../../cwm.py http://www.w3.org/2001/sw/DataAccess/tests/data-r2/open-world/data-2.ttl --sparql=http://www.w3.org/2001/sw/DataAccess/tests/data-r2/open-world/open-eq-11.rq --sparqlResults  > ///home/syosi/cvs-trunk/WWW/2000/10/swap/test/sparql/,temp/open-eq-11_dawg_test.out
               Warning: <unknown> is not a fragment! 
               Warning: <unknown> is not a fragment! 
loaded from file  0.168896913528
          Warning: Built-in _g56 notEquals abc failed because:
             TypeError: (_g56, abc) 
          Warning: Built-in "xyz" notEquals abc failed because:
             TypeError: ("xyz", abc) 
          Warning: Built-in "xyz" notEquals abc failed because:
             TypeError: ("xyz", abc) 
          Warning: Built-in "xyz" notEquals abc failed because:
             TypeError: ("xyz", abc) 
          Warning: Built-in "xyz" notEquals abc failed because:
             TypeError: ("xyz", abc) 
          Warning: Built-in "xyz" notEquals abc failed because:
             TypeError: ("xyz", abc) 
          Warning: Built-in "xyz" notEquals abc failed because:
             TypeError: ("xyz", abc) 
          Warning: Built-in xyz notEquals _g57 failed because:
             TypeError: (xyz, _g57) 
          Warning: Built-in _g56 notEquals _g57 failed because:
             TypeError: (_g56, _g57) 
          Warning: Built-in "xyz" notEquals _g57 failed because:
             TypeError: ("xyz", _g57) 
          Warning: Built-in "xyz" notEquals _g57 failed because:
             TypeError: ("xyz", _g57) 
          Warning: Built-in "xyz" notEquals _g57 failed because:
             TypeError: ("xyz", _g57) 
          Warning: Built-in "xyz" notEquals _g57 failed because:
             TypeError: ("xyz", _g57) 
          Warning: Built-in "xyz" notEquals _g57 failed because:
             TypeError: ("xyz", _g57) 
          Warning: Built-in "xyz" notEquals _g57 failed because:
             TypeError: ("xyz", _g57) 
          Warning: Built-in xyz notEquals "abc" failed because:
             TypeError: (xyz, "abc") 
          Warning: Built-in _g56 notEquals "abc" failed because:
             TypeError: (_g56, "abc") 
          Warning: Built-in "xyz" notEquals "abc" failed because:
             AttributeError: 'Symbol' object has no attribute 'fragid' 
          Warning: Built-in "xyz" notEquals "abc" failed because:
             AttributeError: 'Symbol' object has no attribute 'fragid' 
          Warning: Built-in "xyz" notEquals "abc" failed because:
             AttributeError: 'Symbol' object has no attribute 'fragid' 
          Warning: Built-in "xyz" notEquals "abc" failed because:
             AttributeError: 'NoneType' object has no attribute 'fragid' 
          Warning: Built-in "xyz" notEquals "abc" failed because:
             AttributeError: 'NoneType' object has no attribute 'fragid' 
          Warning: Built-in "xyz" notEquals "abc" failed because:
             AttributeError: 'NoneType' object has no attribute 'fragid' 
          Warning: Built-in xyz notEquals "abc" failed because:
             TypeError: (xyz, "abc") 
          Warning: Built-in _g56 notEquals "abc" failed because:
             TypeError: (_g56, "abc") 
          Warning: Built-in "xyz" notEquals "abc" failed because:
             AttributeError: 'Symbol' object has no attribute 'fragid' 
          Warning: Built-in "xyz" notEquals "abc" failed because:
             ValueError: invalid literal for long(): xyz 
          Warning: Built-in "xyz" notEquals "abc" failed because:
             ValueError: invalid literal for long(): abc 
          Warning: Built-in "xyz" notEquals "abc" failed because:
             AttributeError: 'NoneType' object has no attribute 'fragid' 
          Warning: Built-in "xyz" notEquals "abc" failed because:
             AttributeError: 'NoneType' object has no attribute 'fragid' 
          Warning: Built-in "xyz" notEquals "abc" failed because:
             AttributeError: 'NoneType' object has no attribute 'fragid' 
          Warning: Built-in xyz notEquals "abc" failed because:
             TypeError: (xyz, "abc") 
          Warning: Built-in _g56 notEquals "abc" failed because:
             TypeError: (_g56, "abc") 
          Warning: Built-in "xyz" notEquals "abc" failed because:
             AttributeError: 'Symbol' object has no attribute 'fragid' 
          Warning: Built-in "xyz" notEquals "abc" failed because:
             ValueError: invalid literal for long(): xyz 
          Warning: Built-in "xyz" notEquals "abc" failed because:
             AttributeError: 'NoneType' object has no attribute 'fragid' 
          Warning: Built-in "xyz" notEquals "abc" failed because:
             AttributeError: 'NoneType' object has no attribute 'fragid' 
          Warning: Built-in "xyz" notEquals "abc" failed because:
             AttributeError: 'NoneType' object has no attribute 'fragid' 
          Warning: Built-in xyz notEquals "abc" failed because:
             TypeError: (xyz, "abc") 
          Warning: Built-in _g56 notEquals "abc" failed because:
             TypeError: (_g56, "abc") 
          Warning: Built-in "xyz" notEquals "abc" failed because:
             AttributeError: 'Symbol' object has no attribute 'fragid' 
          Warning: Built-in "xyz" notEquals "abc" failed because:
             AttributeError: 'NoneType' object has no attribute 'fragid' 
          Warning: Built-in "xyz" notEquals "abc" failed because:
             AttributeError: 'NoneType' object has no attribute 'fragid' 
          Warning: Built-in xyz notEquals "abc" failed because:
             TypeError: (xyz, "abc") 
          Warning: Built-in _g56 notEquals "abc" failed because:
             TypeError: (_g56, "abc") 
          Warning: Built-in "xyz" notEquals "abc" failed because:
             AttributeError: 'Symbol' object has no attribute 'fragid' 
          Warning: Built-in "xyz" notEquals "abc" failed because:
             AttributeError: 'NoneType' object has no attribute 'fragid' 
          Warning: Built-in "xyz" notEquals "abc" failed because:
             AttributeError: 'NoneType' object has no attribute 'fragid' 
          Warning: Built-in xyz notEquals "abc" failed because:
             TypeError: (xyz, "abc") 
          Warning: Built-in _g56 notEquals "abc" failed because:
             TypeError: (_g56, "abc") 
          Warning: Built-in "xyz" notEquals "abc" failed because:
             AttributeError: 'Symbol' object has no attribute 'fragid' 
          Warning: Built-in "xyz" notEquals "abc" failed because:
             AttributeError: 'NoneType' object has no attribute 'fragid' 
          Warning: Built-in "xyz" notEquals "abc" failed because:
             AttributeError: 'NoneType' object has no attribute 'fragid' 
               Warning: <unknown> is not a fragment! 
               Warning: <unknown> is not a fragment! 
			result	fail
280 open-eq-12	open-eq-12	find pairs that don't value-compare	http://www.w3.org/2001/sw/DataAccess/tests/data-r2/open-world/open-eq-12.rq	Query
python ../../cwm.py http://www.w3.org/2001/sw/DataAccess/tests/data-r2/open-world/data-2.ttl --sparql=http://www.w3.org/2001/sw/DataAccess/tests/data-r2/open-world/open-eq-12.rq --sparqlResults  > ///home/syosi/cvs-trunk/WWW/2000/10/swap/test/sparql/,temp/open-eq-12_dawg_test.out
               Warning: <unknown> is not a fragment! 
               Warning: <unknown> is not a fragment! 
loaded from file  0.226218938828
          Warning: Built-in {16} notIncludesWithBuiltins {2} failed because:
             TypeError: (_g86, xyz) 
          Warning: Built-in {16} notIncludesWithBuiltins {2} failed because:
             TypeError: ("xyz", xyz) 
          Warning: Built-in {16} notIncludesWithBuiltins {2} failed because:
             TypeError: ("xyz", xyz) 
          Warning: Built-in {16} notIncludesWithBuiltins {2} failed because:
             TypeError: ("xyz", xyz) 
          Warning: Built-in {16} notIncludesWithBuiltins {2} failed because:
             TypeError: ("xyz", xyz) 
          Warning: Built-in {16} notIncludesWithBuiltins {2} failed because:
             TypeError: ("xyz", xyz) 
          Warning: Built-in {16} notIncludesWithBuiltins {2} failed because:
             TypeError: ("xyz", xyz) 
          Warning: Built-in {16} notIncludesWithBuiltins {2} failed because:
             TypeError: (xyz, _g86) 
          Warning: Built-in {16} notIncludesWithBuiltins {2} failed because:
             TypeError: (_g86, _g86) 
          Warning: Built-in {16} notIncludesWithBuiltins {2} failed because:
             TypeError: ("xyz", _g86) 
          Warning: Built-in {16} notIncludesWithBuiltins {2} failed because:
             TypeError: ("xyz", _g86) 
          Warning: Built-in {16} notIncludesWithBuiltins {2} failed because:
             TypeError: ("xyz", _g86) 
          Warning: Built-in {16} notIncludesWithBuiltins {2} failed because:
             TypeError: ("xyz", _g86) 
          Warning: Built-in {16} notIncludesWithBuiltins {2} failed because:
             TypeError: ("xyz", _g86) 
          Warning: Built-in {16} notIncludesWithBuiltins {2} failed because:
             TypeError: ("xyz", _g86) 
          Warning: Built-in {16} notIncludesWithBuiltins {2} failed because:
             TypeError: (xyz, "xyz") 
          Warning: Built-in {16} notIncludesWithBuiltins {2} failed because:
             TypeError: (_g86, "xyz") 
          Warning: Built-in {16} notIncludesWithBuiltins {2} failed because:
             AttributeError: 'Symbol' object has no attribute 'fragid' 
          Warning: Built-in {16} notIncludesWithBuiltins {2} failed because:
             AttributeError: 'Symbol' object has no attribute 'fragid' 
          Warning: Built-in {16} notIncludesWithBuiltins {2} failed because:
             AttributeError: 'Symbol' object has no attribute 'fragid' 
          Warning: Built-in {16} notIncludesWithBuiltins {2} failed because:
             AttributeError: 'NoneType' object has no attribute 'fragid' 
          Warning: Built-in {16} notIncludesWithBuiltins {2} failed because:
             AttributeError: 'NoneType' object has no attribute 'fragid' 
          Warning: Built-in {16} notIncludesWithBuiltins {2} failed because:
             AttributeError: 'NoneType' object has no attribute 'fragid' 
          Warning: Built-in {16} notIncludesWithBuiltins {2} failed because:
             TypeError: (xyz, "xyz") 
          Warning: Built-in {16} notIncludesWithBuiltins {2} failed because:
             TypeError: (_g86, "xyz") 
          Warning: Built-in {16} notIncludesWithBuiltins {2} failed because:
             AttributeError: 'Symbol' object has no attribute 'fragid' 
          Warning: Built-in {16} notIncludesWithBuiltins {2} failed because:
             ValueError: invalid literal for long(): xyz 
          Warning: Built-in {16} notIncludesWithBuiltins {2} failed because:
             ValueError: invalid literal for long(): xyz 
          Warning: Built-in {16} notIncludesWithBuiltins {2} failed because:
             AttributeError: 'NoneType' object has no attribute 'fragid' 
          Warning: Built-in {16} notIncludesWithBuiltins {2} failed because:
             AttributeError: 'NoneType' object has no attribute 'fragid' 
          Warning: Built-in {16} notIncludesWithBuiltins {2} failed because:
             AttributeError: 'NoneType' object has no attribute 'fragid' 
          Warning: Built-in {16} notIncludesWithBuiltins {2} failed because:
             TypeError: (xyz, "xyz") 
          Warning: Built-in {16} notIncludesWithBuiltins {2} failed because:
             TypeError: (_g86, "xyz") 
          Warning: Built-in {16} notIncludesWithBuiltins {2} failed because:
             AttributeError: 'Symbol' object has no attribute 'fragid' 
          Warning: Built-in {16} notIncludesWithBuiltins {2} failed because:
             ValueError: invalid literal for long(): xyz 
          Warning: Built-in {16} notIncludesWithBuiltins {2} failed because:
             AttributeError: 'NoneType' object has no attribute 'fragid' 
          Warning: Built-in {16} notIncludesWithBuiltins {2} failed because:
             AttributeError: 'NoneType' object has no attribute 'fragid' 
          Warning: Built-in {16} notIncludesWithBuiltins {2} failed because:
             AttributeError: 'NoneType' object has no attribute 'fragid' 
          Warning: Built-in {16} notIncludesWithBuiltins {2} failed because:
             TypeError: (xyz, "xyz") 
          Warning: Built-in {16} notIncludesWithBuiltins {2} failed because:
             TypeError: (_g86, "xyz") 
          Warning: Built-in {16} notIncludesWithBuiltins {2} failed because:
             AttributeError: 'Symbol' object has no attribute 'fragid' 
          Warning: Built-in {16} notIncludesWithBuiltins {2} failed because:
             AttributeError: 'NoneType' object has no attribute 'fragid' 
          Warning: Built-in {16} notIncludesWithBuiltins {2} failed because:
             AttributeError: 'NoneType' object has no attribute 'fragid' 
          Warning: Built-in {16} notIncludesWithBuiltins {2} failed because:
             TypeError: (xyz, "xyz") 
          Warning: Built-in {16} notIncludesWithBuiltins {2} failed because:
             TypeError: (_g86, "xyz") 
          Warning: Built-in {16} notIncludesWithBuiltins {2} failed because:
             AttributeError: 'Symbol' object has no attribute 'fragid' 
          Warning: Built-in {16} notIncludesWithBuiltins {2} failed because:
             AttributeError: 'NoneType' object has no attribute 'fragid' 
          Warning: Built-in {16} notIncludesWithBuiltins {2} failed because:
             AttributeError: 'NoneType' object has no attribute 'fragid' 
          Warning: Built-in {16} notIncludesWithBuiltins {2} failed because:
             TypeError: (xyz, "xyz") 
          Warning: Built-in {16} notIncludesWithBuiltins {2} failed because:
             TypeError: (_g86, "xyz") 
          Warning: Built-in {16} notIncludesWithBuiltins {2} failed because:
             AttributeError: 'Symbol' object has no attribute 'fragid' 
          Warning: Built-in {16} notIncludesWithBuiltins {2} failed because:
             AttributeError: 'NoneType' object has no attribute 'fragid' 
          Warning: Built-in {16} notIncludesWithBuiltins {2} failed because:
             AttributeError: 'NoneType' object has no attribute 'fragid' 
          Warning: Built-in {16} notIncludesWithBuiltins {2} failed because:
             TypeError: (_g238, xyz) 
          Warning: Built-in {16} notIncludesWithBuiltins {2} failed because:
             TypeError: ("xyz", xyz) 
          Warning: Built-in {16} notIncludesWithBuiltins {2} failed because:
             TypeError: ("xyz", xyz) 
          Warning: Built-in {16} notIncludesWithBuiltins {2} failed because:
             TypeError: ("xyz", xyz) 
          Warning: Built-in {16} notIncludesWithBuiltins {2} failed because:
             TypeError: ("xyz", xyz) 
          Warning: Built-in {16} notIncludesWithBuiltins {2} failed because:
             TypeError: ("xyz", xyz) 
          Warning: Built-in {16} notIncludesWithBuiltins {2} failed because:
             TypeError: ("xyz", xyz) 
          Warning: Built-in {16} notIncludesWithBuiltins {2} failed because:
             TypeError: (xyz, _g238) 
          Warning: Built-in {16} notIncludesWithBuiltins {2} failed because:
             TypeError: (_g238, _g238) 
          Warning: Built-in {16} notIncludesWithBuiltins {2} failed because:
             TypeError: ("xyz", _g238) 
          Warning: Built-in {16} notIncludesWithBuiltins {2} failed because:
             TypeError: ("xyz", _g238) 
          Warning: Built-in {16} notIncludesWithBuiltins {2} failed because:
             TypeError: ("xyz", _g238) 
          Warning: Built-in {16} notIncludesWithBuiltins {2} failed because:
             TypeError: ("xyz", _g238) 
          Warning: Built-in {16} notIncludesWithBuiltins {2} failed because:
             TypeError: ("xyz", _g238) 
          Warning: Built-in {16} notIncludesWithBuiltins {2} failed because:
             TypeError: ("xyz", _g238) 
          Warning: Built-in {16} notIncludesWithBuiltins {2} failed because:
             TypeError: (xyz, "xyz") 
          Warning: Built-in {16} notIncludesWithBuiltins {2} failed because:
             TypeError: (_g238, "xyz") 
          Warning: Built-in {16} notIncludesWithBuiltins {2} failed because:
             AttributeError: 'Symbol' object has no attribute 'fragid' 
          Warning: Built-in {16} notIncludesWithBuiltins {2} failed because:
             AttributeError: 'Symbol' object has no attribute 'fragid' 
          Warning: Built-in {16} notIncludesWithBuiltins {2} failed because:
             AttributeError: 'Symbol' object has no attribute 'fragid' 
          Warning: Built-in {16} notIncludesWithBuiltins {2} failed because:
             AttributeError: 'NoneType' object has no attribute 'fragid' 
          Warning: Built-in {16} notIncludesWithBuiltins {2} failed because:
             AttributeError: 'NoneType' object has no attribute 'fragid' 
          Warning: Built-in {16} notIncludesWithBuiltins {2} failed because:
             AttributeError: 'NoneType' object has no attribute 'fragid' 
          Warning: Built-in {16} notIncludesWithBuiltins {2} failed because:
             TypeError: (xyz, "xyz") 
          Warning: Built-in {16} notIncludesWithBuiltins {2} failed because:
             TypeError: (_g238, "xyz") 
          Warning: Built-in {16} notIncludesWithBuiltins {2} failed because:
             AttributeError: 'Symbol' object has no attribute 'fragid' 
          Warning: Built-in {16} notIncludesWithBuiltins {2} failed because:
             ValueError: invalid literal for long(): xyz 
          Warning: Built-in {16} notIncludesWithBuiltins {2} failed because:
             ValueError: invalid literal for long(): xyz 
          Warning: Built-in {16} notIncludesWithBuiltins {2} failed because:
             AttributeError: 'NoneType' object has no attribute 'fragid' 
          Warning: Built-in {16} notIncludesWithBuiltins {2} failed because:
             AttributeError: 'NoneType' object has no attribute 'fragid' 
          Warning: Built-in {16} notIncludesWithBuiltins {2} failed because:
             AttributeError: 'NoneType' object has no attribute 'fragid' 
          Warning: Built-in {16} notIncludesWithBuiltins {2} failed because:
             TypeError: (xyz, "xyz") 
          Warning: Built-in {16} notIncludesWithBuiltins {2} failed because:
             TypeError: (_g238, "xyz") 
          Warning: Built-in {16} notIncludesWithBuiltins {2} failed because:
             AttributeError: 'Symbol' object has no attribute 'fragid' 
          Warning: Built-in {16} notIncludesWithBuiltins {2} failed because:
             ValueError: invalid literal for long(): xyz 
          Warning: Built-in {16} notIncludesWithBuiltins {2} failed because:
             AttributeError: 'NoneType' object has no attribute 'fragid' 
          Warning: Built-in {16} notIncludesWithBuiltins {2} failed because:
             AttributeError: 'NoneType' object has no attribute 'fragid' 
          Warning: Built-in {16} notIncludesWithBuiltins {2} failed because:
             AttributeError: 'NoneType' object has no attribute 'fragid' 
          Warning: Built-in {16} notIncludesWithBuiltins {2} failed because:
             TypeError: (xyz, "xyz") 
          Warning: Built-in {16} notIncludesWithBuiltins {2} failed because:
             TypeError: (_g238, "xyz") 
          Warning: Built-in {16} notIncludesWithBuiltins {2} failed because:
             AttributeError: 'Symbol' object has no attribute 'fragid' 
          Warning: Built-in {16} notIncludesWithBuiltins {2} failed because:
             AttributeError: 'NoneType' object has no attribute 'fragid' 
          Warning: Built-in {16} notIncludesWithBuiltins {2} failed because:
             AttributeError: 'NoneType' object has no attribute 'fragid' 
          Warning: Built-in {16} notIncludesWithBuiltins {2} failed because:
             TypeError: (xyz, "xyz") 
          Warning: Built-in {16} notIncludesWithBuiltins {2} failed because:
             TypeError: (_g238, "xyz") 
          Warning: Built-in {16} notIncludesWithBuiltins {2} failed because:
             AttributeError: 'Symbol' object has no attribute 'fragid' 
          Warning: Built-in {16} notIncludesWithBuiltins {2} failed because:
             AttributeError: 'NoneType' object has no attribute 'fragid' 
          Warning: Built-in {16} notIncludesWithBuiltins {2} failed because:
             AttributeError: 'NoneType' object has no attribute 'fragid' 
          Warning: Built-in {16} notIncludesWithBuiltins {2} failed because:
             TypeError: (xyz, "xyz") 
          Warning: Built-in {16} notIncludesWithBuiltins {2} failed because:
             TypeError: (_g238, "xyz") 
          Warning: Built-in {16} notIncludesWithBuiltins {2} failed because:
             AttributeError: 'Symbol' object has no attribute 'fragid' 
          Warning: Built-in {16} notIncludesWithBuiltins {2} failed because:
             AttributeError: 'NoneType' object has no attribute 'fragid' 
          Warning: Built-in {16} notIncludesWithBuiltins {2} failed because:
             AttributeError: 'NoneType' object has no attribute 'fragid' 
               Warning: <unknown> is not a fragment! 
			result	fail
281 date-1	date-1	Added type : xsd:date '='	http://www.w3.org/2001/sw/DataAccess/tests/data-r2/open-world/date-1.rq	Query
python ../../cwm.py http://www.w3.org/2001/sw/DataAccess/tests/data-r2/open-world/data-3.ttl --sparql=http://www.w3.org/2001/sw/DataAccess/tests/data-r2/open-world/date-1.rq --sparqlResults  > ///home/syosi/cvs-trunk/WWW/2000/10/swap/test/sparql/,temp/date-1_dawg_test.out
loaded from file  0.172603130341
- __:c0 <http://www.w3.org/2001/sw/DataAccess/tests/result-set#solution> __:c7.
- __:c0 <http://www.w3.org/2001/sw/DataAccess/tests/result-set#solution> __:c8.
- __:c0 <http://www.w3.org/2001/sw/DataAccess/tests/result-set#solution> __:c9.
- __:c1 <http://www.w3.org/2001/sw/DataAccess/tests/result-set#value> "2006-08-23"^^<http://www.w3.org/2001/XMLSchema#date>.
- __:c1 <http://www.w3.org/2001/sw/DataAccess/tests/result-set#variable> "v".
- __:c2 <http://www.w3.org/2001/sw/DataAccess/tests/result-set#value> "2006-08-23+00:00"^^<http://www.w3.org/2001/XMLSchema#date>.
- __:c3 <http://www.w3.org/2001/sw/DataAccess/tests/result-set#value> "2006-08-23Z"^^<http://www.w3.org/2001/XMLSchema#date>.
- __:c3 <http://www.w3.org/2001/sw/DataAccess/tests/result-set#variable> "v".
- __:c4 <http://www.w3.org/2001/sw/DataAccess/tests/result-set#value> <http://example/d1>.
- __:c4 <http://www.w3.org/2001/sw/DataAccess/tests/result-set#variable> "x".
- __:c5 <http://www.w3.org/2001/sw/DataAccess/tests/result-set#value> <http://example/d2>.
- __:c5 <http://www.w3.org/2001/sw/DataAccess/tests/result-set#variable> "x".
- __:c6 <http://www.w3.org/2001/sw/DataAccess/tests/result-set#value> <http://example/d3>.
- __:c6 <http://www.w3.org/2001/sw/DataAccess/tests/result-set#variable> "x".
- __:c7 <http://www.w3.org/2001/sw/DataAccess/tests/result-set#binding> __:c1.
- __:c7 <http://www.w3.org/2001/sw/DataAccess/tests/result-set#binding> __:c4.
- __:c8 <http://www.w3.org/2001/sw/DataAccess/tests/result-set#binding> __:c2.
- __:c8 <http://www.w3.org/2001/sw/DataAccess/tests/result-set#binding> __:c6.
- __:c9 <http://www.w3.org/2001/sw/DataAccess/tests/result-set#binding> __:c3.
- __:c9 <http://www.w3.org/2001/sw/DataAccess/tests/result-set#binding> __:c5.
+ __:c0 <http://www.w3.org/2001/sw/DataAccess/tests/result-set#solution> __:c1.
+ __:c1 <http://www.w3.org/2001/sw/DataAccess/tests/result-set#binding> __:c2.
+ __:c1 <http://www.w3.org/2001/sw/DataAccess/tests/result-set#binding> __:c3.
+ __:c2 <http://www.w3.org/2001/sw/DataAccess/tests/result-set#value> "2006-08-23"^^<http://www.w3.org/2001/XMLSchema#date>.
+ __:c3 <http://www.w3.org/2001/sw/DataAccess/tests/result-set#value> <http://example/d1>.
+ __:c3 <http://www.w3.org/2001/sw/DataAccess/tests/result-set#variable> "x".
			result	fail
282 date-2	date-2	Added type : xsd:date '!='	http://www.w3.org/2001/sw/DataAccess/tests/data-r2/open-world/date-2.rq	Query
python ../../cwm.py http://www.w3.org/2001/sw/DataAccess/tests/data-r2/open-world/data-3.ttl --sparql=http://www.w3.org/2001/sw/DataAccess/tests/data-r2/open-world/date-2.rq --sparqlResults  > ///home/syosi/cvs-trunk/WWW/2000/10/swap/test/sparql/,temp/date-2_dawg_test.out
loaded from file  0.167818069458
- __:c0 <http://www.w3.org/2001/sw/DataAccess/tests/result-set#solution> __:c7.
- __:c0 <http://www.w3.org/2001/sw/DataAccess/tests/result-set#solution> __:c8.
- __:c0 <http://www.w3.org/2001/sw/DataAccess/tests/result-set#solution> __:c9.
- __:c3 <http://www.w3.org/2001/sw/DataAccess/tests/result-set#value> "2006-08-23T09:00:00+01:00"^^<http://www.w3.org/2001/XMLSchema#dateTime>.
- __:c4 <http://www.w3.org/2001/sw/DataAccess/tests/result-set#value> <http://example/d4>.
- __:c4 <http://www.w3.org/2001/sw/DataAccess/tests/result-set#variable> "x".
- __:c5 <http://www.w3.org/2001/sw/DataAccess/tests/result-set#value> <http://example/d5>.
- __:c5 <http://www.w3.org/2001/sw/DataAccess/tests/result-set#variable> "x".
- __:c6 <http://www.w3.org/2001/sw/DataAccess/tests/result-set#value> <http://example/dt1>.
- __:c7 <http://www.w3.org/2001/sw/DataAccess/tests/result-set#binding> __:c1.
- __:c7 <http://www.w3.org/2001/sw/DataAccess/tests/result-set#binding> __:c4.
- __:c8 <http://www.w3.org/2001/sw/DataAccess/tests/result-set#binding> __:c2.
- __:c8 <http://www.w3.org/2001/sw/DataAccess/tests/result-set#binding> __:c5.
- __:c9 <http://www.w3.org/2001/sw/DataAccess/tests/result-set#binding> __:c3.
- __:c9 <http://www.w3.org/2001/sw/DataAccess/tests/result-set#binding> __:c6.
+ __:c0 <http://www.w3.org/2001/sw/DataAccess/tests/result-set#solution> __:c11.
+ __:c0 <http://www.w3.org/2001/sw/DataAccess/tests/result-set#solution> __:c12.
+ __:c0 <http://www.w3.org/2001/sw/DataAccess/tests/result-set#solution> __:c13.
+ __:c0 <http://www.w3.org/2001/sw/DataAccess/tests/result-set#solution> __:c14.
+ __:c0 <http://www.w3.org/2001/sw/DataAccess/tests/result-set#solution> __:c15.
+ __:c10 <http://www.w3.org/2001/sw/DataAccess/tests/result-set#value> <http://example/dt1>.
+ __:c10 <http://www.w3.org/2001/sw/DataAccess/tests/result-set#variable> "x".
+ __:c11 <http://www.w3.org/2001/sw/DataAccess/tests/result-set#binding> __:c1.
+ __:c11 <http://www.w3.org/2001/sw/DataAccess/tests/result-set#binding> __:c8.
+ __:c12 <http://www.w3.org/2001/sw/DataAccess/tests/result-set#binding> __:c10.
+ __:c12 <http://www.w3.org/2001/sw/DataAccess/tests/result-set#binding> __:c4.
+ __:c13 <http://www.w3.org/2001/sw/DataAccess/tests/result-set#binding> __:c2.
+ __:c13 <http://www.w3.org/2001/sw/DataAccess/tests/result-set#binding> __:c9.
+ __:c14 <http://www.w3.org/2001/sw/DataAccess/tests/result-set#binding> __:c3.
+ __:c14 <http://www.w3.org/2001/sw/DataAccess/tests/result-set#binding> __:c7.
+ __:c15 <http://www.w3.org/2001/sw/DataAccess/tests/result-set#binding> __:c5.
+ __:c15 <http://www.w3.org/2001/sw/DataAccess/tests/result-set#binding> __:c6.
+ __:c3 <http://www.w3.org/2001/sw/DataAccess/tests/result-set#value> "2006-08-23+00:00"^^<http://www.w3.org/2001/XMLSchema#date>.
+ __:c4 <http://www.w3.org/2001/sw/DataAccess/tests/result-set#value> "2006-08-23T09:00:00+01:00"^^<http://www.w3.org/2001/XMLSchema#dateTime>.
+ __:c4 <http://www.w3.org/2001/sw/DataAccess/tests/result-set#variable> "v".
+ __:c5 <http://www.w3.org/2001/sw/DataAccess/tests/result-set#value> "2006-08-23Z"^^<http://www.w3.org/2001/XMLSchema#date>.
+ __:c5 <http://www.w3.org/2001/sw/DataAccess/tests/result-set#variable> "v".
+ __:c6 <http://www.w3.org/2001/sw/DataAccess/tests/result-set#value> <http://example/d2>.
+ __:c7 <http://www.w3.org/2001/sw/DataAccess/tests/result-set#value> <http://example/d3>.
+ __:c7 <http://www.w3.org/2001/sw/DataAccess/tests/result-set#variable> "x".
+ __:c8 <http://www.w3.org/2001/sw/DataAccess/tests/result-set#value> <http://example/d4>.
+ __:c8 <http://www.w3.org/2001/sw/DataAccess/tests/result-set#variable> "x".
+ __:c9 <http://www.w3.org/2001/sw/DataAccess/tests/result-set#value> <http://example/d5>.
+ __:c9 <http://www.w3.org/2001/sw/DataAccess/tests/result-set#variable> "x".
			result	fail
283 date-3	date-3	Added type : xsd:date '>'	http://www.w3.org/2001/sw/DataAccess/tests/data-r2/open-world/date-3.rq	Query
python ../../cwm.py http://www.w3.org/2001/sw/DataAccess/tests/data-r2/open-world/data-3.ttl --sparql=http://www.w3.org/2001/sw/DataAccess/tests/data-r2/open-world/date-3.rq --sparqlResults  > ///home/syosi/cvs-trunk/WWW/2000/10/swap/test/sparql/,temp/date-3_dawg_test.out
loaded from file  0.168766975403
- __:c0 <http://www.w3.org/2001/sw/DataAccess/tests/result-set#solution> __:c7.
- __:c0 <http://www.w3.org/2001/sw/DataAccess/tests/result-set#solution> __:c8.
- __:c3 <http://www.w3.org/2001/sw/DataAccess/tests/result-set#value> "2006-08-23Z"^^<http://www.w3.org/2001/XMLSchema#date>.
- __:c4 <http://www.w3.org/2001/sw/DataAccess/tests/result-set#value> <http://example/d1>.
- __:c4 <http://www.w3.org/2001/sw/DataAccess/tests/result-set#variable> "x".
- __:c5 <http://www.w3.org/2001/sw/DataAccess/tests/result-set#value> <http://example/d2>.
- __:c6 <http://www.w3.org/2001/sw/DataAccess/tests/result-set#value> <http://example/d3>.
- __:c7 <http://www.w3.org/2001/sw/DataAccess/tests/result-set#binding> __:c1.
- __:c7 <http://www.w3.org/2001/sw/DataAccess/tests/result-set#binding> __:c4.
- __:c8 <http://www.w3.org/2001/sw/DataAccess/tests/result-set#binding> __:c2.
- __:c8 <http://www.w3.org/2001/sw/DataAccess/tests/result-set#binding> __:c6.
- __:c9 <http://www.w3.org/2001/sw/DataAccess/tests/result-set#binding> __:c3.
+ __:c0 <http://www.w3.org/2001/sw/DataAccess/tests/result-set#solution> __:c10.
+ __:c0 <http://www.w3.org/2001/sw/DataAccess/tests/result-set#solution> __:c11.
+ __:c0 <http://www.w3.org/2001/sw/DataAccess/tests/result-set#solution> __:c12.
+ __:c10 <http://www.w3.org/2001/sw/DataAccess/tests/result-set#binding> __:c2.
+ __:c10 <http://www.w3.org/2001/sw/DataAccess/tests/result-set#binding> __:c7.
+ __:c11 <http://www.w3.org/2001/sw/DataAccess/tests/result-set#binding> __:c3.
+ __:c11 <http://www.w3.org/2001/sw/DataAccess/tests/result-set#binding> __:c8.
+ __:c12 <http://www.w3.org/2001/sw/DataAccess/tests/result-set#binding> __:c4.
+ __:c12 <http://www.w3.org/2001/sw/DataAccess/tests/result-set#binding> __:c6.
+ __:c3 <http://www.w3.org/2001/sw/DataAccess/tests/result-set#value> "2006-08-23T09:00:00+01:00"^^<http://www.w3.org/2001/XMLSchema#dateTime>.
+ __:c4 <http://www.w3.org/2001/sw/DataAccess/tests/result-set#value> "2006-08-23Z"^^<http://www.w3.org/2001/XMLSchema#date>.
+ __:c4 <http://www.w3.org/2001/sw/DataAccess/tests/result-set#variable> "v".
+ __:c5 <http://www.w3.org/2001/sw/DataAccess/tests/result-set#value> <http://example/d1>.
+ __:c6 <http://www.w3.org/2001/sw/DataAccess/tests/result-set#value> <http://example/d2>.
+ __:c7 <http://www.w3.org/2001/sw/DataAccess/tests/result-set#value> <http://example/d3>.
+ __:c7 <http://www.w3.org/2001/sw/DataAccess/tests/result-set#variable> "x".
+ __:c8 <http://www.w3.org/2001/sw/DataAccess/tests/result-set#value> <http://example/dt1>.
+ __:c8 <http://www.w3.org/2001/sw/DataAccess/tests/result-set#variable> "x".
+ __:c9 <http://www.w3.org/2001/sw/DataAccess/tests/result-set#binding> __:c1.
			result	fail
284 date-4	date-4	xsd:date ORDER BY	http://www.w3.org/2001/sw/DataAccess/tests/data-r2/open-world/date-4.rq	Query
python ../../cwm.py http://www.w3.org/2001/sw/DataAccess/tests/data-r2/open-world/data-3.ttl --sparql=http://www.w3.org/2001/sw/DataAccess/tests/data-r2/open-world/date-4.rq --sparqlResults  > ///home/syosi/cvs-trunk/WWW/2000/10/swap/test/sparql/,temp/date-4_dawg_test.out
loaded from file  0.171848058701
			result	pass
285 open-cmp-01	open-cmp-01	Find things that compare with < or >	http://www.w3.org/2001/sw/DataAccess/tests/data-r2/open-world/open-cmp-01.rq	Query
python ../../cwm.py http://www.w3.org/2001/sw/DataAccess/tests/data-r2/open-world/data-4.ttl --sparql=http://www.w3.org/2001/sw/DataAccess/tests/data-r2/open-world/open-cmp-01.rq --sparqlResults  > ///home/syosi/cvs-trunk/WWW/2000/10/swap/test/sparql/,temp/open-cmp-01_dawg_test.out
                       Warning: <unknown> is not a fragment! 
loaded from file  0.170083045959
          Warning: Built-in test:abc lessThan test:abc failed because:
             ArgumentNotLiteral: (test:abc, test:abc) 
          Warning: Built-in "x" lessThan "x" failed because:
             AttributeError: 'Symbol' object has no attribute 'resource' 
          Warning: Built-in test:abc greaterThan test:abc failed because:
             ArgumentNotLiteral: (test:abc, test:abc) 
          Warning: Built-in "x" greaterThan "x" failed because:
             AttributeError: 'Symbol' object has no attribute 'resource' 
- __:c0 <http://www.w3.org/2001/sw/DataAccess/tests/result-set#solution> __:c1.
- __:c1 <http://www.w3.org/2001/sw/DataAccess/tests/result-set#binding> __:c2.
- __:c1 <http://www.w3.org/2001/sw/DataAccess/tests/result-set#binding> __:c3.
- __:c1 <http://www.w3.org/2001/sw/DataAccess/tests/result-set#binding> __:c4.
- __:c2 <http://www.w3.org/2001/sw/DataAccess/tests/result-set#value> "v1".
- __:c2 <http://www.w3.org/2001/sw/DataAccess/tests/result-set#variable> "v1".
- __:c3 <http://www.w3.org/2001/sw/DataAccess/tests/result-set#value> "v2".
- __:c3 <http://www.w3.org/2001/sw/DataAccess/tests/result-set#variable> "v2".
- __:c4 <http://www.w3.org/2001/sw/DataAccess/tests/result-set#value> <http://example/x1>.
- __:c4 <http://www.w3.org/2001/sw/DataAccess/tests/result-set#variable> "x".
+ __:c0 <http://www.w3.org/2001/sw/DataAccess/tests/result-set#solution> __:c10.
+ __:c0 <http://www.w3.org/2001/sw/DataAccess/tests/result-set#solution> __:c8.
+ __:c0 <http://www.w3.org/2001/sw/DataAccess/tests/result-set#solution> __:c9.
+ __:c1 <http://www.w3.org/2001/sw/DataAccess/tests/result-set#value> "1"^^<http://www.w3.org/2001/XMLSchema#integer>.
+ __:c1 <http://www.w3.org/2001/sw/DataAccess/tests/result-set#variable> "v1".
+ __:c10 <http://www.w3.org/2001/sw/DataAccess/tests/result-set#binding> __:c11.
+ __:c10 <http://www.w3.org/2001/sw/DataAccess/tests/result-set#binding> __:c4.
+ __:c10 <http://www.w3.org/2001/sw/DataAccess/tests/result-set#binding> __:c5.
+ __:c11 <http://www.w3.org/2001/sw/DataAccess/tests/result-set#value> "v2".
+ __:c11 <http://www.w3.org/2001/sw/DataAccess/tests/result-set#variable> "v2".
+ __:c12 <http://www.w3.org/2001/sw/DataAccess/tests/result-set#value> "v2".
+ __:c12 <http://www.w3.org/2001/sw/DataAccess/tests/result-set#variable> "v2".
+ __:c2 <http://www.w3.org/2001/sw/DataAccess/tests/result-set#value> "2006-08-22"^^<http://www.w3.org/2001/XMLSchema#date>.
+ __:c2 <http://www.w3.org/2001/sw/DataAccess/tests/result-set#variable> "v2".
+ __:c3 <http://www.w3.org/2001/sw/DataAccess/tests/result-set#value> "2006-08-23T09:00:00+01:00"^^<http://www.w3.org/2001/XMLSchema#dateTime>.
+ __:c3 <http://www.w3.org/2001/sw/DataAccess/tests/result-set#variable> "v1".
+ __:c4 <http://www.w3.org/2001/sw/DataAccess/tests/result-set#value> "v1".
+ __:c4 <http://www.w3.org/2001/sw/DataAccess/tests/result-set#variable> "v1".
+ __:c5 <http://www.w3.org/2001/sw/DataAccess/tests/result-set#value> <http://example/x1>.
+ __:c5 <http://www.w3.org/2001/sw/DataAccess/tests/result-set#variable> "x".
+ __:c6 <http://www.w3.org/2001/sw/DataAccess/tests/result-set#value> <http://example/x2>.
+ __:c6 <http://www.w3.org/2001/sw/DataAccess/tests/result-set#variable> "x".
+ __:c7 <http://www.w3.org/2001/sw/DataAccess/tests/result-set#value> <http://example/x5>.
+ __:c7 <http://www.w3.org/2001/sw/DataAccess/tests/result-set#variable> "x".
+ __:c8 <http://www.w3.org/2001/sw/DataAccess/tests/result-set#binding> __:c2.
+ __:c8 <http://www.w3.org/2001/sw/DataAccess/tests/result-set#binding> __:c3.
+ __:c8 <http://www.w3.org/2001/sw/DataAccess/tests/result-set#binding> __:c7.
+ __:c9 <http://www.w3.org/2001/sw/DataAccess/tests/result-set#binding> __:c1.
+ __:c9 <http://www.w3.org/2001/sw/DataAccess/tests/result-set#binding> __:c12.
+ __:c9 <http://www.w3.org/2001/sw/DataAccess/tests/result-set#binding> __:c6.
			result	fail
286 open-cmp-02	open-cmp-02	Find things that compare with <= and >	http://www.w3.org/2001/sw/DataAccess/tests/data-r2/open-world/open-cmp-02.rq	Query
python ../../cwm.py http://www.w3.org/2001/sw/DataAccess/tests/data-r2/open-world/data-4.ttl --sparql=http://www.w3.org/2001/sw/DataAccess/tests/data-r2/open-world/open-cmp-02.rq --sparqlResults  > ///home/syosi/cvs-trunk/WWW/2000/10/swap/test/sparql/,temp/open-cmp-02_dawg_test.out
                       Warning: <unknown> is not a fragment! 
loaded from file  0.168677091599
          Warning: Built-in test:abc notGreaterThan test:abc failed because:
             ArgumentNotLiteral: (test:abc, test:abc) 
          Warning: Built-in "x" notGreaterThan "x" failed because:
             AttributeError: 'Symbol' object has no attribute 'resource' 
          Warning: Built-in test:abc greaterThan test:abc failed because:
             ArgumentNotLiteral: (test:abc, test:abc) 
          Warning: Built-in "x" greaterThan "x" failed because:
             AttributeError: 'Symbol' object has no attribute 'resource' 
              Warning: <unknown> is not a fragment! 
               Warning: <unknown> is not a fragment! 
- __:c0 <http://www.w3.org/2001/sw/DataAccess/tests/result-set#solution> __:c7.
- __:c1 <http://www.w3.org/2001/sw/DataAccess/tests/result-set#value> "v1".
- __:c2 <http://www.w3.org/2001/sw/DataAccess/tests/result-set#value> "v2".
- __:c3 <http://www.w3.org/2001/sw/DataAccess/tests/result-set#value> "x"^^<http://example/unknown>.
- __:c4 <http://www.w3.org/2001/sw/DataAccess/tests/result-set#value> "x"^^<http://example/unknown>.
- __:c4 <http://www.w3.org/2001/sw/DataAccess/tests/result-set#variable> "v2".
- __:c6 <http://www.w3.org/2001/sw/DataAccess/tests/result-set#value> <http://example/x3>.
- __:c7 <http://www.w3.org/2001/sw/DataAccess/tests/result-set#binding> __:c1.
- __:c7 <http://www.w3.org/2001/sw/DataAccess/tests/result-set#binding> __:c2.
- __:c7 <http://www.w3.org/2001/sw/DataAccess/tests/result-set#binding> __:c5.
- __:c8 <http://www.w3.org/2001/sw/DataAccess/tests/result-set#binding> __:c4.
- __:c8 <http://www.w3.org/2001/sw/DataAccess/tests/result-set#binding> __:c6.
+ __:c0 <http://www.w3.org/2001/sw/DataAccess/tests/result-set#solution> __:c10.
+ __:c0 <http://www.w3.org/2001/sw/DataAccess/tests/result-set#solution> __:c9.
+ __:c1 <http://www.w3.org/2001/sw/DataAccess/tests/result-set#value> "1"^^<http://www.w3.org/2001/XMLSchema#integer>.
+ __:c10 <http://www.w3.org/2001/sw/DataAccess/tests/result-set#binding> __:c11.
+ __:c10 <http://www.w3.org/2001/sw/DataAccess/tests/result-set#binding> __:c4.
+ __:c10 <http://www.w3.org/2001/sw/DataAccess/tests/result-set#binding> __:c5.
+ __:c11 <http://www.w3.org/2001/sw/DataAccess/tests/result-set#value> "v2".
+ __:c11 <http://www.w3.org/2001/sw/DataAccess/tests/result-set#variable> "v2".
+ __:c12 <http://www.w3.org/2001/sw/DataAccess/tests/result-set#value> "v2".
+ __:c12 <http://www.w3.org/2001/sw/DataAccess/tests/result-set#variable> "v2".
+ __:c2 <http://www.w3.org/2001/sw/DataAccess/tests/result-set#value> "2006-08-22"^^<http://www.w3.org/2001/XMLSchema#date>.
+ __:c3 <http://www.w3.org/2001/sw/DataAccess/tests/result-set#value> "2006-08-23T09:00:00+01:00"^^<http://www.w3.org/2001/XMLSchema#dateTime>.
+ __:c4 <http://www.w3.org/2001/sw/DataAccess/tests/result-set#value> "v1".
+ __:c4 <http://www.w3.org/2001/sw/DataAccess/tests/result-set#variable> "v1".
+ __:c6 <http://www.w3.org/2001/sw/DataAccess/tests/result-set#value> <http://example/x2>.
+ __:c7 <http://www.w3.org/2001/sw/DataAccess/tests/result-set#value> <http://example/x5>.
+ __:c7 <http://www.w3.org/2001/sw/DataAccess/tests/result-set#variable> "x".
+ __:c8 <http://www.w3.org/2001/sw/DataAccess/tests/result-set#binding> __:c2.
+ __:c8 <http://www.w3.org/2001/sw/DataAccess/tests/result-set#binding> __:c7.
+ __:c9 <http://www.w3.org/2001/sw/DataAccess/tests/result-set#binding> __:c1.
+ __:c9 <http://www.w3.org/2001/sw/DataAccess/tests/result-set#binding> __:c12.
+ __:c9 <http://www.w3.org/2001/sw/DataAccess/tests/result-set#binding> __:c6.
			result	fail
287 dawg-optional-filter-001	OPTIONAL-FILTER	FILTER inside an OPTIONAL does not block an entire solution	http://www.w3.org/2001/sw/DataAccess/tests/data-r2/optional-filter/expr-1.rq	Query
python ../../cwm.py http://www.w3.org/2001/sw/DataAccess/tests/data-r2/optional-filter/data-1.ttl --sparql=http://www.w3.org/2001/sw/DataAccess/tests/data-r2/optional-filter/expr-1.rq --sparqlResults  > ///home/syosi/cvs-trunk/WWW/2000/10/swap/test/sparql/,temp/OPTIONAL-FILTER_dawg_test.out
loaded from file  0.173079967499
			result	pass
288 dawg-optional-filter-002	OPTIONAL - Outer FILTER	FILTER outside an OPTIONAL tests bound and unbound variables	http://www.w3.org/2001/sw/DataAccess/tests/data-r2/optional-filter/expr-2.rq	Query
python ../../cwm.py http://www.w3.org/2001/sw/DataAccess/tests/data-r2/optional-filter/data-1.ttl --sparql=http://www.w3.org/2001/sw/DataAccess/tests/data-r2/optional-filter/expr-2.rq --sparqlResults  > ///home/syosi/cvs-trunk/WWW/2000/10/swap/test/sparql/,temp/OPTIONAL_-_Outer_FILTER_dawg_test.out
loaded from file  0.168775081635
			result	pass
289 dawg-optional-filter-003	OPTIONAL - Outer FILTER with BOUND	Use !bound to only run outer FILTERs against variables bound in an OPTIONAL	http://www.w3.org/2001/sw/DataAccess/tests/data-r2/optional-filter/expr-3.rq	Query
python ../../cwm.py http://www.w3.org/2001/sw/DataAccess/tests/data-r2/optional-filter/data-1.ttl --sparql=http://www.w3.org/2001/sw/DataAccess/tests/data-r2/optional-filter/expr-3.rq --sparqlResults  > ///home/syosi/cvs-trunk/WWW/2000/10/swap/test/sparql/,temp/OPTIONAL_-_Outer_FILTER_with_BOUND_dawg_test.out
loaded from file  0.168208837509
			result	pass
290 dawg-optional-001	One optional clause	One optional clause	http://www.w3.org/2001/sw/DataAccess/tests/data-r2/optional/q-opt-1.rq	Query
python ../../cwm.py http://www.w3.org/2001/sw/DataAccess/tests/data-r2/optional/data.ttl --sparql=http://www.w3.org/2001/sw/DataAccess/tests/data-r2/optional/q-opt-1.rq --sparqlResults  > ///home/syosi/cvs-trunk/WWW/2000/10/swap/test/sparql/,temp/One_optional_clause_dawg_test.out
loaded from file  0.238034009933
			result	pass
291 dawg-optional-002	Two optional clauses	One optional clause	http://www.w3.org/2001/sw/DataAccess/tests/data-r2/optional/q-opt-2.rq	Query
python ../../cwm.py http://www.w3.org/2001/sw/DataAccess/tests/data-r2/optional/data.ttl --sparql=http://www.w3.org/2001/sw/DataAccess/tests/data-r2/optional/q-opt-2.rq --sparqlResults  > ///home/syosi/cvs-trunk/WWW/2000/10/swap/test/sparql/,temp/Two_optional_clauses_dawg_test.out
loaded from file  0.170384883881
			result	pass
292 dawg-union-001	Union is not optional	Union is not optional	http://www.w3.org/2001/sw/DataAccess/tests/data-r2/optional/q-opt-3.rq	Query
python ../../cwm.py http://www.w3.org/2001/sw/DataAccess/tests/data-r2/optional/data.ttl --sparql=http://www.w3.org/2001/sw/DataAccess/tests/data-r2/optional/q-opt-3.rq --sparqlResults  > ///home/syosi/cvs-trunk/WWW/2000/10/swap/test/sparql/,temp/Union_is_not_optional_dawg_test.out
loaded from file  0.172683954239
			result	pass
293 dawg-optional-complex-1	Complex optional semantics: 1	Complex optional: LeftJoin(LeftJoin(BGP(..),{..}),Join(BGP(..),Union(..,..)))	http://www.w3.org/2001/sw/DataAccess/tests/data-r2/optional/q-opt-complex-1.rq	Query
python ../../cwm.py http://www.w3.org/2001/sw/DataAccess/tests/data-r2/optional/complex-data-1.ttl --sparql=http://www.w3.org/2001/sw/DataAccess/tests/data-r2/optional/q-opt-complex-1.rq --sparqlResults  > ///home/syosi/cvs-trunk/WWW/2000/10/swap/test/sparql/,temp/Complex_optional_semantics:_1_dawg_test.out
loaded from file  0.171590089798
- __:c0 <http://www.w3.org/2001/sw/DataAccess/tests/result-set#resultVariable> "firstN".
			result	fail
294 dawg-optional-complex-2	Complex optional semantics: 2	Complex optional: LeftJoin(Join(BGP(..),Graph(var,{..})),Union(..,..))	http://www.w3.org/2001/sw/DataAccess/tests/data-r2/optional/q-opt-complex-2.rq	Query
python ../../cwm.py http://www.w3.org/2001/sw/DataAccess/tests/data-r2/optional/complex-data-2.ttl --sparql=http://www.w3.org/2001/sw/DataAccess/tests/data-r2/optional/q-opt-complex-2.rq --sparqlResults  > ///home/syosi/cvs-trunk/WWW/2000/10/swap/test/sparql/,temp/Complex_optional_semantics:_2_dawg_test.out
loaded from file  0.199255943298
- __:c0 <http://www.w3.org/2001/sw/DataAccess/tests/result-set#resultVariable> "id".
- __:c0 <http://www.w3.org/2001/sw/DataAccess/tests/result-set#resultVariable> "ssn".
- __:c0 <http://www.w3.org/2001/sw/DataAccess/tests/result-set#solution> __:c3.
- __:c0 <http://www.w3.org/2001/sw/DataAccess/tests/result-set#solution> __:c4.
- __:c1 <http://www.w3.org/2001/sw/DataAccess/tests/result-set#value> "000000000".
- __:c1 <http://www.w3.org/2001/sw/DataAccess/tests/result-set#variable> "ssn".
- __:c2 <http://www.w3.org/2001/sw/DataAccess/tests/result-set#value> "29"^^<http://www.w3.org/2001/XMLSchema#integer>.
- __:c2 <http://www.w3.org/2001/sw/DataAccess/tests/result-set#variable> "id".
- __:c3 <http://www.w3.org/2001/sw/DataAccess/tests/result-set#binding> __:c1.
- __:c4 <http://www.w3.org/2001/sw/DataAccess/tests/result-set#binding> __:c2.
			result	fail
295 dawg-optional-complex-3	Complex optional semantics: 3	Complex optional: LeftJoin(Join(BGP(..),Graph(var,{..})),LeftJoin(BGP(..),{..}))	http://www.w3.org/2001/sw/DataAccess/tests/data-r2/optional/q-opt-complex-3.rq	Query
python ../../cwm.py http://www.w3.org/2001/sw/DataAccess/tests/data-r2/optional/complex-data-2.ttl --sparql=http://www.w3.org/2001/sw/DataAccess/tests/data-r2/optional/q-opt-complex-3.rq --sparqlResults  > ///home/syosi/cvs-trunk/WWW/2000/10/swap/test/sparql/,temp/Complex_optional_semantics:_3_dawg_test.out
loaded from file  0.185544967651
- __:c0 <http://www.w3.org/2001/sw/DataAccess/tests/result-set#resultVariable> "dept".
- __:c0 <http://www.w3.org/2001/sw/DataAccess/tests/result-set#resultVariable> "name".
- __:c0 <http://www.w3.org/2001/sw/DataAccess/tests/result-set#resultVariable> "nick".
- __:c0 <http://www.w3.org/2001/sw/DataAccess/tests/result-set#resultVariable> "plan".
- __:c0 <http://www.w3.org/2001/sw/DataAccess/tests/result-set#solution> __:c1.
- __:c0 <http://www.w3.org/2001/sw/DataAccess/tests/result-set#solution> __:c2.
- __:c1 <http://www.w3.org/2001/sw/DataAccess/tests/result-set#binding> __:c4.
- __:c1 <http://www.w3.org/2001/sw/DataAccess/tests/result-set#binding> __:c5.
- __:c1 <http://www.w3.org/2001/sw/DataAccess/tests/result-set#binding> __:c6.
- __:c1 <http://www.w3.org/2001/sw/DataAccess/tests/result-set#binding> __:c8.
- __:c2 <http://www.w3.org/2001/sw/DataAccess/tests/result-set#binding> __:c3.
- __:c2 <http://www.w3.org/2001/sw/DataAccess/tests/result-set#binding> __:c7.
- __:c2 <http://www.w3.org/2001/sw/DataAccess/tests/result-set#binding> __:c9.
- __:c3 <http://www.w3.org/2001/sw/DataAccess/tests/result-set#value> "Alice".
- __:c3 <http://www.w3.org/2001/sw/DataAccess/tests/result-set#variable> "name".
- __:c4 <http://www.w3.org/2001/sw/DataAccess/tests/result-set#value> "Bert".
- __:c4 <http://www.w3.org/2001/sw/DataAccess/tests/result-set#variable> "name".
- __:c5 <http://www.w3.org/2001/sw/DataAccess/tests/result-set#value> "BigB".
- __:c5 <http://www.w3.org/2001/sw/DataAccess/tests/result-set#variable> "nick".
- __:c6 <http://www.w3.org/2001/sw/DataAccess/tests/result-set#value> "DeptA".
- __:c6 <http://www.w3.org/2001/sw/DataAccess/tests/result-set#variable> "dept".
- __:c7 <http://www.w3.org/2001/sw/DataAccess/tests/result-set#value> "WhoMe?".
- __:c7 <http://www.w3.org/2001/sw/DataAccess/tests/result-set#variable> "nick".
- __:c8 <http://www.w3.org/2001/sw/DataAccess/tests/result-set#value> <http://example.org/things#HealthPlanA>.
- __:c8 <http://www.w3.org/2001/sw/DataAccess/tests/result-set#variable> "plan".
- __:c9 <http://www.w3.org/2001/sw/DataAccess/tests/result-set#value> <http://example.org/things#HealthPlanD>.
- __:c9 <http://www.w3.org/2001/sw/DataAccess/tests/result-set#variable> "plan".
			result	fail
296 dawg-optional-complex-4	Complex optional semantics: 4	Complex optional: LeftJoin(Join(BGP(..),Union(..,..)),Join(BGP(..),Graph(varOrIRI,{..})))	http://www.w3.org/2001/sw/DataAccess/tests/data-r2/optional/q-opt-complex-4.rq	Query
python ../../cwm.py http://www.w3.org/2001/sw/DataAccess/tests/data-r2/optional/complex-data-2.ttl --sparql=http://www.w3.org/2001/sw/DataAccess/tests/data-r2/optional/q-opt-complex-4.rq --sparqlResults  > ///home/syosi/cvs-trunk/WWW/2000/10/swap/test/sparql/,temp/Complex_optional_semantics:_4_dawg_test.out
loaded from file  0.238727092743
- __:c0 <http://www.w3.org/2001/sw/DataAccess/tests/result-set#resultVariable> "img".
- __:c0 <http://www.w3.org/2001/sw/DataAccess/tests/result-set#solution> __:c1.
- __:c0 <http://www.w3.org/2001/sw/DataAccess/tests/result-set#solution> __:c12.
- __:c1 <http://www.w3.org/2001/sw/DataAccess/tests/result-set#binding> __:c2.
- __:c1 <http://www.w3.org/2001/sw/DataAccess/tests/result-set#binding> __:c4.
- __:c1 <http://www.w3.org/2001/sw/DataAccess/tests/result-set#binding> __:c8.
- __:c10 <http://www.w3.org/2001/sw/DataAccess/tests/result-set#binding> __:c13.
- __:c10 <http://www.w3.org/2001/sw/DataAccess/tests/result-set#binding> __:c5.
- __:c11 <http://www.w3.org/2001/sw/DataAccess/tests/result-set#binding> __:c6.
- __:c12 <http://www.w3.org/2001/sw/DataAccess/tests/result-set#binding> __:c16.
- __:c12 <http://www.w3.org/2001/sw/DataAccess/tests/result-set#binding> __:c7.
- __:c14 <http://www.w3.org/2001/sw/DataAccess/tests/result-set#value> "Bert".
- __:c16 <http://www.w3.org/2001/sw/DataAccess/tests/result-set#value> "Bob".
- __:c16 <http://www.w3.org/2001/sw/DataAccess/tests/result-set#variable> "name".
- __:c2 <http://www.w3.org/2001/sw/DataAccess/tests/result-set#value> "Alice".
- __:c2 <http://www.w3.org/2001/sw/DataAccess/tests/result-set#variable> "name".
- __:c3 <http://www.w3.org/2001/sw/DataAccess/tests/result-set#value> "DeptA".
- __:c3 <http://www.w3.org/2001/sw/DataAccess/tests/result-set#variable> "dept".
- __:c4 <http://www.w3.org/2001/sw/DataAccess/tests/result-set#value> <http://example.com/alice.png>.
- __:c4 <http://www.w3.org/2001/sw/DataAccess/tests/result-set#variable> "img".
- __:c5 <http://www.w3.org/2001/sw/DataAccess/tests/result-set#value> <http://example.org/things#HealthPlanA>.
- __:c6 <http://www.w3.org/2001/sw/DataAccess/tests/result-set#value> <http://example.org/things#HealthPlanB>.
- __:c7 <http://www.w3.org/2001/sw/DataAccess/tests/result-set#value> <http://example.org/things#HealthPlanC>.
- __:c7 <http://www.w3.org/2001/sw/DataAccess/tests/result-set#variable> "plan".
- __:c8 <http://www.w3.org/2001/sw/DataAccess/tests/result-set#value> <http://example.org/things#HealthPlanD>.
- __:c8 <http://www.w3.org/2001/sw/DataAccess/tests/result-set#variable> "plan".
- __:c9 <http://www.w3.org/2001/sw/DataAccess/tests/result-set#binding> __:c14.
+ __:c0 <http://www.w3.org/2001/sw/DataAccess/tests/result-set#solution> __:c7.
+ __:c0 <http://www.w3.org/2001/sw/DataAccess/tests/result-set#solution> __:c8.
+ __:c1 <http://www.w3.org/2001/sw/DataAccess/tests/result-set#value> "Alice".
+ __:c1 <http://www.w3.org/2001/sw/DataAccess/tests/result-set#variable> "name".
+ __:c10 <http://www.w3.org/2001/sw/DataAccess/tests/result-set#binding> __:c14.
+ __:c10 <http://www.w3.org/2001/sw/DataAccess/tests/result-set#binding> __:c4.
+ __:c11 <http://www.w3.org/2001/sw/DataAccess/tests/result-set#binding> __:c5.
+ __:c12 <http://www.w3.org/2001/sw/DataAccess/tests/result-set#value> "Bert".
+ __:c12 <http://www.w3.org/2001/sw/DataAccess/tests/result-set#variable> "name".
+ __:c14 <http://www.w3.org/2001/sw/DataAccess/tests/result-set#value> "Bob".
+ __:c2 <http://www.w3.org/2001/sw/DataAccess/tests/result-set#value> "DeptA".
+ __:c2 <http://www.w3.org/2001/sw/DataAccess/tests/result-set#variable> "dept".
+ __:c3 <http://www.w3.org/2001/sw/DataAccess/tests/result-set#value> <http://example.org/things#HealthPlanA>.
+ __:c3 <http://www.w3.org/2001/sw/DataAccess/tests/result-set#variable> "plan".
+ __:c4 <http://www.w3.org/2001/sw/DataAccess/tests/result-set#value> <http://example.org/things#HealthPlanB>.
+ __:c4 <http://www.w3.org/2001/sw/DataAccess/tests/result-set#variable> "plan".
+ __:c5 <http://www.w3.org/2001/sw/DataAccess/tests/result-set#value> <http://example.org/things#HealthPlanC>.
+ __:c6 <http://www.w3.org/2001/sw/DataAccess/tests/result-set#value> <http://example.org/things#HealthPlanD>.
+ __:c7 <http://www.w3.org/2001/sw/DataAccess/tests/result-set#binding> __:c1.
+ __:c7 <http://www.w3.org/2001/sw/DataAccess/tests/result-set#binding> __:c6.
+ __:c8 <http://www.w3.org/2001/sw/DataAccess/tests/result-set#binding> __:c12.
+ __:c8 <http://www.w3.org/2001/sw/DataAccess/tests/result-set#binding> __:c2.
+ __:c9 <http://www.w3.org/2001/sw/DataAccess/tests/result-set#binding> __:c13.
			result	fail
297 dawg-regex-001	regex-query-001	Simple unanchored match test	http://www.w3.org/2001/sw/DataAccess/tests/data-r2/regex/regex-query-001.rq	Query
python ../../cwm.py http://www.w3.org/2001/sw/DataAccess/tests/data-r2/regex/regex-data-01.ttl --sparql=http://www.w3.org/2001/sw/DataAccess/tests/data-r2/regex/regex-query-001.rq --sparqlResults  > ///home/syosi/cvs-trunk/WWW/2000/10/swap/test/sparql/,temp/regex-query-001_dawg_test.out
loaded from file  0.205612897873
          Warning: Built-in uri matches "GHI" failed because:
             AttributeError: 'Symbol' object has no attribute 'string' 
			result	pass
298 dawg-regex-002	regex-query-002	Case insensitive unanchored match test	http://www.w3.org/2001/sw/DataAccess/tests/data-r2/regex/regex-query-002.rq	Query
python ../../cwm.py http://www.w3.org/2001/sw/DataAccess/tests/data-r2/regex/regex-data-01.ttl --sparql=http://www.w3.org/2001/sw/DataAccess/tests/data-r2/regex/regex-query-002.rq --sparqlResults  > ///home/syosi/cvs-trunk/WWW/2000/10/swap/test/sparql/,temp/regex-query-002_dawg_test.out
loaded from file  0.172981023788
Traceback (most recent call last):
  File "../../cwm.py", line 746, in ?
    doCommand()
  File "../../cwm.py", line 563, in doCommand
    referer="", contentType="x-application/sparql")
  File "/home/syosi/cvs-trunk/WWW/2000/10/swap/llyn.py", line 1608, in load
    referer=referer, why=why)  
  File "/home/syosi/cvs-trunk/WWW/2000/10/swap/webAccess.py", line 196, in load
    F = p.parse(sparql_parser.start).close()
  File "/home/syosi/cvs-trunk/WWW/2000/10/swap/sparql/sparql_parser.py", line 100, in parse
    self.onFinish()
  File "/home/syosi/cvs-trunk/WWW/2000/10/swap/sparql/sparql_parser.py", line 112, in onFinish
    prod = self.sink.prod(self.productions.pop())
  File "/home/syosi/cvs-trunk/WWW/2000/10/swap/sparql2cwm.py", line 397, in prod
    return getattr(self, 'on_' + abbr(production[0]))(production)
  File "/home/syosi/cvs-trunk/WWW/2000/10/swap/sparql2cwm.py", line 1317, in on_Constraint
    val = AST(p[2], FilterExpr(self.store, self)).run()
  File "/home/syosi/cvs-trunk/WWW/2000/10/swap/sparql2cwm.py", line 352, in run
    k = self.onFinish()
  File "/home/syosi/cvs-trunk/WWW/2000/10/swap/sparql2cwm.py", line 378, in onFinish
    prod = self.sink.prod(k)
  File "/home/syosi/cvs-trunk/WWW/2000/10/swap/sparql2cwm.py", line 397, in prod
    return getattr(self, 'on_' + abbr(production[0]))(production)
  File "/home/syosi/cvs-trunk/WWW/2000/10/swap/sparql2cwm.py", line 479, in on_Regex
    raise NotImplementedError('I don\'t know how to deal with flags. The flag is: %r' % p[3][1])
NotImplementedError: I don't know how to deal with flags. The flag is: "i"
			result	fail
299 dawg-regex-003	regex-query-003	Use/mention test	http://www.w3.org/2001/sw/DataAccess/tests/data-r2/regex/regex-query-003.rq	Query
python ../../cwm.py http://www.w3.org/2001/sw/DataAccess/tests/data-r2/regex/regex-data-01.ttl --sparql=http://www.w3.org/2001/sw/DataAccess/tests/data-r2/regex/regex-query-003.rq --sparqlResults  > ///home/syosi/cvs-trunk/WWW/2000/10/swap/test/sparql/,temp/regex-query-003_dawg_test.out
loaded from file  0.172435045242
          Warning: Built-in uri matches "exam....com" failed because:
             AttributeError: 'Symbol' object has no attribute 'string' 
			result	pass
300 dawg-regex-004	regex-query-004	str()+URI test	http://www.w3.org/2001/sw/DataAccess/tests/data-r2/regex/regex-query-004.rq	Query
python ../../cwm.py http://www.w3.org/2001/sw/DataAccess/tests/data-r2/regex/regex-data-01.ttl --sparql=http://www.w3.org/2001/sw/DataAccess/tests/data-r2/regex/regex-query-004.rq --sparqlResults  > ///home/syosi/cvs-trunk/WWW/2000/10/swap/test/sparql/,temp/regex-query-004_dawg_test.out
loaded from file  0.170753002167
- __:c0 <http://www.w3.org/2001/sw/DataAccess/tests/result-set#resultVariable> "val".
- __:c0 <http://www.w3.org/2001/sw/DataAccess/tests/result-set#solution> __:c3.
- __:c0 <http://www.w3.org/2001/sw/DataAccess/tests/result-set#solution> __:c4.
- __:c1 <http://www.w3.org/2001/sw/DataAccess/tests/result-set#value> "http://example.com/literal".
- __:c1 <http://www.w3.org/2001/sw/DataAccess/tests/result-set#variable> "val".
- __:c2 <http://www.w3.org/2001/sw/DataAccess/tests/result-set#value> <http://example.com/uri>.
- __:c2 <http://www.w3.org/2001/sw/DataAccess/tests/result-set#variable> "val".
- __:c3 <http://www.w3.org/2001/sw/DataAccess/tests/result-set#binding> __:c1.
- __:c4 <http://www.w3.org/2001/sw/DataAccess/tests/result-set#binding> __:c2.
			result	fail
301 dawg-sort-1	sort-1	Alphabetic sort (ascending) on untyped literals	http://www.w3.org/2001/sw/DataAccess/tests/data-r2/sort/query-sort-1.rq	Query
python ../../cwm.py http://www.w3.org/2001/sw/DataAccess/tests/data-r2/sort/data-sort-1.ttl --sparql=http://www.w3.org/2001/sw/DataAccess/tests/data-r2/sort/query-sort-1.rq --sparqlResults  > ///home/syosi/cvs-trunk/WWW/2000/10/swap/test/sparql/,temp/sort-1_dawg_test.out
loaded from file  0.181241035461
Traceback (most recent call last):
  File "../../cwm.py", line 746, in ?
    doCommand()
  File "../../cwm.py", line 563, in doCommand
    referer="", contentType="x-application/sparql")
  File "/home/syosi/cvs-trunk/WWW/2000/10/swap/llyn.py", line 1608, in load
    referer=referer, why=why)  
  File "/home/syosi/cvs-trunk/WWW/2000/10/swap/webAccess.py", line 196, in load
    F = p.parse(sparql_parser.start).close()
  File "/home/syosi/cvs-trunk/WWW/2000/10/swap/sparql/sparql_parser.py", line 100, in parse
    self.onFinish()
  File "/home/syosi/cvs-trunk/WWW/2000/10/swap/sparql/sparql_parser.py", line 112, in onFinish
    prod = self.sink.prod(self.productions.pop())
  File "/home/syosi/cvs-trunk/WWW/2000/10/swap/sparql2cwm.py", line 397, in prod
    return getattr(self, 'on_' + abbr(production[0]))(production)
  File "/home/syosi/cvs-trunk/WWW/2000/10/swap/sparql2cwm.py", line 723, in on_SelectQuery
    raise NotImplementedError('Cwm does not support output modifiers yet')
NotImplementedError: Cwm does not support output modifiers yet
			result	fail
302 dawg-sort-2	sort-2	Alphabetic sort (descending) on untyped literals	http://www.w3.org/2001/sw/DataAccess/tests/data-r2/sort/query-sort-2.rq	Query
python ../../cwm.py http://www.w3.org/2001/sw/DataAccess/tests/data-r2/sort/data-sort-1.ttl --sparql=http://www.w3.org/2001/sw/DataAccess/tests/data-r2/sort/query-sort-2.rq --sparqlResults  > ///home/syosi/cvs-trunk/WWW/2000/10/swap/test/sparql/,temp/sort-2_dawg_test.out
loaded from file  0.18213891983
Traceback (most recent call last):
  File "../../cwm.py", line 746, in ?
    doCommand()
  File "../../cwm.py", line 563, in doCommand
    referer="", contentType="x-application/sparql")
  File "/home/syosi/cvs-trunk/WWW/2000/10/swap/llyn.py", line 1608, in load
    referer=referer, why=why)  
  File "/home/syosi/cvs-trunk/WWW/2000/10/swap/webAccess.py", line 196, in load
    F = p.parse(sparql_parser.start).close()
  File "/home/syosi/cvs-trunk/WWW/2000/10/swap/sparql/sparql_parser.py", line 100, in parse
    self.onFinish()
  File "/home/syosi/cvs-trunk/WWW/2000/10/swap/sparql/sparql_parser.py", line 112, in onFinish
    prod = self.sink.prod(self.productions.pop())
  File "/home/syosi/cvs-trunk/WWW/2000/10/swap/sparql2cwm.py", line 397, in prod
    return getattr(self, 'on_' + abbr(production[0]))(production)
  File "/home/syosi/cvs-trunk/WWW/2000/10/swap/sparql2cwm.py", line 723, in on_SelectQuery
    raise NotImplementedError('Cwm does not support output modifiers yet')
NotImplementedError: Cwm does not support output modifiers yet
			result	fail
303 dawg-sort-3	sort-3	Sort on (possibly unbound) URIs	http://www.w3.org/2001/sw/DataAccess/tests/data-r2/sort/query-sort-3.rq	Query
python ../../cwm.py http://www.w3.org/2001/sw/DataAccess/tests/data-r2/sort/data-sort-3.ttl --sparql=http://www.w3.org/2001/sw/DataAccess/tests/data-r2/sort/query-sort-3.rq --sparqlResults  > ///home/syosi/cvs-trunk/WWW/2000/10/swap/test/sparql/,temp/sort-3_dawg_test.out
loaded from file  0.222675085068
Traceback (most recent call last):
  File "../../cwm.py", line 746, in ?
    doCommand()
  File "../../cwm.py", line 563, in doCommand
    referer="", contentType="x-application/sparql")
  File "/home/syosi/cvs-trunk/WWW/2000/10/swap/llyn.py", line 1608, in load
    referer=referer, why=why)  
  File "/home/syosi/cvs-trunk/WWW/2000/10/swap/webAccess.py", line 196, in load
    F = p.parse(sparql_parser.start).close()
  File "/home/syosi/cvs-trunk/WWW/2000/10/swap/sparql/sparql_parser.py", line 100, in parse
    self.onFinish()
  File "/home/syosi/cvs-trunk/WWW/2000/10/swap/sparql/sparql_parser.py", line 112, in onFinish
    prod = self.sink.prod(self.productions.pop())
  File "/home/syosi/cvs-trunk/WWW/2000/10/swap/sparql2cwm.py", line 397, in prod
    return getattr(self, 'on_' + abbr(production[0]))(production)
  File "/home/syosi/cvs-trunk/WWW/2000/10/swap/sparql2cwm.py", line 723, in on_SelectQuery
    raise NotImplementedError('Cwm does not support output modifiers yet')
NotImplementedError: Cwm does not support output modifiers yet
			result	fail
304 dawg-sort-4	sort-4	Sort on datatyped (integer) literals	http://www.w3.org/2001/sw/DataAccess/tests/data-r2/sort/query-sort-4.rq	Query
python ../../cwm.py http://www.w3.org/2001/sw/DataAccess/tests/data-r2/sort/data-sort-4.ttl --sparql=http://www.w3.org/2001/sw/DataAccess/tests/data-r2/sort/query-sort-4.rq --sparqlResults  > ///home/syosi/cvs-trunk/WWW/2000/10/swap/test/sparql/,temp/sort-4_dawg_test.out
loaded from file  0.22443819046
Traceback (most recent call last):
  File "../../cwm.py", line 746, in ?
    doCommand()
  File "../../cwm.py", line 563, in doCommand
    referer="", contentType="x-application/sparql")
  File "/home/syosi/cvs-trunk/WWW/2000/10/swap/llyn.py", line 1608, in load
    referer=referer, why=why)  
  File "/home/syosi/cvs-trunk/WWW/2000/10/swap/webAccess.py", line 196, in load
    F = p.parse(sparql_parser.start).close()
  File "/home/syosi/cvs-trunk/WWW/2000/10/swap/sparql/sparql_parser.py", line 100, in parse
    self.onFinish()
  File "/home/syosi/cvs-trunk/WWW/2000/10/swap/sparql/sparql_parser.py", line 112, in onFinish
    prod = self.sink.prod(self.productions.pop())
  File "/home/syosi/cvs-trunk/WWW/2000/10/swap/sparql2cwm.py", line 397, in prod
    return getattr(self, 'on_' + abbr(production[0]))(production)
  File "/home/syosi/cvs-trunk/WWW/2000/10/swap/sparql2cwm.py", line 723, in on_SelectQuery
    raise NotImplementedError('Cwm does not support output modifiers yet')
NotImplementedError: Cwm does not support output modifiers yet
			result	fail
305 dawg-sort-5	sort-5	Sort first on untyped literals (ascending), then on datatyped (integer) literals (descending	http://www.w3.org/2001/sw/DataAccess/tests/data-r2/sort/query-sort-5.rq	Query
python ../../cwm.py http://www.w3.org/2001/sw/DataAccess/tests/data-r2/sort/data-sort-4.ttl --sparql=http://www.w3.org/2001/sw/DataAccess/tests/data-r2/sort/query-sort-5.rq --sparqlResults  > ///home/syosi/cvs-trunk/WWW/2000/10/swap/test/sparql/,temp/sort-5_dawg_test.out
loaded from file  0.181926965714
Traceback (most recent call last):
  File "../../cwm.py", line 746, in ?
    doCommand()
  File "../../cwm.py", line 563, in doCommand
    referer="", contentType="x-application/sparql")
  File "/home/syosi/cvs-trunk/WWW/2000/10/swap/llyn.py", line 1608, in load
    referer=referer, why=why)  
  File "/home/syosi/cvs-trunk/WWW/2000/10/swap/webAccess.py", line 196, in load
    F = p.parse(sparql_parser.start).close()
  File "/home/syosi/cvs-trunk/WWW/2000/10/swap/sparql/sparql_parser.py", line 100, in parse
    self.onFinish()
  File "/home/syosi/cvs-trunk/WWW/2000/10/swap/sparql/sparql_parser.py", line 112, in onFinish
    prod = self.sink.prod(self.productions.pop())
  File "/home/syosi/cvs-trunk/WWW/2000/10/swap/sparql2cwm.py", line 397, in prod
    return getattr(self, 'on_' + abbr(production[0]))(production)
  File "/home/syosi/cvs-trunk/WWW/2000/10/swap/sparql2cwm.py", line 723, in on_SelectQuery
    raise NotImplementedError('Cwm does not support output modifiers yet')
NotImplementedError: Cwm does not support output modifiers yet
			result	fail
306 dawg-sort-6	sort-6	Sort on mixed result of uris and literals.	http://www.w3.org/2001/sw/DataAccess/tests/data-r2/sort/query-sort-6.rq	Query
python ../../cwm.py http://www.w3.org/2001/sw/DataAccess/tests/data-r2/sort/data-sort-6.ttl --sparql=http://www.w3.org/2001/sw/DataAccess/tests/data-r2/sort/query-sort-6.rq --sparqlResults  > ///home/syosi/cvs-trunk/WWW/2000/10/swap/test/sparql/,temp/sort-6_dawg_test.out
loaded from file  0.493894100189
Traceback (most recent call last):
  File "../../cwm.py", line 746, in ?
    doCommand()
  File "../../cwm.py", line 563, in doCommand
    referer="", contentType="x-application/sparql")
  File "/home/syosi/cvs-trunk/WWW/2000/10/swap/llyn.py", line 1608, in load
    referer=referer, why=why)  
  File "/home/syosi/cvs-trunk/WWW/2000/10/swap/webAccess.py", line 196, in load
    F = p.parse(sparql_parser.start).close()
  File "/home/syosi/cvs-trunk/WWW/2000/10/swap/sparql/sparql_parser.py", line 100, in parse
    self.onFinish()
  File "/home/syosi/cvs-trunk/WWW/2000/10/swap/sparql/sparql_parser.py", line 112, in onFinish
    prod = self.sink.prod(self.productions.pop())
  File "/home/syosi/cvs-trunk/WWW/2000/10/swap/sparql2cwm.py", line 397, in prod
    return getattr(self, 'on_' + abbr(production[0]))(production)
  File "/home/syosi/cvs-trunk/WWW/2000/10/swap/sparql2cwm.py", line 723, in on_SelectQuery
    raise NotImplementedError('Cwm does not support output modifiers yet')
NotImplementedError: Cwm does not support output modifiers yet
			result	fail
307 dawg-sort-7	sort-7	Sort on comparable mixed typed literals (integer and float)	http://www.w3.org/2001/sw/DataAccess/tests/data-r2/sort/query-sort-4.rq	Query
python ../../cwm.py http://www.w3.org/2001/sw/DataAccess/tests/data-r2/sort/data-sort-7.ttl --sparql=http://www.w3.org/2001/sw/DataAccess/tests/data-r2/sort/query-sort-4.rq --sparqlResults  > ///home/syosi/cvs-trunk/WWW/2000/10/swap/test/sparql/,temp/sort-7_dawg_test.out
loaded from file  0.173470973969
Traceback (most recent call last):
  File "../../cwm.py", line 746, in ?
    doCommand()
  File "../../cwm.py", line 563, in doCommand
    referer="", contentType="x-application/sparql")
  File "/home/syosi/cvs-trunk/WWW/2000/10/swap/llyn.py", line 1608, in load
    referer=referer, why=why)  
  File "/home/syosi/cvs-trunk/WWW/2000/10/swap/webAccess.py", line 196, in load
    F = p.parse(sparql_parser.start).close()
  File "/home/syosi/cvs-trunk/WWW/2000/10/swap/sparql/sparql_parser.py", line 100, in parse
    self.onFinish()
  File "/home/syosi/cvs-trunk/WWW/2000/10/swap/sparql/sparql_parser.py", line 112, in onFinish
    prod = self.sink.prod(self.productions.pop())
  File "/home/syosi/cvs-trunk/WWW/2000/10/swap/sparql2cwm.py", line 397, in prod
    return getattr(self, 'on_' + abbr(production[0]))(production)
  File "/home/syosi/cvs-trunk/WWW/2000/10/swap/sparql2cwm.py", line 723, in on_SelectQuery
    raise NotImplementedError('Cwm does not support output modifiers yet')
NotImplementedError: Cwm does not support output modifiers yet
			result	fail
308 dawg-sort-8	sort-8	Sort on several mixed values (bnode, uri, literal)	http://www.w3.org/2001/sw/DataAccess/tests/data-r2/sort/query-sort-4.rq	Query
python ../../cwm.py http://www.w3.org/2001/sw/DataAccess/tests/data-r2/sort/data-sort-8.ttl --sparql=http://www.w3.org/2001/sw/DataAccess/tests/data-r2/sort/query-sort-4.rq --sparqlResults  > ///home/syosi/cvs-trunk/WWW/2000/10/swap/test/sparql/,temp/sort-8_dawg_test.out
loaded from file  0.216534137726
Traceback (most recent call last):
  File "../../cwm.py", line 746, in ?
    doCommand()
  File "../../cwm.py", line 563, in doCommand
    referer="", contentType="x-application/sparql")
  File "/home/syosi/cvs-trunk/WWW/2000/10/swap/llyn.py", line 1608, in load
    referer=referer, why=why)  
  File "/home/syosi/cvs-trunk/WWW/2000/10/swap/webAccess.py", line 196, in load
    F = p.parse(sparql_parser.start).close()
  File "/home/syosi/cvs-trunk/WWW/2000/10/swap/sparql/sparql_parser.py", line 100, in parse
    self.onFinish()
  File "/home/syosi/cvs-trunk/WWW/2000/10/swap/sparql/sparql_parser.py", line 112, in onFinish
    prod = self.sink.prod(self.productions.pop())
  File "/home/syosi/cvs-trunk/WWW/2000/10/swap/sparql2cwm.py", line 397, in prod
    return getattr(self, 'on_' + abbr(production[0]))(production)
  File "/home/syosi/cvs-trunk/WWW/2000/10/swap/sparql2cwm.py", line 723, in on_SelectQuery
    raise NotImplementedError('Cwm does not support output modifiers yet')
NotImplementedError: Cwm does not support output modifiers yet
			result	fail
309 dawg-sort-9	sort-9	Alphabetic sort (ascending) on datatyped (string) literals	http://www.w3.org/2001/sw/DataAccess/tests/data-r2/sort/query-sort-9.rq	Query
python ../../cwm.py http://www.w3.org/2001/sw/DataAccess/tests/data-r2/sort/data-sort-9.ttl --sparql=http://www.w3.org/2001/sw/DataAccess/tests/data-r2/sort/query-sort-9.rq --sparqlResults  > ///home/syosi/cvs-trunk/WWW/2000/10/swap/test/sparql/,temp/sort-9_dawg_test.out
loaded from file  0.17492890358
Traceback (most recent call last):
  File "../../cwm.py", line 746, in ?
    doCommand()
  File "../../cwm.py", line 563, in doCommand
    referer="", contentType="x-application/sparql")
  File "/home/syosi/cvs-trunk/WWW/2000/10/swap/llyn.py", line 1608, in load
    referer=referer, why=why)  
  File "/home/syosi/cvs-trunk/WWW/2000/10/swap/webAccess.py", line 196, in load
    F = p.parse(sparql_parser.start).close()
  File "/home/syosi/cvs-trunk/WWW/2000/10/swap/sparql/sparql_parser.py", line 100, in parse
    self.onFinish()
  File "/home/syosi/cvs-trunk/WWW/2000/10/swap/sparql/sparql_parser.py", line 112, in onFinish
    prod = self.sink.prod(self.productions.pop())
  File "/home/syosi/cvs-trunk/WWW/2000/10/swap/sparql2cwm.py", line 397, in prod
    return getattr(self, 'on_' + abbr(production[0]))(production)
  File "/home/syosi/cvs-trunk/WWW/2000/10/swap/sparql2cwm.py", line 723, in on_SelectQuery
    raise NotImplementedError('Cwm does not support output modifiers yet')
NotImplementedError: Cwm does not support output modifiers yet
			result	fail
310 dawg-sort-10	sort-10	Alphabetic sort (descending) on datatyped (string) literals	http://www.w3.org/2001/sw/DataAccess/tests/data-r2/sort/query-sort-10.rq	Query
python ../../cwm.py http://www.w3.org/2001/sw/DataAccess/tests/data-r2/sort/data-sort-9.ttl --sparql=http://www.w3.org/2001/sw/DataAccess/tests/data-r2/sort/query-sort-10.rq --sparqlResults  > ///home/syosi/cvs-trunk/WWW/2000/10/swap/test/sparql/,temp/sort-10_dawg_test.out
loaded from file  0.187718868256
Traceback (most recent call last):
  File "../../cwm.py", line 746, in ?
    doCommand()
  File "../../cwm.py", line 563, in doCommand
    referer="", contentType="x-application/sparql")
  File "/home/syosi/cvs-trunk/WWW/2000/10/swap/llyn.py", line 1608, in load
    referer=referer, why=why)  
  File "/home/syosi/cvs-trunk/WWW/2000/10/swap/webAccess.py", line 196, in load
    F = p.parse(sparql_parser.start).close()
  File "/home/syosi/cvs-trunk/WWW/2000/10/swap/sparql/sparql_parser.py", line 100, in parse
    self.onFinish()
  File "/home/syosi/cvs-trunk/WWW/2000/10/swap/sparql/sparql_parser.py", line 112, in onFinish
    prod = self.sink.prod(self.productions.pop())
  File "/home/syosi/cvs-trunk/WWW/2000/10/swap/sparql2cwm.py", line 397, in prod
    return getattr(self, 'on_' + abbr(production[0]))(production)
  File "/home/syosi/cvs-trunk/WWW/2000/10/swap/sparql2cwm.py", line 723, in on_SelectQuery
    raise NotImplementedError('Cwm does not support output modifiers yet')
NotImplementedError: Cwm does not support output modifiers yet
			result	fail
311 dawg-sort-numbers	Expression sort	Sort by a bracketted expression	http://www.w3.org/2001/sw/DataAccess/tests/data-r2/sort/query-sort-numbers.rq	Query
python ../../cwm.py http://www.w3.org/2001/sw/DataAccess/tests/data-r2/sort/data-sort-numbers.ttl --sparql=http://www.w3.org/2001/sw/DataAccess/tests/data-r2/sort/query-sort-numbers.rq --sparqlResults  > ///home/syosi/cvs-trunk/WWW/2000/10/swap/test/sparql/,temp/Expression_sort_dawg_test.out
loaded from file  0.189905881882
Traceback (most recent call last):
  File "../../cwm.py", line 746, in ?
    doCommand()
  File "../../cwm.py", line 563, in doCommand
    referer="", contentType="x-application/sparql")
  File "/home/syosi/cvs-trunk/WWW/2000/10/swap/llyn.py", line 1608, in load
    referer=referer, why=why)  
  File "/home/syosi/cvs-trunk/WWW/2000/10/swap/webAccess.py", line 196, in load
    F = p.parse(sparql_parser.start).close()
  File "/home/syosi/cvs-trunk/WWW/2000/10/swap/sparql/sparql_parser.py", line 100, in parse
    self.onFinish()
  File "/home/syosi/cvs-trunk/WWW/2000/10/swap/sparql/sparql_parser.py", line 112, in onFinish
    prod = self.sink.prod(self.productions.pop())
  File "/home/syosi/cvs-trunk/WWW/2000/10/swap/sparql2cwm.py", line 397, in prod
    return getattr(self, 'on_' + abbr(production[0]))(production)
  File "/home/syosi/cvs-trunk/WWW/2000/10/swap/sparql2cwm.py", line 723, in on_SelectQuery
    raise NotImplementedError('Cwm does not support output modifiers yet')
NotImplementedError: Cwm does not support output modifiers yet
			result	fail
312 dawg-sort-builtin	Builtin sort	Sort by a builtin operator	http://www.w3.org/2001/sw/DataAccess/tests/data-r2/sort/query-sort-builtin.rq	Query
python ../../cwm.py http://www.w3.org/2001/sw/DataAccess/tests/data-r2/sort/data-sort-builtin.ttl --sparql=http://www.w3.org/2001/sw/DataAccess/tests/data-r2/sort/query-sort-builtin.rq --sparqlResults  > ///home/syosi/cvs-trunk/WWW/2000/10/swap/test/sparql/,temp/Builtin_sort_dawg_test.out
loaded from file  0.189524173737
prodBranch {u'http://www.w3.org/2000/10/swap/grammar/sparql#IT_DESC': ['http://www.w3.org/2000/10/swap/grammar/sparql#_O_QASC_E__Or__QDESC_E____QBrackettedExpression_E__C'], u'http://www.w3.org/2000/10/swap/grammar/sparql#QNAME': ['http://www.w3.org/2000/10/swap/grammar/sparql#_O_QFunctionCall_E__Or__QVar_E__Or__QBrackettedExpression_E__C'], u'http://www.w3.org/2000/10/swap/grammar/sparql#VAR2': ['http://www.w3.org/2000/10/swap/grammar/sparql#_O_QFunctionCall_E__Or__QVar_E__Or__QBrackettedExpression_E__C'], u'http://www.w3.org/2000/10/swap/grammar/sparql#QNAME_NS': ['http://www.w3.org/2000/10/swap/grammar/sparql#_O_QFunctionCall_E__Or__QVar_E__Or__QBrackettedExpression_E__C'], u'http://www.w3.org/2000/10/swap/grammar/sparql#VAR1': ['http://www.w3.org/2000/10/swap/grammar/sparql#_O_QFunctionCall_E__Or__QVar_E__Or__QBrackettedExpression_E__C'], u'http://www.w3.org/2000/10/swap/grammar/sparql#GT_LPAREN': ['http://www.w3.org/2000/10/swap/grammar/sparql#_O_QFunctionCall_E__Or__QVar_E__Or__QBrackettedExpression_E__C'], u'http://www.w3.org/2000/10/swap/grammar/sparql#IT_ASC': ['http://www.w3.org/2000/10/swap/grammar/sparql#_O_QASC_E__Or__QDESC_E____QBrackettedExpression_E__C'], u'http://www.w3.org/2000/10/swap/grammar/sparql#QuotedIRIref': ['http://www.w3.org/2000/10/swap/grammar/sparql#_O_QFunctionCall_E__Or__QVar_E__Or__QBrackettedExpression_E__C']}
Traceback (most recent call last):
  File "../../cwm.py", line 746, in ?
    doCommand()
  File "../../cwm.py", line 563, in doCommand
    referer="", contentType="x-application/sparql")
  File "/home/syosi/cvs-trunk/WWW/2000/10/swap/llyn.py", line 1608, in load
    referer=referer, why=why)  
  File "/home/syosi/cvs-trunk/WWW/2000/10/swap/webAccess.py", line 196, in load
    F = p.parse(sparql_parser.start).close()
  File "/home/syosi/cvs-trunk/WWW/2000/10/swap/sparql/sparql_parser.py", line 81, in parse
    raise Exception("Found %s when expecting a %s . todo_stack=%s" % (tok, todo_stack[-1][0], `todo_stack`))
Exception: Found (u'http://www.w3.org/2000/10/swap/grammar/sparql#IT_STR', u'str', 3) when expecting a http://www.w3.org/2000/10/swap/grammar/sparql#OrderCondition . todo_stack=[['http://www.w3.org/2000/10/swap/grammar/sparql#Query', ['http://www.w3.org/2000/10/swap/grammar/bnf#eof']], ['http://www.w3.org/2000/10/swap/grammar/sparql#_O_QSelectQuery_E__Or__QConstructQuery_E__Or__QDescribeQuery_E__Or__QAskQuery_E__C', []], ['http://www.w3.org/2000/10/swap/grammar/sparql#SelectQuery', []], ['http://www.w3.org/2000/10/swap/grammar/sparql#SolutionModifier', ['http://www.w3.org/2000/10/swap/grammar/sparql#_QLimitClause_E_Opt', 'http://www.w3.org/2000/10/swap/grammar/sparql#_QOffsetClause_E_Opt']], ['http://www.w3.org/2000/10/swap/grammar/sparql#_QOrderClause_E_Opt', []], ['http://www.w3.org/2000/10/swap/grammar/sparql#OrderClause', ['http://www.w3.org/2000/10/swap/grammar/sparql#_QOrderCondition_E_Plus']], ['http://www.w3.org/2000/10/swap/grammar/sparql#OrderCondition', []]]
			result	fail
313 dawg-sort-function	Function sort	Sort by function invocation	http://www.w3.org/2001/sw/DataAccess/tests/data-r2/sort/query-sort-function.rq	Query
python ../../cwm.py http://www.w3.org/2001/sw/DataAccess/tests/data-r2/sort/data-sort-function.ttl --sparql=http://www.w3.org/2001/sw/DataAccess/tests/data-r2/sort/query-sort-function.rq --sparqlResults  > ///home/syosi/cvs-trunk/WWW/2000/10/swap/test/sparql/,temp/Function_sort_dawg_test.out
loaded from file  0.366379976273
Traceback (most recent call last):
  File "../../cwm.py", line 746, in ?
    doCommand()
  File "../../cwm.py", line 563, in doCommand
    referer="", contentType="x-application/sparql")
  File "/home/syosi/cvs-trunk/WWW/2000/10/swap/llyn.py", line 1608, in load
    referer=referer, why=why)  
  File "/home/syosi/cvs-trunk/WWW/2000/10/swap/webAccess.py", line 196, in load
    F = p.parse(sparql_parser.start).close()
  File "/home/syosi/cvs-trunk/WWW/2000/10/swap/sparql/sparql_parser.py", line 100, in parse
    self.onFinish()
  File "/home/syosi/cvs-trunk/WWW/2000/10/swap/sparql/sparql_parser.py", line 112, in onFinish
    prod = self.sink.prod(self.productions.pop())
  File "/home/syosi/cvs-trunk/WWW/2000/10/swap/sparql2cwm.py", line 397, in prod
    return getattr(self, 'on_' + abbr(production[0]))(production)
  File "/home/syosi/cvs-trunk/WWW/2000/10/swap/sparql2cwm.py", line 723, in on_SelectQuery
    raise NotImplementedError('Cwm does not support output modifiers yet')
NotImplementedError: Cwm does not support output modifiers yet
			result	fail
314 dawg-triple-pattern-001	dawg-triple-pattern-001	Simple triple match	http://www.w3.org/2001/sw/DataAccess/tests/data-r2/triple-match/dawg-tp-01.rq	Query
python ../../cwm.py http://www.w3.org/2001/sw/DataAccess/tests/data-r2/triple-match/data-01.ttl --sparql=http://www.w3.org/2001/sw/DataAccess/tests/data-r2/triple-match/dawg-tp-01.rq --sparqlResults  > ///home/syosi/cvs-trunk/WWW/2000/10/swap/test/sparql/,temp/dawg-triple-pattern-001_dawg_test.out
loaded from file  0.254907846451
			result	pass
315 dawg-triple-pattern-002	dawg-triple-pattern-002	Simple triple match	http://www.w3.org/2001/sw/DataAccess/tests/data-r2/triple-match/dawg-tp-02.rq	Query
python ../../cwm.py http://www.w3.org/2001/sw/DataAccess/tests/data-r2/triple-match/data-01.ttl --sparql=http://www.w3.org/2001/sw/DataAccess/tests/data-r2/triple-match/dawg-tp-02.rq --sparqlResults  > ///home/syosi/cvs-trunk/WWW/2000/10/swap/test/sparql/,temp/dawg-triple-pattern-002_dawg_test.out
loaded from file  0.172691106796
			result	pass
316 dawg-triple-pattern-003	dawg-triple-pattern-003	Simple triple match - repeated variable	http://www.w3.org/2001/sw/DataAccess/tests/data-r2/triple-match/dawg-tp-03.rq	Query
python ../../cwm.py http://www.w3.org/2001/sw/DataAccess/tests/data-r2/triple-match/data-02.ttl --sparql=http://www.w3.org/2001/sw/DataAccess/tests/data-r2/triple-match/dawg-tp-03.rq --sparqlResults  > ///home/syosi/cvs-trunk/WWW/2000/10/swap/test/sparql/,temp/dawg-triple-pattern-003_dawg_test.out
loaded from file  0.2417781353
			result	pass
317 dawg-triple-pattern-004	dawg-triple-pattern-004	Simple triple match - two triples, common variable	http://www.w3.org/2001/sw/DataAccess/tests/data-r2/triple-match/dawg-tp-04.rq	Query
python ../../cwm.py http://www.w3.org/2001/sw/DataAccess/tests/data-r2/triple-match/dawg-data-01.ttl --sparql=http://www.w3.org/2001/sw/DataAccess/tests/data-r2/triple-match/dawg-tp-04.rq --sparqlResults  > ///home/syosi/cvs-trunk/WWW/2000/10/swap/test/sparql/,temp/dawg-triple-pattern-004_dawg_test.out
loaded from file  0.191815137863
			result	pass
318 type-promotion-01	tP-double-double	Positive test: product of type promotion within the xsd:decimal type tree.	http://www.w3.org/2001/sw/DataAccess/tests/data-r2/type-promotion/tP-double-double.rq	Query
python ../../cwm.py http://www.w3.org/2001/sw/DataAccess/tests/data-r2/type-promotion/tP.ttl --sparql=http://www.w3.org/2001/sw/DataAccess/tests/data-r2/type-promotion/tP-double-double.rq --sparqlResults  > ///home/syosi/cvs-trunk/WWW/2000/10/swap/test/sparql/,temp/tP-double-double_dawg_test.out
loaded from file  0.173444986343
			result	pass
319 type-promotion-02	tP-double-float	Positive test: product of type promotion within the xsd:decimal type tree.	http://www.w3.org/2001/sw/DataAccess/tests/data-r2/type-promotion/tP-double-float.rq	Query
python ../../cwm.py http://www.w3.org/2001/sw/DataAccess/tests/data-r2/type-promotion/tP.ttl --sparql=http://www.w3.org/2001/sw/DataAccess/tests/data-r2/type-promotion/tP-double-float.rq --sparqlResults  > ///home/syosi/cvs-trunk/WWW/2000/10/swap/test/sparql/,temp/tP-double-float_dawg_test.out
loaded from file  0.18963599205
			result	pass
320 type-promotion-03	tP-double-decimal	Positive test: product of type promotion within the xsd:decimal type tree.	http://www.w3.org/2001/sw/DataAccess/tests/data-r2/type-promotion/tP-double-decimal.rq	Query
python ../../cwm.py http://www.w3.org/2001/sw/DataAccess/tests/data-r2/type-promotion/tP.ttl --sparql=http://www.w3.org/2001/sw/DataAccess/tests/data-r2/type-promotion/tP-double-decimal.rq --sparqlResults  > ///home/syosi/cvs-trunk/WWW/2000/10/swap/test/sparql/,temp/tP-double-decimal_dawg_test.out
loaded from file  0.166627168655
			result	pass
321 type-promotion-04	tP-float-float	Positive test: product of type promotion within the xsd:decimal type tree.	http://www.w3.org/2001/sw/DataAccess/tests/data-r2/type-promotion/tP-float-float.rq	Query
python ../../cwm.py http://www.w3.org/2001/sw/DataAccess/tests/data-r2/type-promotion/tP.ttl --sparql=http://www.w3.org/2001/sw/DataAccess/tests/data-r2/type-promotion/tP-float-float.rq --sparqlResults  > ///home/syosi/cvs-trunk/WWW/2000/10/swap/test/sparql/,temp/tP-float-float_dawg_test.out
loaded from file  0.168080091476
- __:c0 <http://www.w3.org/2001/sw/DataAccess/tests/result-set#boolean> "true"^^<http://www.w3.org/2001/XMLSchema#boolean>.
+ __:c0 <http://www.w3.org/2001/sw/DataAccess/tests/result-set#boolean> "false"^^<http://www.w3.org/2001/XMLSchema#boolean>.
			result	fail
322 type-promotion-05	tP-float-decimal	Positive test: product of type promotion within the xsd:decimal type tree.	http://www.w3.org/2001/sw/DataAccess/tests/data-r2/type-promotion/tP-float-decimal.rq	Query
python ../../cwm.py http://www.w3.org/2001/sw/DataAccess/tests/data-r2/type-promotion/tP.ttl --sparql=http://www.w3.org/2001/sw/DataAccess/tests/data-r2/type-promotion/tP-float-decimal.rq --sparqlResults  > ///home/syosi/cvs-trunk/WWW/2000/10/swap/test/sparql/,temp/tP-float-decimal_dawg_test.out
loaded from file  0.170302867889
- __:c0 <http://www.w3.org/2001/sw/DataAccess/tests/result-set#boolean> "true"^^<http://www.w3.org/2001/XMLSchema#boolean>.
+ __:c0 <http://www.w3.org/2001/sw/DataAccess/tests/result-set#boolean> "false"^^<http://www.w3.org/2001/XMLSchema#boolean>.
			result	fail
323 type-promotion-06	tP-decimal-decimal	Positive test: product of type promotion within the xsd:decimal type tree.	http://www.w3.org/2001/sw/DataAccess/tests/data-r2/type-promotion/tP-decimal-decimal.rq	Query
python ../../cwm.py http://www.w3.org/2001/sw/DataAccess/tests/data-r2/type-promotion/tP.ttl --sparql=http://www.w3.org/2001/sw/DataAccess/tests/data-r2/type-promotion/tP-decimal-decimal.rq --sparqlResults  > ///home/syosi/cvs-trunk/WWW/2000/10/swap/test/sparql/,temp/tP-decimal-decimal_dawg_test.out
loaded from file  0.190609931946
			result	pass
324 type-promotion-07	tP-integer-short	Positive test: product of type promotion within the xsd:decimal type tree.	http://www.w3.org/2001/sw/DataAccess/tests/data-r2/type-promotion/tP-integer-short.rq	Query
python ../../cwm.py http://www.w3.org/2001/sw/DataAccess/tests/data-r2/type-promotion/tP.ttl --sparql=http://www.w3.org/2001/sw/DataAccess/tests/data-r2/type-promotion/tP-integer-short.rq --sparqlResults  > ///home/syosi/cvs-trunk/WWW/2000/10/swap/test/sparql/,temp/tP-integer-short_dawg_test.out
loaded from file  0.170047998428
			result	pass
325 type-promotion-08	tP-nonPositiveInteger-short	Positive test: product of type promotion within the xsd:decimal type tree.	http://www.w3.org/2001/sw/DataAccess/tests/data-r2/type-promotion/tP-nonPositiveInteger-short.rq	Query
python ../../cwm.py http://www.w3.org/2001/sw/DataAccess/tests/data-r2/type-promotion/tP.ttl --sparql=http://www.w3.org/2001/sw/DataAccess/tests/data-r2/type-promotion/tP-nonPositiveInteger-short.rq --sparqlResults  > ///home/syosi/cvs-trunk/WWW/2000/10/swap/test/sparql/,temp/tP-nonPositiveInteger-short_dawg_test.out
loaded from file  0.167971849442
			result	pass
326 type-promotion-09	tP-negativeInteger-short	Positive test: product of type promotion within the xsd:decimal type tree.	http://www.w3.org/2001/sw/DataAccess/tests/data-r2/type-promotion/tP-negativeInteger-short.rq	Query
python ../../cwm.py http://www.w3.org/2001/sw/DataAccess/tests/data-r2/type-promotion/tP.ttl --sparql=http://www.w3.org/2001/sw/DataAccess/tests/data-r2/type-promotion/tP-negativeInteger-short.rq --sparqlResults  > ///home/syosi/cvs-trunk/WWW/2000/10/swap/test/sparql/,temp/tP-negativeInteger-short_dawg_test.out
loaded from file  0.166380882263
			result	pass
327 type-promotion-10	tP-long-short	Positive test: product of type promotion within the xsd:decimal type tree.	http://www.w3.org/2001/sw/DataAccess/tests/data-r2/type-promotion/tP-long-short.rq	Query
python ../../cwm.py http://www.w3.org/2001/sw/DataAccess/tests/data-r2/type-promotion/tP.ttl --sparql=http://www.w3.org/2001/sw/DataAccess/tests/data-r2/type-promotion/tP-long-short.rq --sparqlResults  > ///home/syosi/cvs-trunk/WWW/2000/10/swap/test/sparql/,temp/tP-long-short_dawg_test.out
loaded from file  0.171283006668
			result	pass
328 type-promotion-11	tP-int-short	Positive test: product of type promotion within the xsd:decimal type tree.	http://www.w3.org/2001/sw/DataAccess/tests/data-r2/type-promotion/tP-int-short.rq	Query
python ../../cwm.py http://www.w3.org/2001/sw/DataAccess/tests/data-r2/type-promotion/tP.ttl --sparql=http://www.w3.org/2001/sw/DataAccess/tests/data-r2/type-promotion/tP-int-short.rq --sparqlResults  > ///home/syosi/cvs-trunk/WWW/2000/10/swap/test/sparql/,temp/tP-int-short_dawg_test.out
loaded from file  0.172934055328
			result	pass
329 type-promotion-12	tP-short-short	Positive test: product of type promotion within the xsd:decimal type tree.	http://www.w3.org/2001/sw/DataAccess/tests/data-r2/type-promotion/tP-short-short.rq	Query
python ../../cwm.py http://www.w3.org/2001/sw/DataAccess/tests/data-r2/type-promotion/tP.ttl --sparql=http://www.w3.org/2001/sw/DataAccess/tests/data-r2/type-promotion/tP-short-short.rq --sparqlResults  > ///home/syosi/cvs-trunk/WWW/2000/10/swap/test/sparql/,temp/tP-short-short_dawg_test.out
loaded from file  0.171411037445
			result	pass
330 type-promotion-13	tP-byte-short	Positive test: product of type promotion within the xsd:decimal type tree.	http://www.w3.org/2001/sw/DataAccess/tests/data-r2/type-promotion/tP-byte-short.rq	Query
python ../../cwm.py http://www.w3.org/2001/sw/DataAccess/tests/data-r2/type-promotion/tP.ttl --sparql=http://www.w3.org/2001/sw/DataAccess/tests/data-r2/type-promotion/tP-byte-short.rq --sparqlResults  > ///home/syosi/cvs-trunk/WWW/2000/10/swap/test/sparql/,temp/tP-byte-short_dawg_test.out
loaded from file  0.167764902115
			result	pass
331 type-promotion-14	tP-nonNegativeInteger-short	Positive test: product of type promotion within the xsd:decimal type tree.	http://www.w3.org/2001/sw/DataAccess/tests/data-r2/type-promotion/tP-nonNegativeInteger-short.rq	Query
python ../../cwm.py http://www.w3.org/2001/sw/DataAccess/tests/data-r2/type-promotion/tP.ttl --sparql=http://www.w3.org/2001/sw/DataAccess/tests/data-r2/type-promotion/tP-nonNegativeInteger-short.rq --sparqlResults  > ///home/syosi/cvs-trunk/WWW/2000/10/swap/test/sparql/,temp/tP-nonNegativeInteger-short_dawg_test.out
loaded from file  0.168565988541
			result	pass
332 type-promotion-15	tP-unsignedLong-short	Positive test: product of type promotion within the xsd:decimal type tree.	http://www.w3.org/2001/sw/DataAccess/tests/data-r2/type-promotion/tP-unsignedLong-short.rq	Query
python ../../cwm.py http://www.w3.org/2001/sw/DataAccess/tests/data-r2/type-promotion/tP.ttl --sparql=http://www.w3.org/2001/sw/DataAccess/tests/data-r2/type-promotion/tP-unsignedLong-short.rq --sparqlResults  > ///home/syosi/cvs-trunk/WWW/2000/10/swap/test/sparql/,temp/tP-unsignedLong-short_dawg_test.out
loaded from file  0.165840148926
			result	pass
333 type-promotion-16	tP-unsignedInt-short	Positive test: product of type promotion within the xsd:decimal type tree.	http://www.w3.org/2001/sw/DataAccess/tests/data-r2/type-promotion/tP-unsignedInt-short.rq	Query
python ../../cwm.py http://www.w3.org/2001/sw/DataAccess/tests/data-r2/type-promotion/tP.ttl --sparql=http://www.w3.org/2001/sw/DataAccess/tests/data-r2/type-promotion/tP-unsignedInt-short.rq --sparqlResults  > ///home/syosi/cvs-trunk/WWW/2000/10/swap/test/sparql/,temp/tP-unsignedInt-short_dawg_test.out
loaded from file  0.170217990875
			result	pass
334 type-promotion-17	tP-unsignedShort-short	Positive test: product of type promotion within the xsd:decimal type tree.	http://www.w3.org/2001/sw/DataAccess/tests/data-r2/type-promotion/tP-unsignedShort-short.rq	Query
python ../../cwm.py http://www.w3.org/2001/sw/DataAccess/tests/data-r2/type-promotion/tP.ttl --sparql=http://www.w3.org/2001/sw/DataAccess/tests/data-r2/type-promotion/tP-unsignedShort-short.rq --sparqlResults  > ///home/syosi/cvs-trunk/WWW/2000/10/swap/test/sparql/,temp/tP-unsignedShort-short_dawg_test.out
loaded from file  0.175457000732
			result	pass
335 type-promotion-18	tP-unsignedByte-short	Positive test: product of type promotion within the xsd:decimal type tree.	http://www.w3.org/2001/sw/DataAccess/tests/data-r2/type-promotion/tP-unsignedByte-short.rq	Query
python ../../cwm.py http://www.w3.org/2001/sw/DataAccess/tests/data-r2/type-promotion/tP.ttl --sparql=http://www.w3.org/2001/sw/DataAccess/tests/data-r2/type-promotion/tP-unsignedByte-short.rq --sparqlResults  > ///home/syosi/cvs-trunk/WWW/2000/10/swap/test/sparql/,temp/tP-unsignedByte-short_dawg_test.out
loaded from file  0.168710947037
			result	pass
336 type-promotion-19	tP-positiveInteger-short	Positive test: product of type promotion within the xsd:decimal type tree.	http://www.w3.org/2001/sw/DataAccess/tests/data-r2/type-promotion/tP-positiveInteger-short.rq	Query
python ../../cwm.py http://www.w3.org/2001/sw/DataAccess/tests/data-r2/type-promotion/tP.ttl --sparql=http://www.w3.org/2001/sw/DataAccess/tests/data-r2/type-promotion/tP-positiveInteger-short.rq --sparqlResults  > ///home/syosi/cvs-trunk/WWW/2000/10/swap/test/sparql/,temp/tP-positiveInteger-short_dawg_test.out
loaded from file  0.176597833633
			result	pass
337 type-promotion-20	tP-short-double	Positive test: product of type promotion within the xsd:decimal type tree.	http://www.w3.org/2001/sw/DataAccess/tests/data-r2/type-promotion/tP-short-double.rq	Query
python ../../cwm.py http://www.w3.org/2001/sw/DataAccess/tests/data-r2/type-promotion/tP.ttl --sparql=http://www.w3.org/2001/sw/DataAccess/tests/data-r2/type-promotion/tP-short-double.rq --sparqlResults  > ///home/syosi/cvs-trunk/WWW/2000/10/swap/test/sparql/,temp/tP-short-double_dawg_test.out
loaded from file  0.172060966492
			result	pass
338 type-promotion-21	tP-short-float	Positive test: product of type promotion within the xsd:decimal type tree.	http://www.w3.org/2001/sw/DataAccess/tests/data-r2/type-promotion/tP-short-float.rq	Query
python ../../cwm.py http://www.w3.org/2001/sw/DataAccess/tests/data-r2/type-promotion/tP.ttl --sparql=http://www.w3.org/2001/sw/DataAccess/tests/data-r2/type-promotion/tP-short-float.rq --sparqlResults  > ///home/syosi/cvs-trunk/WWW/2000/10/swap/test/sparql/,temp/tP-short-float_dawg_test.out
loaded from file  0.168015003204
- __:c0 <http://www.w3.org/2001/sw/DataAccess/tests/result-set#boolean> "true"^^<http://www.w3.org/2001/XMLSchema#boolean>.
+ __:c0 <http://www.w3.org/2001/sw/DataAccess/tests/result-set#boolean> "false"^^<http://www.w3.org/2001/XMLSchema#boolean>.
			result	fail
339 type-promotion-22	tP-short-decimal	Positive test: product of type promotion within the xsd:decimal type tree.	http://www.w3.org/2001/sw/DataAccess/tests/data-r2/type-promotion/tP-short-decimal.rq	Query
python ../../cwm.py http://www.w3.org/2001/sw/DataAccess/tests/data-r2/type-promotion/tP.ttl --sparql=http://www.w3.org/2001/sw/DataAccess/tests/data-r2/type-promotion/tP-short-decimal.rq --sparqlResults  > ///home/syosi/cvs-trunk/WWW/2000/10/swap/test/sparql/,temp/tP-short-decimal_dawg_test.out
loaded from file  0.317644834518
			result	pass
340 type-promotion-23	tP-short-short-fail	Positive test: product of type promotion within the xsd:decimal type tree.	http://www.w3.org/2001/sw/DataAccess/tests/data-r2/type-promotion/tP-short-short-fail.rq	Query
python ../../cwm.py http://www.w3.org/2001/sw/DataAccess/tests/data-r2/type-promotion/tP.ttl --sparql=http://www.w3.org/2001/sw/DataAccess/tests/data-r2/type-promotion/tP-short-short-fail.rq --sparqlResults  > ///home/syosi/cvs-trunk/WWW/2000/10/swap/test/sparql/,temp/tP-short-short-fail_dawg_test.out
loaded from file  0.166916131973
			result	pass
341 type-promotion-24	tP-byte-short-fail	Positive test: product of type promotion within the xsd:decimal type tree.	http://www.w3.org/2001/sw/DataAccess/tests/data-r2/type-promotion/tP-byte-short-fail.rq	Query
python ../../cwm.py http://www.w3.org/2001/sw/DataAccess/tests/data-r2/type-promotion/tP.ttl --sparql=http://www.w3.org/2001/sw/DataAccess/tests/data-r2/type-promotion/tP-byte-short-fail.rq --sparqlResults  > ///home/syosi/cvs-trunk/WWW/2000/10/swap/test/sparql/,temp/tP-byte-short-fail_dawg_test.out
loaded from file  0.353926897049
			result	pass
342 type-promotion-25	tP-short-long-fail	Positive test: product of type promotion within the xsd:decimal type tree.	http://www.w3.org/2001/sw/DataAccess/tests/data-r2/type-promotion/tP-short-long-fail.rq	Query
python ../../cwm.py http://www.w3.org/2001/sw/DataAccess/tests/data-r2/type-promotion/tP.ttl --sparql=http://www.w3.org/2001/sw/DataAccess/tests/data-r2/type-promotion/tP-short-long-fail.rq --sparqlResults  > ///home/syosi/cvs-trunk/WWW/2000/10/swap/test/sparql/,temp/tP-short-long-fail_dawg_test.out
loaded from file  0.209639072418
			result	pass
343 type-promotion-26	tP-short-int-fail	Positive test: product of type promotion within the xsd:decimal type tree.	http://www.w3.org/2001/sw/DataAccess/tests/data-r2/type-promotion/tP-short-int-fail.rq	Query
python ../../cwm.py http://www.w3.org/2001/sw/DataAccess/tests/data-r2/type-promotion/tP.ttl --sparql=http://www.w3.org/2001/sw/DataAccess/tests/data-r2/type-promotion/tP-short-int-fail.rq --sparqlResults  > ///home/syosi/cvs-trunk/WWW/2000/10/swap/test/sparql/,temp/tP-short-int-fail_dawg_test.out
loaded from file  0.181447029114
			result	pass
344 type-promotion-27	tP-short-byte-fail	Positive test: product of type promotion within the xsd:decimal type tree.	http://www.w3.org/2001/sw/DataAccess/tests/data-r2/type-promotion/tP-short-byte-fail.rq	Query
python ../../cwm.py http://www.w3.org/2001/sw/DataAccess/tests/data-r2/type-promotion/tP.ttl --sparql=http://www.w3.org/2001/sw/DataAccess/tests/data-r2/type-promotion/tP-short-byte-fail.rq --sparqlResults  > ///home/syosi/cvs-trunk/WWW/2000/10/swap/test/sparql/,temp/tP-short-byte-fail_dawg_test.out
loaded from file  0.171583890915
			result	pass
345 type-promotion-28	tP-double-float-fail	Positive test: product of type promotion within the xsd:decimal type tree.	http://www.w3.org/2001/sw/DataAccess/tests/data-r2/type-promotion/tP-double-float-fail.rq	Query
python ../../cwm.py http://www.w3.org/2001/sw/DataAccess/tests/data-r2/type-promotion/tP.ttl --sparql=http://www.w3.org/2001/sw/DataAccess/tests/data-r2/type-promotion/tP-double-float-fail.rq --sparqlResults  > ///home/syosi/cvs-trunk/WWW/2000/10/swap/test/sparql/,temp/tP-double-float-fail_dawg_test.out
loaded from file  0.176841974258
			result	pass
346 type-promotion-29	tP-double-decimal-fail	Positive test: product of type promotion within the xsd:decimal type tree.	http://www.w3.org/2001/sw/DataAccess/tests/data-r2/type-promotion/tP-double-decimal-fail.rq	Query
python ../../cwm.py http://www.w3.org/2001/sw/DataAccess/tests/data-r2/type-promotion/tP.ttl --sparql=http://www.w3.org/2001/sw/DataAccess/tests/data-r2/type-promotion/tP-double-decimal-fail.rq --sparqlResults  > ///home/syosi/cvs-trunk/WWW/2000/10/swap/test/sparql/,temp/tP-double-decimal-fail_dawg_test.out
loaded from file  0.211524009705
			result	pass
347 type-promotion-30	tP-float-decimal-fail	Positive test: product of type promotion within the xsd:decimal type tree.	http://www.w3.org/2001/sw/DataAccess/tests/data-r2/type-promotion/tP-float-decimal-fail.rq	Query
python ../../cwm.py http://www.w3.org/2001/sw/DataAccess/tests/data-r2/type-promotion/tP.ttl --sparql=http://www.w3.org/2001/sw/DataAccess/tests/data-r2/type-promotion/tP-float-decimal-fail.rq --sparqlResults  > ///home/syosi/cvs-trunk/WWW/2000/10/swap/test/sparql/,temp/tP-float-decimal-fail_dawg_test.out
loaded from file  0.173113822937
			result	pass
syosi@YOSI:~/SWAP/test/sparql$ ls
construct1-result.n3  dawg_log.txt     filter2.sparql	      long_statement.sparql~  query1_result.rl
construct.sparql      dawg_results.n3  filter3.sparql	      mixing_egl.n3	      sparql_builtin1.n3
construct.sparql~     dawg_tester.py   filter4.sparql	      mixing-egl-result.n3    sparql_builtin1.n3~
CVS		      detailed.tests   filter4.sparql~	      mixing_egl.rq	      sparql_tokens.py
cwm_results.n3	      detailed.tests~  filter6_data.n3	      nested.sparql	      SyntaxFull
data_construct1.n3    ,diffs	       filter6-result.n3      notIncludes1.sparql     ,temp
data.n3		      example.rq       filter6.sparql	      notIncludes2.sparql     test1.sparql
dataset1.n3	      example.rq~      filter7.sparql	      notIncludes3.sparql     test2.sparql
datatype.n3	      filter1.n3       filter7.sparql~	      notIncludes4_data.n3    union2.sparql
datatype.n3~	      filter1.n3~      lang.sparql	      notIncludes4-result.n3  union4.sparql
datatype-result.n3    filter1.sparql   lang.sparql~	      notIncludes4.sparql     union.sparql
datatype.sparql       filter1.sparql~  lit.n3		      optional1-result.n3
datatype.sparql~      filter2.n3       lit.n3~		      optional_data.n3
dawg		      filter2.n3~      long_statement.sparql  optional.sparql
syosi@YOSI:~/SWAP/test/sparql$ cvs log dawg_
dawg_log.txt     dawg_results.n3  dawg_tester.py   
syosi@YOSI:~/SWAP/test/sparql$ cvs log dawg_results.n3 

RCS file: /w3ccvs/WWW/2000/10/swap/test/sparql/dawg_results.n3,v
Working file: dawg_results.n3
head: 1.2
branch:
locks: strict
access list:
symbolic names:
keyword substitution: kv
total revisions: 2;	selected revisions: 2
description:
----------------------------
revision 1.2
date: 2007/08/21 15:39:54;  author: syosi;  state: Exp;  lines: +2091 -93
more stable version of query
----------------------------
revision 1.1
date: 2007/08/09 14:08:39;  author: syosi;  state: Exp;
add dawg test results
=============================================================================
syosi@YOSI:~/SWAP/test/sparql$ cvs log [K[K[K[K[K[K[K[Kls
construct1-result.n3  dawg_log.txt     filter2.sparql	      long_statement.sparql~  query1_result.rl
construct.sparql      dawg_results.n3  filter3.sparql	      mixing_egl.n3	      sparql_builtin1.n3
construct.sparql~     dawg_tester.py   filter4.sparql	      mixing-egl-result.n3    sparql_builtin1.n3~
CVS		      detailed.tests   filter4.sparql~	      mixing_egl.rq	      sparql_tokens.py
cwm_results.n3	      detailed.tests~  filter6_data.n3	      nested.sparql	      SyntaxFull
data_construct1.n3    ,diffs	       filter6-result.n3      notIncludes1.sparql     ,temp
data.n3		      example.rq       filter6.sparql	      notIncludes2.sparql     test1.sparql
dataset1.n3	      example.rq~      filter7.sparql	      notIncludes3.sparql     test2.sparql
datatype.n3	      filter1.n3       filter7.sparql~	      notIncludes4_data.n3    union2.sparql
datatype.n3~	      filter1.n3~      lang.sparql	      notIncludes4-result.n3  union4.sparql
datatype-result.n3    filter1.sparql   lang.sparql~	      notIncludes4.sparql     union.sparql
datatype.sparql       filter1.sparql~  lit.n3		      optional1-result.n3
datatype.sparql~      filter2.n3       lit.n3~		      optional_data.n3
dawg		      filter2.n3~      long_statement.sparql  optional.sparql
syosi@YOSI:~/SWAP/test/sparql$ cvs [K[K[K[Kless [K[K[K[K[Kexit

Script done on Thu 23 Aug 2007 02:00:58 PM EDT
